<?xml version="1.0" encoding="UTF-8"?>
<!-- Generated by org.testng.reporters.JUnitReportReporter -->
<testsuite hostname="DESKTOP-89RDKF8" failures="0" tests="1757" name="com.jack.task2.Gibsondunn" time="7288.519" errors="0" timestamp="2023-02-24T01:56:45 BDT" skipped="0">
  <testcase classname="com.jack.task2.Gibsondunn" name="run" time="3.700"/>
  <system-out/>
  <testcase classname="com.jack.task2.Gibsondunn" name="run" time="4.138"/>
  <system-out/>
  <testcase classname="com.jack.task2.Gibsondunn" name="run" time="3.661"/>
  <system-out/>
  <testcase classname="com.jack.task2.Gibsondunn" name="run" time="3.615"/>
  <system-out/>
  <testcase classname="com.jack.task2.Gibsondunn" name="run" time="3.890"/>
  <system-out/>
  <testcase classname="com.jack.task2.Gibsondunn" name="run" time="3.824"/>
  <system-out/>
  <testcase classname="com.jack.task2.Gibsondunn" name="run" time="3.750"/>
  <system-out/>
  <testcase classname="com.jack.task2.Gibsondunn" name="run" time="3.676"/>
  <system-out/>
  <testcase classname="com.jack.task2.Gibsondunn" name="run" time="4.166"/>
  <system-out/>
  <testcase classname="com.jack.task2.Gibsondunn" name="run" time="3.880"/>
  <system-out/>
  <testcase classname="com.jack.task2.Gibsondunn" name="run" time="4.044"/>
  <system-out/>
  <testcase classname="com.jack.task2.Gibsondunn" name="run" time="4.222"/>
  <system-out/>
  <testcase classname="com.jack.task2.Gibsondunn" name="run" time="4.126"/>
  <system-out/>
  <testcase classname="com.jack.task2.Gibsondunn" name="run" time="3.945"/>
  <system-out/>
  <testcase classname="com.jack.task2.Gibsondunn" name="run" time="3.984"/>
  <system-out/>
  <testcase classname="com.jack.task2.Gibsondunn" name="run" time="3.905"/>
  <system-out/>
  <testcase classname="com.jack.task2.Gibsondunn" name="run" time="3.934"/>
  <system-out/>
  <testcase classname="com.jack.task2.Gibsondunn" name="run" time="4.826"/>
  <system-out/>
  <testcase classname="com.jack.task2.Gibsondunn" name="run" time="3.846"/>
  <system-out/>
  <testcase classname="com.jack.task2.Gibsondunn" name="run" time="4.251"/>
  <system-out/>
  <testcase classname="com.jack.task2.Gibsondunn" name="run" time="4.595"/>
  <system-out/>
  <testcase classname="com.jack.task2.Gibsondunn" name="run" time="4.145"/>
  <system-out/>
  <testcase classname="com.jack.task2.Gibsondunn" name="run" time="3.734"/>
  <system-out/>
  <testcase classname="com.jack.task2.Gibsondunn" name="run" time="4.148"/>
  <system-out/>
  <testcase classname="com.jack.task2.Gibsondunn" name="run" time="4.138"/>
  <system-out/>
  <testcase classname="com.jack.task2.Gibsondunn" name="run" time="4.203"/>
  <system-out/>
  <testcase classname="com.jack.task2.Gibsondunn" name="run" time="3.999"/>
  <system-out/>
  <testcase classname="com.jack.task2.Gibsondunn" name="run" time="3.932"/>
  <system-out/>
  <testcase classname="com.jack.task2.Gibsondunn" name="run" time="4.704"/>
  <system-out/>
  <testcase classname="com.jack.task2.Gibsondunn" name="run" time="5.189"/>
  <system-out/>
  <testcase classname="com.jack.task2.Gibsondunn" name="run" time="4.706"/>
  <system-out/>
  <testcase classname="com.jack.task2.Gibsondunn" name="run" time="3.571"/>
  <system-out/>
  <testcase classname="com.jack.task2.Gibsondunn" name="run" time="4.010"/>
  <system-out/>
  <testcase classname="com.jack.task2.Gibsondunn" name="run" time="4.353"/>
  <system-out/>
  <testcase classname="com.jack.task2.Gibsondunn" name="run" time="3.853"/>
  <system-out/>
  <testcase classname="com.jack.task2.Gibsondunn" name="run" time="3.773"/>
  <system-out/>
  <testcase classname="com.jack.task2.Gibsondunn" name="run" time="5.533"/>
  <system-out/>
  <testcase classname="com.jack.task2.Gibsondunn" name="run" time="4.131"/>
  <system-out/>
  <testcase classname="com.jack.task2.Gibsondunn" name="run" time="4.200"/>
  <system-out/>
  <testcase classname="com.jack.task2.Gibsondunn" name="run" time="3.600"/>
  <system-out/>
  <testcase classname="com.jack.task2.Gibsondunn" name="run" time="3.804"/>
  <system-out/>
  <testcase classname="com.jack.task2.Gibsondunn" name="run" time="3.710"/>
  <system-out/>
  <testcase classname="com.jack.task2.Gibsondunn" name="run" time="4.758"/>
  <system-out/>
  <testcase classname="com.jack.task2.Gibsondunn" name="run" time="4.121"/>
  <system-out/>
  <testcase classname="com.jack.task2.Gibsondunn" name="run" time="4.608"/>
  <system-out/>
  <testcase classname="com.jack.task2.Gibsondunn" name="run" time="3.952"/>
  <system-out/>
  <testcase classname="com.jack.task2.Gibsondunn" name="run" time="4.505"/>
  <system-out/>
  <testcase classname="com.jack.task2.Gibsondunn" name="run" time="3.678"/>
  <system-out/>
  <testcase classname="com.jack.task2.Gibsondunn" name="run" time="4.634"/>
  <system-out/>
  <testcase classname="com.jack.task2.Gibsondunn" name="run" time="4.152"/>
  <system-out/>
  <testcase classname="com.jack.task2.Gibsondunn" name="run" time="3.902"/>
  <system-out/>
  <testcase classname="com.jack.task2.Gibsondunn" name="run" time="4.221"/>
  <system-out/>
  <testcase classname="com.jack.task2.Gibsondunn" name="run" time="3.998"/>
  <system-out/>
  <testcase classname="com.jack.task2.Gibsondunn" name="run" time="3.627"/>
  <system-out/>
  <testcase classname="com.jack.task2.Gibsondunn" name="run" time="3.648"/>
  <system-out/>
  <testcase classname="com.jack.task2.Gibsondunn" name="run" time="3.869"/>
  <system-out/>
  <testcase classname="com.jack.task2.Gibsondunn" name="run" time="4.181"/>
  <system-out/>
  <testcase classname="com.jack.task2.Gibsondunn" name="run" time="4.320"/>
  <system-out/>
  <testcase classname="com.jack.task2.Gibsondunn" name="run" time="3.683"/>
  <system-out/>
  <testcase classname="com.jack.task2.Gibsondunn" name="run" time="4.313"/>
  <system-out/>
  <testcase classname="com.jack.task2.Gibsondunn" name="run" time="3.670"/>
  <system-out/>
  <testcase classname="com.jack.task2.Gibsondunn" name="run" time="3.730"/>
  <system-out/>
  <testcase classname="com.jack.task2.Gibsondunn" name="run" time="4.018"/>
  <system-out/>
  <testcase classname="com.jack.task2.Gibsondunn" name="run" time="4.173"/>
  <system-out/>
  <testcase classname="com.jack.task2.Gibsondunn" name="run" time="3.850"/>
  <system-out/>
  <testcase classname="com.jack.task2.Gibsondunn" name="run" time="5.181"/>
  <system-out/>
  <testcase classname="com.jack.task2.Gibsondunn" name="run" time="3.914"/>
  <system-out/>
  <testcase classname="com.jack.task2.Gibsondunn" name="run" time="4.248"/>
  <system-out/>
  <testcase classname="com.jack.task2.Gibsondunn" name="run" time="4.198"/>
  <system-out/>
  <testcase classname="com.jack.task2.Gibsondunn" name="run" time="4.463"/>
  <system-out/>
  <testcase classname="com.jack.task2.Gibsondunn" name="run" time="3.964"/>
  <system-out/>
  <testcase classname="com.jack.task2.Gibsondunn" name="run" time="4.015"/>
  <system-out/>
  <testcase classname="com.jack.task2.Gibsondunn" name="run" time="3.792"/>
  <system-out/>
  <testcase classname="com.jack.task2.Gibsondunn" name="run" time="3.728"/>
  <system-out/>
  <testcase classname="com.jack.task2.Gibsondunn" name="run" time="3.584"/>
  <system-out/>
  <testcase classname="com.jack.task2.Gibsondunn" name="run" time="4.306"/>
  <system-out/>
  <testcase classname="com.jack.task2.Gibsondunn" name="run" time="3.664"/>
  <system-out/>
  <testcase classname="com.jack.task2.Gibsondunn" name="run" time="3.489"/>
  <system-out/>
  <testcase classname="com.jack.task2.Gibsondunn" name="run" time="4.186"/>
  <system-out/>
  <testcase classname="com.jack.task2.Gibsondunn" name="run" time="3.738"/>
  <system-out/>
  <testcase classname="com.jack.task2.Gibsondunn" name="run" time="3.530"/>
  <system-out/>
  <testcase classname="com.jack.task2.Gibsondunn" name="run" time="3.782"/>
  <system-out/>
  <testcase classname="com.jack.task2.Gibsondunn" name="run" time="3.693"/>
  <system-out/>
  <testcase classname="com.jack.task2.Gibsondunn" name="run" time="4.698"/>
  <system-out/>
  <testcase classname="com.jack.task2.Gibsondunn" name="run" time="4.222"/>
  <system-out/>
  <testcase classname="com.jack.task2.Gibsondunn" name="run" time="5.889"/>
  <system-out/>
  <testcase classname="com.jack.task2.Gibsondunn" name="run" time="4.016"/>
  <system-out/>
  <testcase classname="com.jack.task2.Gibsondunn" name="run" time="4.003"/>
  <system-out/>
  <testcase classname="com.jack.task2.Gibsondunn" name="run" time="3.716"/>
  <system-out/>
  <testcase classname="com.jack.task2.Gibsondunn" name="run" time="4.531"/>
  <system-out/>
  <testcase classname="com.jack.task2.Gibsondunn" name="run" time="4.809"/>
  <system-out/>
  <testcase classname="com.jack.task2.Gibsondunn" name="run" time="4.755"/>
  <system-out/>
  <testcase classname="com.jack.task2.Gibsondunn" name="run" time="4.447"/>
  <system-out/>
  <testcase classname="com.jack.task2.Gibsondunn" name="run" time="4.629"/>
  <system-out/>
  <testcase classname="com.jack.task2.Gibsondunn" name="run" time="3.736"/>
  <system-out/>
  <testcase classname="com.jack.task2.Gibsondunn" name="run" time="3.949"/>
  <system-out/>
  <testcase classname="com.jack.task2.Gibsondunn" name="run" time="6.263"/>
  <system-out/>
  <testcase classname="com.jack.task2.Gibsondunn" name="run" time="4.239"/>
  <system-out/>
  <testcase classname="com.jack.task2.Gibsondunn" name="run" time="3.729"/>
  <system-out/>
  <testcase classname="com.jack.task2.Gibsondunn" name="run" time="3.965"/>
  <system-out/>
  <testcase classname="com.jack.task2.Gibsondunn" name="run" time="3.984"/>
  <system-out/>
  <testcase classname="com.jack.task2.Gibsondunn" name="run" time="3.655"/>
  <system-out/>
  <testcase classname="com.jack.task2.Gibsondunn" name="run" time="3.939"/>
  <system-out/>
  <testcase classname="com.jack.task2.Gibsondunn" name="run" time="4.401"/>
  <system-out/>
  <testcase classname="com.jack.task2.Gibsondunn" name="run" time="5.862"/>
  <system-out/>
  <testcase classname="com.jack.task2.Gibsondunn" name="run" time="4.422"/>
  <system-out/>
  <testcase classname="com.jack.task2.Gibsondunn" name="run" time="4.294"/>
  <system-out/>
  <testcase classname="com.jack.task2.Gibsondunn" name="run" time="4.273"/>
  <system-out/>
  <testcase classname="com.jack.task2.Gibsondunn" name="run" time="4.047"/>
  <system-out/>
  <testcase classname="com.jack.task2.Gibsondunn" name="run" time="4.214"/>
  <system-out/>
  <testcase classname="com.jack.task2.Gibsondunn" name="run" time="4.041"/>
  <system-out/>
  <testcase classname="com.jack.task2.Gibsondunn" name="run" time="3.699"/>
  <system-out/>
  <testcase classname="com.jack.task2.Gibsondunn" name="run" time="3.649"/>
  <system-out/>
  <testcase classname="com.jack.task2.Gibsondunn" name="run" time="7.927"/>
  <system-out/>
  <testcase classname="com.jack.task2.Gibsondunn" name="run" time="3.739"/>
  <system-out/>
  <testcase classname="com.jack.task2.Gibsondunn" name="run" time="4.578"/>
  <system-out/>
  <testcase classname="com.jack.task2.Gibsondunn" name="run" time="4.395"/>
  <system-out/>
  <testcase classname="com.jack.task2.Gibsondunn" name="run" time="5.089"/>
  <system-out/>
  <testcase classname="com.jack.task2.Gibsondunn" name="run" time="3.894"/>
  <system-out/>
  <testcase classname="com.jack.task2.Gibsondunn" name="run" time="3.597"/>
  <system-out/>
  <testcase classname="com.jack.task2.Gibsondunn" name="run" time="3.971"/>
  <system-out/>
  <testcase classname="com.jack.task2.Gibsondunn" name="run" time="3.711"/>
  <system-out/>
  <testcase classname="com.jack.task2.Gibsondunn" name="run" time="4.848"/>
  <system-out/>
  <testcase classname="com.jack.task2.Gibsondunn" name="run" time="4.466"/>
  <system-out/>
  <testcase classname="com.jack.task2.Gibsondunn" name="run" time="4.231"/>
  <system-out/>
  <testcase classname="com.jack.task2.Gibsondunn" name="run" time="4.612"/>
  <system-out/>
  <testcase classname="com.jack.task2.Gibsondunn" name="run" time="4.519"/>
  <system-out/>
  <testcase classname="com.jack.task2.Gibsondunn" name="run" time="3.968"/>
  <system-out/>
  <testcase classname="com.jack.task2.Gibsondunn" name="run" time="4.017"/>
  <system-out/>
  <testcase classname="com.jack.task2.Gibsondunn" name="run" time="4.065"/>
  <system-out/>
  <testcase classname="com.jack.task2.Gibsondunn" name="run" time="3.909"/>
  <system-out/>
  <testcase classname="com.jack.task2.Gibsondunn" name="run" time="4.292"/>
  <system-out/>
  <testcase classname="com.jack.task2.Gibsondunn" name="run" time="5.503"/>
  <system-out/>
  <testcase classname="com.jack.task2.Gibsondunn" name="run" time="4.426"/>
  <system-out/>
  <testcase classname="com.jack.task2.Gibsondunn" name="run" time="4.213"/>
  <system-out/>
  <testcase classname="com.jack.task2.Gibsondunn" name="run" time="4.032"/>
  <system-out/>
  <testcase classname="com.jack.task2.Gibsondunn" name="run" time="4.501"/>
  <system-out/>
  <testcase classname="com.jack.task2.Gibsondunn" name="run" time="3.890"/>
  <system-out/>
  <testcase classname="com.jack.task2.Gibsondunn" name="run" time="4.124"/>
  <system-out/>
  <testcase classname="com.jack.task2.Gibsondunn" name="run" time="4.261"/>
  <system-out/>
  <testcase classname="com.jack.task2.Gibsondunn" name="run" time="3.625"/>
  <system-out/>
  <testcase classname="com.jack.task2.Gibsondunn" name="run" time="4.101"/>
  <system-out/>
  <testcase classname="com.jack.task2.Gibsondunn" name="run" time="3.835"/>
  <system-out/>
  <testcase classname="com.jack.task2.Gibsondunn" name="run" time="4.338"/>
  <system-out/>
  <testcase classname="com.jack.task2.Gibsondunn" name="run" time="4.170"/>
  <system-out/>
  <testcase classname="com.jack.task2.Gibsondunn" name="run" time="3.914"/>
  <system-out/>
  <testcase classname="com.jack.task2.Gibsondunn" name="run" time="3.737"/>
  <system-out/>
  <testcase classname="com.jack.task2.Gibsondunn" name="run" time="4.322"/>
  <system-out/>
  <testcase classname="com.jack.task2.Gibsondunn" name="run" time="4.261"/>
  <system-out/>
  <testcase classname="com.jack.task2.Gibsondunn" name="run" time="4.135"/>
  <system-out/>
  <testcase classname="com.jack.task2.Gibsondunn" name="run" time="5.500"/>
  <system-out/>
  <testcase classname="com.jack.task2.Gibsondunn" name="run" time="3.996"/>
  <system-out/>
  <testcase classname="com.jack.task2.Gibsondunn" name="run" time="3.753"/>
  <system-out/>
  <testcase classname="com.jack.task2.Gibsondunn" name="run" time="4.781"/>
  <system-out/>
  <testcase classname="com.jack.task2.Gibsondunn" name="run" time="4.397"/>
  <system-out/>
  <testcase classname="com.jack.task2.Gibsondunn" name="run" time="3.960"/>
  <system-out/>
  <testcase classname="com.jack.task2.Gibsondunn" name="run" time="4.276"/>
  <system-out/>
  <testcase classname="com.jack.task2.Gibsondunn" name="run" time="3.947"/>
  <system-out/>
  <testcase classname="com.jack.task2.Gibsondunn" name="run" time="4.474"/>
  <system-out/>
  <testcase classname="com.jack.task2.Gibsondunn" name="run" time="4.185"/>
  <system-out/>
  <testcase classname="com.jack.task2.Gibsondunn" name="run" time="4.662"/>
  <system-out/>
  <testcase classname="com.jack.task2.Gibsondunn" name="run" time="4.945"/>
  <system-out/>
  <testcase classname="com.jack.task2.Gibsondunn" name="run" time="6.237"/>
  <system-out/>
  <testcase classname="com.jack.task2.Gibsondunn" name="run" time="4.187"/>
  <system-out/>
  <testcase classname="com.jack.task2.Gibsondunn" name="run" time="5.395"/>
  <system-out/>
  <testcase classname="com.jack.task2.Gibsondunn" name="run" time="3.644"/>
  <system-out/>
  <testcase classname="com.jack.task2.Gibsondunn" name="run" time="4.352"/>
  <system-out/>
  <testcase classname="com.jack.task2.Gibsondunn" name="run" time="4.021"/>
  <system-out/>
  <testcase classname="com.jack.task2.Gibsondunn" name="run" time="4.309"/>
  <system-out/>
  <testcase classname="com.jack.task2.Gibsondunn" name="run" time="3.696"/>
  <system-out/>
  <testcase classname="com.jack.task2.Gibsondunn" name="run" time="3.712"/>
  <system-out/>
  <testcase classname="com.jack.task2.Gibsondunn" name="run" time="4.105"/>
  <system-out/>
  <testcase classname="com.jack.task2.Gibsondunn" name="run" time="4.169"/>
  <system-out/>
  <testcase classname="com.jack.task2.Gibsondunn" name="run" time="3.765"/>
  <system-out/>
  <testcase classname="com.jack.task2.Gibsondunn" name="run" time="3.484"/>
  <system-out/>
  <testcase classname="com.jack.task2.Gibsondunn" name="run" time="4.012"/>
  <system-out/>
  <testcase classname="com.jack.task2.Gibsondunn" name="run" time="4.533"/>
  <system-out/>
  <testcase classname="com.jack.task2.Gibsondunn" name="run" time="3.934"/>
  <system-out/>
  <testcase classname="com.jack.task2.Gibsondunn" name="run" time="3.618"/>
  <system-out/>
  <testcase classname="com.jack.task2.Gibsondunn" name="run" time="4.039"/>
  <system-out/>
  <testcase classname="com.jack.task2.Gibsondunn" name="run" time="4.017"/>
  <system-out/>
  <testcase classname="com.jack.task2.Gibsondunn" name="run" time="4.298"/>
  <system-out/>
  <testcase classname="com.jack.task2.Gibsondunn" name="run" time="3.600"/>
  <system-out/>
  <testcase classname="com.jack.task2.Gibsondunn" name="run" time="3.927"/>
  <system-out/>
  <testcase classname="com.jack.task2.Gibsondunn" name="run" time="4.108"/>
  <system-out/>
  <testcase classname="com.jack.task2.Gibsondunn" name="run" time="3.750"/>
  <system-out/>
  <testcase classname="com.jack.task2.Gibsondunn" name="run" time="3.918"/>
  <system-out/>
  <testcase classname="com.jack.task2.Gibsondunn" name="run" time="6.579"/>
  <system-out/>
  <testcase classname="com.jack.task2.Gibsondunn" name="run" time="3.938"/>
  <system-out/>
  <testcase classname="com.jack.task2.Gibsondunn" name="run" time="4.286"/>
  <system-out/>
  <testcase classname="com.jack.task2.Gibsondunn" name="run" time="4.821"/>
  <system-out/>
  <testcase classname="com.jack.task2.Gibsondunn" name="run" time="4.159"/>
  <system-out/>
  <testcase classname="com.jack.task2.Gibsondunn" name="run" time="4.278"/>
  <system-out/>
  <testcase classname="com.jack.task2.Gibsondunn" name="run" time="3.900"/>
  <system-out/>
  <testcase classname="com.jack.task2.Gibsondunn" name="run" time="4.091"/>
  <system-out/>
  <testcase classname="com.jack.task2.Gibsondunn" name="run" time="4.165"/>
  <system-out/>
  <testcase classname="com.jack.task2.Gibsondunn" name="run" time="4.403"/>
  <system-out/>
  <testcase classname="com.jack.task2.Gibsondunn" name="run" time="4.029"/>
  <system-out/>
  <testcase classname="com.jack.task2.Gibsondunn" name="run" time="4.173"/>
  <system-out/>
  <testcase classname="com.jack.task2.Gibsondunn" name="run" time="3.653"/>
  <system-out/>
  <testcase classname="com.jack.task2.Gibsondunn" name="run" time="3.683"/>
  <system-out/>
  <testcase classname="com.jack.task2.Gibsondunn" name="run" time="3.663"/>
  <system-out/>
  <testcase classname="com.jack.task2.Gibsondunn" name="run" time="3.758"/>
  <system-out/>
  <testcase classname="com.jack.task2.Gibsondunn" name="run" time="3.635"/>
  <system-out/>
  <testcase classname="com.jack.task2.Gibsondunn" name="run" time="3.746"/>
  <system-out/>
  <testcase classname="com.jack.task2.Gibsondunn" name="run" time="3.968"/>
  <system-out/>
  <testcase classname="com.jack.task2.Gibsondunn" name="run" time="4.752"/>
  <system-out/>
  <testcase classname="com.jack.task2.Gibsondunn" name="run" time="3.743"/>
  <system-out/>
  <testcase classname="com.jack.task2.Gibsondunn" name="run" time="3.875"/>
  <system-out/>
  <testcase classname="com.jack.task2.Gibsondunn" name="run" time="3.952"/>
  <system-out/>
  <testcase classname="com.jack.task2.Gibsondunn" name="run" time="4.966"/>
  <system-out/>
  <testcase classname="com.jack.task2.Gibsondunn" name="run" time="4.777"/>
  <system-out/>
  <testcase classname="com.jack.task2.Gibsondunn" name="run" time="3.678"/>
  <system-out/>
  <testcase classname="com.jack.task2.Gibsondunn" name="run" time="5.421"/>
  <system-out/>
  <testcase classname="com.jack.task2.Gibsondunn" name="run" time="4.146"/>
  <system-out/>
  <testcase classname="com.jack.task2.Gibsondunn" name="run" time="3.711"/>
  <system-out/>
  <testcase classname="com.jack.task2.Gibsondunn" name="run" time="4.011"/>
  <system-out/>
  <testcase classname="com.jack.task2.Gibsondunn" name="run" time="3.649"/>
  <system-out/>
  <testcase classname="com.jack.task2.Gibsondunn" name="run" time="4.341"/>
  <system-out/>
  <testcase classname="com.jack.task2.Gibsondunn" name="run" time="4.090"/>
  <system-out/>
  <testcase classname="com.jack.task2.Gibsondunn" name="run" time="4.164"/>
  <system-out/>
  <testcase classname="com.jack.task2.Gibsondunn" name="run" time="4.142"/>
  <system-out/>
  <testcase classname="com.jack.task2.Gibsondunn" name="run" time="3.671"/>
  <system-out/>
  <testcase classname="com.jack.task2.Gibsondunn" name="run" time="5.128"/>
  <system-out/>
  <testcase classname="com.jack.task2.Gibsondunn" name="run" time="4.249"/>
  <system-out/>
  <testcase classname="com.jack.task2.Gibsondunn" name="run" time="3.948"/>
  <system-out/>
  <testcase classname="com.jack.task2.Gibsondunn" name="run" time="4.201"/>
  <system-out/>
  <testcase classname="com.jack.task2.Gibsondunn" name="run" time="3.916"/>
  <system-out/>
  <testcase classname="com.jack.task2.Gibsondunn" name="run" time="4.155"/>
  <system-out/>
  <testcase classname="com.jack.task2.Gibsondunn" name="run" time="3.649"/>
  <system-out/>
  <testcase classname="com.jack.task2.Gibsondunn" name="run" time="3.783"/>
  <system-out/>
  <testcase classname="com.jack.task2.Gibsondunn" name="run" time="4.044"/>
  <system-out/>
  <testcase classname="com.jack.task2.Gibsondunn" name="run" time="4.142"/>
  <system-out/>
  <testcase classname="com.jack.task2.Gibsondunn" name="run" time="4.663"/>
  <system-out/>
  <testcase classname="com.jack.task2.Gibsondunn" name="run" time="3.741"/>
  <system-out/>
  <testcase classname="com.jack.task2.Gibsondunn" name="run" time="3.848"/>
  <system-out/>
  <testcase classname="com.jack.task2.Gibsondunn" name="run" time="3.902"/>
  <system-out/>
  <testcase classname="com.jack.task2.Gibsondunn" name="run" time="3.863"/>
  <system-out/>
  <testcase classname="com.jack.task2.Gibsondunn" name="run" time="3.924"/>
  <system-out/>
  <testcase classname="com.jack.task2.Gibsondunn" name="run" time="3.962"/>
  <system-out/>
  <testcase classname="com.jack.task2.Gibsondunn" name="run" time="4.017"/>
  <system-out/>
  <testcase classname="com.jack.task2.Gibsondunn" name="run" time="3.598"/>
  <system-out/>
  <testcase classname="com.jack.task2.Gibsondunn" name="run" time="4.419"/>
  <system-out/>
  <testcase classname="com.jack.task2.Gibsondunn" name="run" time="4.231"/>
  <system-out/>
  <testcase classname="com.jack.task2.Gibsondunn" name="run" time="3.932"/>
  <system-out/>
  <testcase classname="com.jack.task2.Gibsondunn" name="run" time="3.976"/>
  <system-out/>
  <testcase classname="com.jack.task2.Gibsondunn" name="run" time="4.297"/>
  <system-out/>
  <testcase classname="com.jack.task2.Gibsondunn" name="run" time="5.753"/>
  <system-out/>
  <testcase classname="com.jack.task2.Gibsondunn" name="run" time="3.588"/>
  <system-out/>
  <testcase classname="com.jack.task2.Gibsondunn" name="run" time="4.013"/>
  <system-out/>
  <testcase classname="com.jack.task2.Gibsondunn" name="run" time="3.958"/>
  <system-out/>
  <testcase classname="com.jack.task2.Gibsondunn" name="run" time="3.529"/>
  <system-out/>
  <testcase classname="com.jack.task2.Gibsondunn" name="run" time="3.977"/>
  <system-out/>
  <testcase classname="com.jack.task2.Gibsondunn" name="run" time="4.661"/>
  <system-out/>
  <testcase classname="com.jack.task2.Gibsondunn" name="run" time="3.851"/>
  <system-out/>
  <testcase classname="com.jack.task2.Gibsondunn" name="run" time="4.029"/>
  <system-out/>
  <testcase classname="com.jack.task2.Gibsondunn" name="run" time="5.147"/>
  <system-out/>
  <testcase classname="com.jack.task2.Gibsondunn" name="run" time="3.887"/>
  <system-out/>
  <testcase classname="com.jack.task2.Gibsondunn" name="run" time="3.963"/>
  <system-out/>
  <testcase classname="com.jack.task2.Gibsondunn" name="run" time="5.446"/>
  <system-out/>
  <testcase classname="com.jack.task2.Gibsondunn" name="run" time="3.677"/>
  <system-out/>
  <testcase classname="com.jack.task2.Gibsondunn" name="run" time="4.204"/>
  <system-out/>
  <testcase classname="com.jack.task2.Gibsondunn" name="run" time="3.896"/>
  <system-out/>
  <testcase classname="com.jack.task2.Gibsondunn" name="run" time="3.622"/>
  <system-out/>
  <testcase classname="com.jack.task2.Gibsondunn" name="run" time="4.463"/>
  <system-out/>
  <testcase classname="com.jack.task2.Gibsondunn" name="run" time="3.614"/>
  <system-out/>
  <testcase classname="com.jack.task2.Gibsondunn" name="run" time="3.896"/>
  <system-out/>
  <testcase classname="com.jack.task2.Gibsondunn" name="run" time="4.263"/>
  <system-out/>
  <testcase classname="com.jack.task2.Gibsondunn" name="run" time="3.944"/>
  <system-out/>
  <testcase classname="com.jack.task2.Gibsondunn" name="run" time="3.664"/>
  <system-out/>
  <testcase classname="com.jack.task2.Gibsondunn" name="run" time="4.927"/>
  <system-out/>
  <testcase classname="com.jack.task2.Gibsondunn" name="run" time="4.322"/>
  <system-out/>
  <testcase classname="com.jack.task2.Gibsondunn" name="run" time="4.263"/>
  <system-out/>
  <testcase classname="com.jack.task2.Gibsondunn" name="run" time="4.675"/>
  <system-out/>
  <testcase classname="com.jack.task2.Gibsondunn" name="run" time="3.981"/>
  <system-out/>
  <testcase classname="com.jack.task2.Gibsondunn" name="run" time="4.701"/>
  <system-out/>
  <testcase classname="com.jack.task2.Gibsondunn" name="run" time="3.778"/>
  <system-out/>
  <testcase classname="com.jack.task2.Gibsondunn" name="run" time="4.238"/>
  <system-out/>
  <testcase classname="com.jack.task2.Gibsondunn" name="run" time="4.912"/>
  <system-out/>
  <testcase classname="com.jack.task2.Gibsondunn" name="run" time="3.833"/>
  <system-out/>
  <testcase classname="com.jack.task2.Gibsondunn" name="run" time="4.470"/>
  <system-out/>
  <testcase classname="com.jack.task2.Gibsondunn" name="run" time="3.753"/>
  <system-out/>
  <testcase classname="com.jack.task2.Gibsondunn" name="run" time="4.327"/>
  <system-out/>
  <testcase classname="com.jack.task2.Gibsondunn" name="run" time="3.666"/>
  <system-out/>
  <testcase classname="com.jack.task2.Gibsondunn" name="run" time="3.905"/>
  <system-out/>
  <testcase classname="com.jack.task2.Gibsondunn" name="run" time="3.545"/>
  <system-out/>
  <testcase classname="com.jack.task2.Gibsondunn" name="run" time="4.910"/>
  <system-out/>
  <testcase classname="com.jack.task2.Gibsondunn" name="run" time="6.156"/>
  <system-out/>
  <testcase classname="com.jack.task2.Gibsondunn" name="run" time="3.639"/>
  <system-out/>
  <testcase classname="com.jack.task2.Gibsondunn" name="run" time="4.243"/>
  <system-out/>
  <testcase classname="com.jack.task2.Gibsondunn" name="run" time="3.903"/>
  <system-out/>
  <testcase classname="com.jack.task2.Gibsondunn" name="run" time="4.155"/>
  <system-out/>
  <testcase classname="com.jack.task2.Gibsondunn" name="run" time="4.879"/>
  <system-out/>
  <testcase classname="com.jack.task2.Gibsondunn" name="run" time="5.162"/>
  <system-out/>
  <testcase classname="com.jack.task2.Gibsondunn" name="run" time="3.957"/>
  <system-out/>
  <testcase classname="com.jack.task2.Gibsondunn" name="run" time="5.363"/>
  <system-out/>
  <testcase classname="com.jack.task2.Gibsondunn" name="run" time="3.936"/>
  <system-out/>
  <testcase classname="com.jack.task2.Gibsondunn" name="run" time="3.915"/>
  <system-out/>
  <testcase classname="com.jack.task2.Gibsondunn" name="run" time="3.510"/>
  <system-out/>
  <testcase classname="com.jack.task2.Gibsondunn" name="run" time="3.868"/>
  <system-out/>
  <testcase classname="com.jack.task2.Gibsondunn" name="run" time="3.950"/>
  <system-out/>
  <testcase classname="com.jack.task2.Gibsondunn" name="run" time="3.738"/>
  <system-out/>
  <testcase classname="com.jack.task2.Gibsondunn" name="run" time="4.166"/>
  <system-out/>
  <testcase classname="com.jack.task2.Gibsondunn" name="run" time="3.884"/>
  <system-out/>
  <testcase classname="com.jack.task2.Gibsondunn" name="run" time="4.173"/>
  <system-out/>
  <testcase classname="com.jack.task2.Gibsondunn" name="run" time="3.896"/>
  <system-out/>
  <testcase classname="com.jack.task2.Gibsondunn" name="run" time="4.368"/>
  <system-out/>
  <testcase classname="com.jack.task2.Gibsondunn" name="run" time="3.737"/>
  <system-out/>
  <testcase classname="com.jack.task2.Gibsondunn" name="run" time="4.310"/>
  <system-out/>
  <testcase classname="com.jack.task2.Gibsondunn" name="run" time="3.914"/>
  <system-out/>
  <testcase classname="com.jack.task2.Gibsondunn" name="run" time="4.131"/>
  <system-out/>
  <testcase classname="com.jack.task2.Gibsondunn" name="run" time="5.336"/>
  <system-out/>
  <testcase classname="com.jack.task2.Gibsondunn" name="run" time="3.538"/>
  <system-out/>
  <testcase classname="com.jack.task2.Gibsondunn" name="run" time="6.818"/>
  <system-out/>
  <testcase classname="com.jack.task2.Gibsondunn" name="run" time="4.109"/>
  <system-out/>
  <testcase classname="com.jack.task2.Gibsondunn" name="run" time="3.965"/>
  <system-out/>
  <testcase classname="com.jack.task2.Gibsondunn" name="run" time="4.144"/>
  <system-out/>
  <testcase classname="com.jack.task2.Gibsondunn" name="run" time="3.641"/>
  <system-out/>
  <testcase classname="com.jack.task2.Gibsondunn" name="run" time="3.978"/>
  <system-out/>
  <testcase classname="com.jack.task2.Gibsondunn" name="run" time="3.977"/>
  <system-out/>
  <testcase classname="com.jack.task2.Gibsondunn" name="run" time="4.840"/>
  <system-out/>
  <testcase classname="com.jack.task2.Gibsondunn" name="run" time="3.667"/>
  <system-out/>
  <testcase classname="com.jack.task2.Gibsondunn" name="run" time="4.414"/>
  <system-out/>
  <testcase classname="com.jack.task2.Gibsondunn" name="run" time="3.925"/>
  <system-out/>
  <testcase classname="com.jack.task2.Gibsondunn" name="run" time="3.637"/>
  <system-out/>
  <testcase classname="com.jack.task2.Gibsondunn" name="run" time="5.373"/>
  <system-out/>
  <testcase classname="com.jack.task2.Gibsondunn" name="run" time="4.145"/>
  <system-out/>
  <testcase classname="com.jack.task2.Gibsondunn" name="run" time="5.089"/>
  <system-out/>
  <testcase classname="com.jack.task2.Gibsondunn" name="run" time="4.248"/>
  <system-out/>
  <testcase classname="com.jack.task2.Gibsondunn" name="run" time="3.981"/>
  <system-out/>
  <testcase classname="com.jack.task2.Gibsondunn" name="run" time="4.444"/>
  <system-out/>
  <testcase classname="com.jack.task2.Gibsondunn" name="run" time="5.886"/>
  <system-out/>
  <testcase classname="com.jack.task2.Gibsondunn" name="run" time="3.965"/>
  <system-out/>
  <testcase classname="com.jack.task2.Gibsondunn" name="run" time="3.870"/>
  <system-out/>
  <testcase classname="com.jack.task2.Gibsondunn" name="run" time="4.043"/>
  <system-out/>
  <testcase classname="com.jack.task2.Gibsondunn" name="run" time="4.105"/>
  <system-out/>
  <testcase classname="com.jack.task2.Gibsondunn" name="run" time="4.039"/>
  <system-out/>
  <testcase classname="com.jack.task2.Gibsondunn" name="run" time="5.663"/>
  <system-out/>
  <testcase classname="com.jack.task2.Gibsondunn" name="run" time="3.769"/>
  <system-out/>
  <testcase classname="com.jack.task2.Gibsondunn" name="run" time="4.201"/>
  <system-out/>
  <testcase classname="com.jack.task2.Gibsondunn" name="run" time="4.149"/>
  <system-out/>
  <testcase classname="com.jack.task2.Gibsondunn" name="run" time="3.853"/>
  <system-out/>
  <testcase classname="com.jack.task2.Gibsondunn" name="run" time="5.301"/>
  <system-out/>
  <testcase classname="com.jack.task2.Gibsondunn" name="run" time="3.909"/>
  <system-out/>
  <testcase classname="com.jack.task2.Gibsondunn" name="run" time="3.931"/>
  <system-out/>
  <testcase classname="com.jack.task2.Gibsondunn" name="run" time="4.053"/>
  <system-out/>
  <testcase classname="com.jack.task2.Gibsondunn" name="run" time="4.265"/>
  <system-out/>
  <testcase classname="com.jack.task2.Gibsondunn" name="run" time="3.955"/>
  <system-out/>
  <testcase classname="com.jack.task2.Gibsondunn" name="run" time="3.975"/>
  <system-out/>
  <testcase classname="com.jack.task2.Gibsondunn" name="run" time="5.638"/>
  <system-out/>
  <testcase classname="com.jack.task2.Gibsondunn" name="run" time="3.596"/>
  <system-out/>
  <testcase classname="com.jack.task2.Gibsondunn" name="run" time="3.504"/>
  <system-out/>
  <testcase classname="com.jack.task2.Gibsondunn" name="run" time="4.187"/>
  <system-out/>
  <testcase classname="com.jack.task2.Gibsondunn" name="run" time="3.905"/>
  <system-out/>
  <testcase classname="com.jack.task2.Gibsondunn" name="run" time="3.712"/>
  <system-out/>
  <testcase classname="com.jack.task2.Gibsondunn" name="run" time="3.696"/>
  <system-out/>
  <testcase classname="com.jack.task2.Gibsondunn" name="run" time="3.726"/>
  <system-out/>
  <testcase classname="com.jack.task2.Gibsondunn" name="run" time="4.762"/>
  <system-out/>
  <testcase classname="com.jack.task2.Gibsondunn" name="run" time="3.530"/>
  <system-out/>
  <testcase classname="com.jack.task2.Gibsondunn" name="run" time="3.682"/>
  <system-out/>
  <testcase classname="com.jack.task2.Gibsondunn" name="run" time="5.793"/>
  <system-out/>
  <testcase classname="com.jack.task2.Gibsondunn" name="run" time="4.512"/>
  <system-out/>
  <testcase classname="com.jack.task2.Gibsondunn" name="run" time="3.742"/>
  <system-out/>
  <testcase classname="com.jack.task2.Gibsondunn" name="run" time="3.985"/>
  <system-out/>
  <testcase classname="com.jack.task2.Gibsondunn" name="run" time="4.420"/>
  <system-out/>
  <testcase classname="com.jack.task2.Gibsondunn" name="run" time="5.403"/>
  <system-out/>
  <testcase classname="com.jack.task2.Gibsondunn" name="run" time="3.970"/>
  <system-out/>
  <testcase classname="com.jack.task2.Gibsondunn" name="run" time="3.893"/>
  <system-out/>
  <testcase classname="com.jack.task2.Gibsondunn" name="run" time="3.728"/>
  <system-out/>
  <testcase classname="com.jack.task2.Gibsondunn" name="run" time="4.088"/>
  <system-out/>
  <testcase classname="com.jack.task2.Gibsondunn" name="run" time="4.016"/>
  <system-out/>
  <testcase classname="com.jack.task2.Gibsondunn" name="run" time="4.217"/>
  <system-out/>
  <testcase classname="com.jack.task2.Gibsondunn" name="run" time="3.671"/>
  <system-out/>
  <testcase classname="com.jack.task2.Gibsondunn" name="run" time="4.157"/>
  <system-out/>
  <testcase classname="com.jack.task2.Gibsondunn" name="run" time="4.350"/>
  <system-out/>
  <testcase classname="com.jack.task2.Gibsondunn" name="run" time="5.216"/>
  <system-out/>
  <testcase classname="com.jack.task2.Gibsondunn" name="run" time="3.550"/>
  <system-out/>
  <testcase classname="com.jack.task2.Gibsondunn" name="run" time="6.234"/>
  <system-out/>
  <testcase classname="com.jack.task2.Gibsondunn" name="run" time="4.361"/>
  <system-out/>
  <testcase classname="com.jack.task2.Gibsondunn" name="run" time="4.192"/>
  <system-out/>
  <testcase classname="com.jack.task2.Gibsondunn" name="run" time="4.503"/>
  <system-out/>
  <testcase classname="com.jack.task2.Gibsondunn" name="run" time="3.607"/>
  <system-out/>
  <testcase classname="com.jack.task2.Gibsondunn" name="run" time="4.282"/>
  <system-out/>
  <testcase classname="com.jack.task2.Gibsondunn" name="run" time="3.736"/>
  <system-out/>
  <testcase classname="com.jack.task2.Gibsondunn" name="run" time="4.018"/>
  <system-out/>
  <testcase classname="com.jack.task2.Gibsondunn" name="run" time="3.951"/>
  <system-out/>
  <testcase classname="com.jack.task2.Gibsondunn" name="run" time="3.738"/>
  <system-out/>
  <testcase classname="com.jack.task2.Gibsondunn" name="run" time="3.571"/>
  <system-out/>
  <testcase classname="com.jack.task2.Gibsondunn" name="run" time="4.227"/>
  <system-out/>
  <testcase classname="com.jack.task2.Gibsondunn" name="run" time="3.909"/>
  <system-out/>
  <testcase classname="com.jack.task2.Gibsondunn" name="run" time="3.657"/>
  <system-out/>
  <testcase classname="com.jack.task2.Gibsondunn" name="run" time="3.730"/>
  <system-out/>
  <testcase classname="com.jack.task2.Gibsondunn" name="run" time="3.630"/>
  <system-out/>
  <testcase classname="com.jack.task2.Gibsondunn" name="run" time="3.914"/>
  <system-out/>
  <testcase classname="com.jack.task2.Gibsondunn" name="run" time="3.927"/>
  <system-out/>
  <testcase classname="com.jack.task2.Gibsondunn" name="run" time="5.230"/>
  <system-out/>
  <testcase classname="com.jack.task2.Gibsondunn" name="run" time="4.234"/>
  <system-out/>
  <testcase classname="com.jack.task2.Gibsondunn" name="run" time="3.724"/>
  <system-out/>
  <testcase classname="com.jack.task2.Gibsondunn" name="run" time="3.902"/>
  <system-out/>
  <testcase classname="com.jack.task2.Gibsondunn" name="run" time="6.621"/>
  <system-out/>
  <testcase classname="com.jack.task2.Gibsondunn" name="run" time="3.676"/>
  <system-out/>
  <testcase classname="com.jack.task2.Gibsondunn" name="run" time="4.644"/>
  <system-out/>
  <testcase classname="com.jack.task2.Gibsondunn" name="run" time="4.139"/>
  <system-out/>
  <testcase classname="com.jack.task2.Gibsondunn" name="run" time="3.514"/>
  <system-out/>
  <testcase classname="com.jack.task2.Gibsondunn" name="run" time="3.559"/>
  <system-out/>
  <testcase classname="com.jack.task2.Gibsondunn" name="run" time="3.598"/>
  <system-out/>
  <testcase classname="com.jack.task2.Gibsondunn" name="run" time="4.184"/>
  <system-out/>
  <testcase classname="com.jack.task2.Gibsondunn" name="run" time="5.961"/>
  <system-out/>
  <testcase classname="com.jack.task2.Gibsondunn" name="run" time="3.821"/>
  <system-out/>
  <testcase classname="com.jack.task2.Gibsondunn" name="run" time="4.276"/>
  <system-out/>
  <testcase classname="com.jack.task2.Gibsondunn" name="run" time="4.530"/>
  <system-out/>
  <testcase classname="com.jack.task2.Gibsondunn" name="run" time="4.138"/>
  <system-out/>
  <testcase classname="com.jack.task2.Gibsondunn" name="run" time="5.007"/>
  <system-out/>
  <testcase classname="com.jack.task2.Gibsondunn" name="run" time="4.130"/>
  <system-out/>
  <testcase classname="com.jack.task2.Gibsondunn" name="run" time="4.385"/>
  <system-out/>
  <testcase classname="com.jack.task2.Gibsondunn" name="run" time="4.281"/>
  <system-out/>
  <testcase classname="com.jack.task2.Gibsondunn" name="run" time="4.640"/>
  <system-out/>
  <testcase classname="com.jack.task2.Gibsondunn" name="run" time="3.749"/>
  <system-out/>
  <testcase classname="com.jack.task2.Gibsondunn" name="run" time="3.749"/>
  <system-out/>
  <testcase classname="com.jack.task2.Gibsondunn" name="run" time="4.195"/>
  <system-out/>
  <testcase classname="com.jack.task2.Gibsondunn" name="run" time="3.822"/>
  <system-out/>
  <testcase classname="com.jack.task2.Gibsondunn" name="run" time="4.548"/>
  <system-out/>
  <testcase classname="com.jack.task2.Gibsondunn" name="run" time="4.034"/>
  <system-out/>
  <testcase classname="com.jack.task2.Gibsondunn" name="run" time="4.150"/>
  <system-out/>
  <testcase classname="com.jack.task2.Gibsondunn" name="run" time="4.060"/>
  <system-out/>
  <testcase classname="com.jack.task2.Gibsondunn" name="run" time="3.917"/>
  <system-out/>
  <testcase classname="com.jack.task2.Gibsondunn" name="run" time="3.664"/>
  <system-out/>
  <testcase classname="com.jack.task2.Gibsondunn" name="run" time="4.089"/>
  <system-out/>
  <testcase classname="com.jack.task2.Gibsondunn" name="run" time="4.074"/>
  <system-out/>
  <testcase classname="com.jack.task2.Gibsondunn" name="run" time="3.616"/>
  <system-out/>
  <testcase classname="com.jack.task2.Gibsondunn" name="run" time="3.712"/>
  <system-out/>
  <testcase classname="com.jack.task2.Gibsondunn" name="run" time="4.110"/>
  <system-out/>
  <testcase classname="com.jack.task2.Gibsondunn" name="run" time="3.908"/>
  <system-out/>
  <testcase classname="com.jack.task2.Gibsondunn" name="run" time="5.790"/>
  <system-out/>
  <testcase classname="com.jack.task2.Gibsondunn" name="run" time="5.222"/>
  <system-out/>
  <testcase classname="com.jack.task2.Gibsondunn" name="run" time="3.793"/>
  <system-out/>
  <testcase classname="com.jack.task2.Gibsondunn" name="run" time="3.946"/>
  <system-out/>
  <testcase classname="com.jack.task2.Gibsondunn" name="run" time="4.060"/>
  <system-out/>
  <testcase classname="com.jack.task2.Gibsondunn" name="run" time="4.142"/>
  <system-out/>
  <testcase classname="com.jack.task2.Gibsondunn" name="run" time="4.006"/>
  <system-out/>
  <testcase classname="com.jack.task2.Gibsondunn" name="run" time="3.918"/>
  <system-out/>
  <testcase classname="com.jack.task2.Gibsondunn" name="run" time="4.187"/>
  <system-out/>
  <testcase classname="com.jack.task2.Gibsondunn" name="run" time="4.248"/>
  <system-out/>
  <testcase classname="com.jack.task2.Gibsondunn" name="run" time="3.699"/>
  <system-out/>
  <testcase classname="com.jack.task2.Gibsondunn" name="run" time="4.984"/>
  <system-out/>
  <testcase classname="com.jack.task2.Gibsondunn" name="run" time="4.797"/>
  <system-out/>
  <testcase classname="com.jack.task2.Gibsondunn" name="run" time="3.965"/>
  <system-out/>
  <testcase classname="com.jack.task2.Gibsondunn" name="run" time="3.944"/>
  <system-out/>
  <testcase classname="com.jack.task2.Gibsondunn" name="run" time="3.900"/>
  <system-out/>
  <testcase classname="com.jack.task2.Gibsondunn" name="run" time="4.201"/>
  <system-out/>
  <testcase classname="com.jack.task2.Gibsondunn" name="run" time="3.982"/>
  <system-out/>
  <testcase classname="com.jack.task2.Gibsondunn" name="run" time="4.077"/>
  <system-out/>
  <testcase classname="com.jack.task2.Gibsondunn" name="run" time="3.764"/>
  <system-out/>
  <testcase classname="com.jack.task2.Gibsondunn" name="run" time="3.695"/>
  <system-out/>
  <testcase classname="com.jack.task2.Gibsondunn" name="run" time="4.099"/>
  <system-out/>
  <testcase classname="com.jack.task2.Gibsondunn" name="run" time="4.790"/>
  <system-out/>
  <testcase classname="com.jack.task2.Gibsondunn" name="run" time="3.786"/>
  <system-out/>
  <testcase classname="com.jack.task2.Gibsondunn" name="run" time="3.839"/>
  <system-out/>
  <testcase classname="com.jack.task2.Gibsondunn" name="run" time="4.179"/>
  <system-out/>
  <testcase classname="com.jack.task2.Gibsondunn" name="run" time="4.024"/>
  <system-out/>
  <testcase classname="com.jack.task2.Gibsondunn" name="run" time="3.899"/>
  <system-out/>
  <testcase classname="com.jack.task2.Gibsondunn" name="run" time="3.966"/>
  <system-out/>
  <testcase classname="com.jack.task2.Gibsondunn" name="run" time="3.739"/>
  <system-out/>
  <testcase classname="com.jack.task2.Gibsondunn" name="run" time="4.221"/>
  <system-out/>
  <testcase classname="com.jack.task2.Gibsondunn" name="run" time="3.988"/>
  <system-out/>
  <testcase classname="com.jack.task2.Gibsondunn" name="run" time="5.188"/>
  <system-out/>
  <testcase classname="com.jack.task2.Gibsondunn" name="run" time="3.852"/>
  <system-out/>
  <testcase classname="com.jack.task2.Gibsondunn" name="run" time="4.358"/>
  <system-out/>
  <testcase classname="com.jack.task2.Gibsondunn" name="run" time="3.564"/>
  <system-out/>
  <testcase classname="com.jack.task2.Gibsondunn" name="run" time="4.452"/>
  <system-out/>
  <testcase classname="com.jack.task2.Gibsondunn" name="run" time="4.132"/>
  <system-out/>
  <testcase classname="com.jack.task2.Gibsondunn" name="run" time="4.398"/>
  <system-out/>
  <testcase classname="com.jack.task2.Gibsondunn" name="run" time="3.932"/>
  <system-out/>
  <testcase classname="com.jack.task2.Gibsondunn" name="run" time="4.828"/>
  <system-out/>
  <testcase classname="com.jack.task2.Gibsondunn" name="run" time="3.936"/>
  <system-out/>
  <testcase classname="com.jack.task2.Gibsondunn" name="run" time="4.213"/>
  <system-out/>
  <testcase classname="com.jack.task2.Gibsondunn" name="run" time="4.001"/>
  <system-out/>
  <testcase classname="com.jack.task2.Gibsondunn" name="run" time="4.240"/>
  <system-out/>
  <testcase classname="com.jack.task2.Gibsondunn" name="run" time="3.734"/>
  <system-out/>
  <testcase classname="com.jack.task2.Gibsondunn" name="run" time="3.918"/>
  <system-out/>
  <testcase classname="com.jack.task2.Gibsondunn" name="run" time="3.931"/>
  <system-out/>
  <testcase classname="com.jack.task2.Gibsondunn" name="run" time="4.011"/>
  <system-out/>
  <testcase classname="com.jack.task2.Gibsondunn" name="run" time="4.009"/>
  <system-out/>
  <testcase classname="com.jack.task2.Gibsondunn" name="run" time="3.894"/>
  <system-out/>
  <testcase classname="com.jack.task2.Gibsondunn" name="run" time="4.339"/>
  <system-out/>
  <testcase classname="com.jack.task2.Gibsondunn" name="run" time="4.135"/>
  <system-out/>
  <testcase classname="com.jack.task2.Gibsondunn" name="run" time="4.344"/>
  <system-out/>
  <testcase classname="com.jack.task2.Gibsondunn" name="run" time="3.782"/>
  <system-out/>
  <testcase classname="com.jack.task2.Gibsondunn" name="run" time="4.213"/>
  <system-out/>
  <testcase classname="com.jack.task2.Gibsondunn" name="run" time="4.173"/>
  <system-out/>
  <testcase classname="com.jack.task2.Gibsondunn" name="run" time="3.871"/>
  <system-out/>
  <testcase classname="com.jack.task2.Gibsondunn" name="run" time="4.388"/>
  <system-out/>
  <testcase classname="com.jack.task2.Gibsondunn" name="run" time="3.734"/>
  <system-out/>
  <testcase classname="com.jack.task2.Gibsondunn" name="run" time="4.018"/>
  <system-out/>
  <testcase classname="com.jack.task2.Gibsondunn" name="run" time="3.915"/>
  <system-out/>
  <testcase classname="com.jack.task2.Gibsondunn" name="run" time="4.170"/>
  <system-out/>
  <testcase classname="com.jack.task2.Gibsondunn" name="run" time="3.614"/>
  <system-out/>
  <testcase classname="com.jack.task2.Gibsondunn" name="run" time="3.915"/>
  <system-out/>
  <testcase classname="com.jack.task2.Gibsondunn" name="run" time="3.699"/>
  <system-out/>
  <testcase classname="com.jack.task2.Gibsondunn" name="run" time="3.761"/>
  <system-out/>
  <testcase classname="com.jack.task2.Gibsondunn" name="run" time="4.415"/>
  <system-out/>
  <testcase classname="com.jack.task2.Gibsondunn" name="run" time="3.932"/>
  <system-out/>
  <testcase classname="com.jack.task2.Gibsondunn" name="run" time="3.928"/>
  <system-out/>
  <testcase classname="com.jack.task2.Gibsondunn" name="run" time="3.621"/>
  <system-out/>
  <testcase classname="com.jack.task2.Gibsondunn" name="run" time="4.266"/>
  <system-out/>
  <testcase classname="com.jack.task2.Gibsondunn" name="run" time="4.082"/>
  <system-out/>
  <testcase classname="com.jack.task2.Gibsondunn" name="run" time="4.121"/>
  <system-out/>
  <testcase classname="com.jack.task2.Gibsondunn" name="run" time="4.571"/>
  <system-out/>
  <testcase classname="com.jack.task2.Gibsondunn" name="run" time="4.384"/>
  <system-out/>
  <testcase classname="com.jack.task2.Gibsondunn" name="run" time="4.138"/>
  <system-out/>
  <testcase classname="com.jack.task2.Gibsondunn" name="run" time="4.407"/>
  <system-out/>
  <testcase classname="com.jack.task2.Gibsondunn" name="run" time="3.882"/>
  <system-out/>
  <testcase classname="com.jack.task2.Gibsondunn" name="run" time="4.362"/>
  <system-out/>
  <testcase classname="com.jack.task2.Gibsondunn" name="run" time="4.190"/>
  <system-out/>
  <testcase classname="com.jack.task2.Gibsondunn" name="run" time="3.741"/>
  <system-out/>
  <testcase classname="com.jack.task2.Gibsondunn" name="run" time="4.205"/>
  <system-out/>
  <testcase classname="com.jack.task2.Gibsondunn" name="run" time="3.633"/>
  <system-out/>
  <testcase classname="com.jack.task2.Gibsondunn" name="run" time="4.513"/>
  <system-out/>
  <testcase classname="com.jack.task2.Gibsondunn" name="run" time="3.999"/>
  <system-out/>
  <testcase classname="com.jack.task2.Gibsondunn" name="run" time="4.250"/>
  <system-out/>
  <testcase classname="com.jack.task2.Gibsondunn" name="run" time="4.169"/>
  <system-out/>
  <testcase classname="com.jack.task2.Gibsondunn" name="run" time="4.231"/>
  <system-out/>
  <testcase classname="com.jack.task2.Gibsondunn" name="run" time="3.537"/>
  <system-out/>
  <testcase classname="com.jack.task2.Gibsondunn" name="run" time="3.697"/>
  <system-out/>
  <testcase classname="com.jack.task2.Gibsondunn" name="run" time="3.637"/>
  <system-out/>
  <testcase classname="com.jack.task2.Gibsondunn" name="run" time="3.665"/>
  <system-out/>
  <testcase classname="com.jack.task2.Gibsondunn" name="run" time="3.880"/>
  <system-out/>
  <testcase classname="com.jack.task2.Gibsondunn" name="run" time="4.203"/>
  <system-out/>
  <testcase classname="com.jack.task2.Gibsondunn" name="run" time="5.223"/>
  <system-out/>
  <testcase classname="com.jack.task2.Gibsondunn" name="run" time="3.636"/>
  <system-out/>
  <testcase classname="com.jack.task2.Gibsondunn" name="run" time="4.192"/>
  <system-out/>
  <testcase classname="com.jack.task2.Gibsondunn" name="run" time="4.271"/>
  <system-out/>
  <testcase classname="com.jack.task2.Gibsondunn" name="run" time="3.965"/>
  <system-out/>
  <testcase classname="com.jack.task2.Gibsondunn" name="run" time="3.700"/>
  <system-out/>
  <testcase classname="com.jack.task2.Gibsondunn" name="run" time="4.165"/>
  <system-out/>
  <testcase classname="com.jack.task2.Gibsondunn" name="run" time="4.142"/>
  <system-out/>
  <testcase classname="com.jack.task2.Gibsondunn" name="run" time="4.225"/>
  <system-out/>
  <testcase classname="com.jack.task2.Gibsondunn" name="run" time="3.920"/>
  <system-out/>
  <testcase classname="com.jack.task2.Gibsondunn" name="run" time="4.773"/>
  <system-out/>
  <testcase classname="com.jack.task2.Gibsondunn" name="run" time="4.566"/>
  <system-out/>
  <testcase classname="com.jack.task2.Gibsondunn" name="run" time="4.243"/>
  <system-out/>
  <testcase classname="com.jack.task2.Gibsondunn" name="run" time="4.282"/>
  <system-out/>
  <testcase classname="com.jack.task2.Gibsondunn" name="run" time="3.679"/>
  <system-out/>
  <testcase classname="com.jack.task2.Gibsondunn" name="run" time="3.980"/>
  <system-out/>
  <testcase classname="com.jack.task2.Gibsondunn" name="run" time="4.057"/>
  <system-out/>
  <testcase classname="com.jack.task2.Gibsondunn" name="run" time="5.122"/>
  <system-out/>
  <testcase classname="com.jack.task2.Gibsondunn" name="run" time="3.840"/>
  <system-out/>
  <testcase classname="com.jack.task2.Gibsondunn" name="run" time="5.949"/>
  <system-out/>
  <testcase classname="com.jack.task2.Gibsondunn" name="run" time="4.038"/>
  <system-out/>
  <testcase classname="com.jack.task2.Gibsondunn" name="run" time="3.915"/>
  <system-out/>
  <testcase classname="com.jack.task2.Gibsondunn" name="run" time="3.806"/>
  <system-out/>
  <testcase classname="com.jack.task2.Gibsondunn" name="run" time="4.178"/>
  <system-out/>
  <testcase classname="com.jack.task2.Gibsondunn" name="run" time="4.245"/>
  <system-out/>
  <testcase classname="com.jack.task2.Gibsondunn" name="run" time="3.976"/>
  <system-out/>
  <testcase classname="com.jack.task2.Gibsondunn" name="run" time="4.339"/>
  <system-out/>
  <testcase classname="com.jack.task2.Gibsondunn" name="run" time="4.268"/>
  <system-out/>
  <testcase classname="com.jack.task2.Gibsondunn" name="run" time="4.109"/>
  <system-out/>
  <testcase classname="com.jack.task2.Gibsondunn" name="run" time="3.999"/>
  <system-out/>
  <testcase classname="com.jack.task2.Gibsondunn" name="run" time="3.941"/>
  <system-out/>
  <testcase classname="com.jack.task2.Gibsondunn" name="run" time="3.871"/>
  <system-out/>
  <testcase classname="com.jack.task2.Gibsondunn" name="run" time="5.268"/>
  <system-out/>
  <testcase classname="com.jack.task2.Gibsondunn" name="run" time="4.139"/>
  <system-out/>
  <testcase classname="com.jack.task2.Gibsondunn" name="run" time="4.038"/>
  <system-out/>
  <testcase classname="com.jack.task2.Gibsondunn" name="run" time="4.269"/>
  <system-out/>
  <testcase classname="com.jack.task2.Gibsondunn" name="run" time="3.677"/>
  <system-out/>
  <testcase classname="com.jack.task2.Gibsondunn" name="run" time="4.232"/>
  <system-out/>
  <testcase classname="com.jack.task2.Gibsondunn" name="run" time="4.779"/>
  <system-out/>
  <testcase classname="com.jack.task2.Gibsondunn" name="run" time="4.152"/>
  <system-out/>
  <testcase classname="com.jack.task2.Gibsondunn" name="run" time="3.525"/>
  <system-out/>
  <testcase classname="com.jack.task2.Gibsondunn" name="run" time="5.247"/>
  <system-out/>
  <testcase classname="com.jack.task2.Gibsondunn" name="run" time="3.724"/>
  <system-out/>
  <testcase classname="com.jack.task2.Gibsondunn" name="run" time="4.185"/>
  <system-out/>
  <testcase classname="com.jack.task2.Gibsondunn" name="run" time="3.916"/>
  <system-out/>
  <testcase classname="com.jack.task2.Gibsondunn" name="run" time="4.224"/>
  <system-out/>
  <testcase classname="com.jack.task2.Gibsondunn" name="run" time="3.712"/>
  <system-out/>
  <testcase classname="com.jack.task2.Gibsondunn" name="run" time="3.505"/>
  <system-out/>
  <testcase classname="com.jack.task2.Gibsondunn" name="run" time="3.789"/>
  <system-out/>
  <testcase classname="com.jack.task2.Gibsondunn" name="run" time="4.790"/>
  <system-out/>
  <testcase classname="com.jack.task2.Gibsondunn" name="run" time="3.643"/>
  <system-out/>
  <testcase classname="com.jack.task2.Gibsondunn" name="run" time="3.672"/>
  <system-out/>
  <testcase classname="com.jack.task2.Gibsondunn" name="run" time="4.000"/>
  <system-out/>
  <testcase classname="com.jack.task2.Gibsondunn" name="run" time="4.136"/>
  <system-out/>
  <testcase classname="com.jack.task2.Gibsondunn" name="run" time="3.997"/>
  <system-out/>
  <testcase classname="com.jack.task2.Gibsondunn" name="run" time="4.340"/>
  <system-out/>
  <testcase classname="com.jack.task2.Gibsondunn" name="run" time="4.871"/>
  <system-out/>
  <testcase classname="com.jack.task2.Gibsondunn" name="run" time="3.666"/>
  <system-out/>
  <testcase classname="com.jack.task2.Gibsondunn" name="run" time="3.600"/>
  <system-out/>
  <testcase classname="com.jack.task2.Gibsondunn" name="run" time="3.695"/>
  <system-out/>
  <testcase classname="com.jack.task2.Gibsondunn" name="run" time="4.268"/>
  <system-out/>
  <testcase classname="com.jack.task2.Gibsondunn" name="run" time="4.045"/>
  <system-out/>
  <testcase classname="com.jack.task2.Gibsondunn" name="run" time="4.183"/>
  <system-out/>
  <testcase classname="com.jack.task2.Gibsondunn" name="run" time="3.955"/>
  <system-out/>
  <testcase classname="com.jack.task2.Gibsondunn" name="run" time="4.038"/>
  <system-out/>
  <testcase classname="com.jack.task2.Gibsondunn" name="run" time="3.677"/>
  <system-out/>
  <testcase classname="com.jack.task2.Gibsondunn" name="run" time="5.889"/>
  <system-out/>
  <testcase classname="com.jack.task2.Gibsondunn" name="run" time="4.036"/>
  <system-out/>
  <testcase classname="com.jack.task2.Gibsondunn" name="run" time="3.979"/>
  <system-out/>
  <testcase classname="com.jack.task2.Gibsondunn" name="run" time="3.632"/>
  <system-out/>
  <testcase classname="com.jack.task2.Gibsondunn" name="run" time="3.661"/>
  <system-out/>
  <testcase classname="com.jack.task2.Gibsondunn" name="run" time="4.440"/>
  <system-out/>
  <testcase classname="com.jack.task2.Gibsondunn" name="run" time="3.989"/>
  <system-out/>
  <testcase classname="com.jack.task2.Gibsondunn" name="run" time="4.829"/>
  <system-out/>
  <testcase classname="com.jack.task2.Gibsondunn" name="run" time="4.097"/>
  <system-out/>
  <testcase classname="com.jack.task2.Gibsondunn" name="run" time="4.884"/>
  <system-out/>
  <testcase classname="com.jack.task2.Gibsondunn" name="run" time="4.313"/>
  <system-out/>
  <testcase classname="com.jack.task2.Gibsondunn" name="run" time="6.136"/>
  <system-out/>
  <testcase classname="com.jack.task2.Gibsondunn" name="run" time="3.778"/>
  <system-out/>
  <testcase classname="com.jack.task2.Gibsondunn" name="run" time="4.130"/>
  <system-out/>
  <testcase classname="com.jack.task2.Gibsondunn" name="run" time="4.044"/>
  <system-out/>
  <testcase classname="com.jack.task2.Gibsondunn" name="run" time="3.998"/>
  <system-out/>
  <testcase classname="com.jack.task2.Gibsondunn" name="run" time="3.962"/>
  <system-out/>
  <testcase classname="com.jack.task2.Gibsondunn" name="run" time="3.837"/>
  <system-out/>
  <testcase classname="com.jack.task2.Gibsondunn" name="run" time="3.965"/>
  <system-out/>
  <testcase classname="com.jack.task2.Gibsondunn" name="run" time="5.929"/>
  <system-out/>
  <testcase classname="com.jack.task2.Gibsondunn" name="run" time="3.970"/>
  <system-out/>
  <testcase classname="com.jack.task2.Gibsondunn" name="run" time="3.959"/>
  <system-out/>
  <testcase classname="com.jack.task2.Gibsondunn" name="run" time="4.653"/>
  <system-out/>
  <testcase classname="com.jack.task2.Gibsondunn" name="run" time="3.736"/>
  <system-out/>
  <testcase classname="com.jack.task2.Gibsondunn" name="run" time="3.966"/>
  <system-out/>
  <testcase classname="com.jack.task2.Gibsondunn" name="run" time="3.981"/>
  <system-out/>
  <testcase classname="com.jack.task2.Gibsondunn" name="run" time="3.973"/>
  <system-out/>
  <testcase classname="com.jack.task2.Gibsondunn" name="run" time="4.360"/>
  <system-out/>
  <testcase classname="com.jack.task2.Gibsondunn" name="run" time="4.387"/>
  <system-out/>
  <testcase classname="com.jack.task2.Gibsondunn" name="run" time="4.269"/>
  <system-out/>
  <testcase classname="com.jack.task2.Gibsondunn" name="run" time="3.732"/>
  <system-out/>
  <testcase classname="com.jack.task2.Gibsondunn" name="run" time="3.947"/>
  <system-out/>
  <testcase classname="com.jack.task2.Gibsondunn" name="run" time="4.102"/>
  <system-out/>
  <testcase classname="com.jack.task2.Gibsondunn" name="run" time="3.757"/>
  <system-out/>
  <testcase classname="com.jack.task2.Gibsondunn" name="run" time="3.689"/>
  <system-out/>
  <testcase classname="com.jack.task2.Gibsondunn" name="run" time="3.670"/>
  <system-out/>
  <testcase classname="com.jack.task2.Gibsondunn" name="run" time="5.269"/>
  <system-out/>
  <testcase classname="com.jack.task2.Gibsondunn" name="run" time="3.914"/>
  <system-out/>
  <testcase classname="com.jack.task2.Gibsondunn" name="run" time="4.392"/>
  <system-out/>
  <testcase classname="com.jack.task2.Gibsondunn" name="run" time="3.571"/>
  <system-out/>
  <testcase classname="com.jack.task2.Gibsondunn" name="run" time="4.547"/>
  <system-out/>
  <testcase classname="com.jack.task2.Gibsondunn" name="run" time="4.129"/>
  <system-out/>
  <testcase classname="com.jack.task2.Gibsondunn" name="run" time="4.213"/>
  <system-out/>
  <testcase classname="com.jack.task2.Gibsondunn" name="run" time="4.066"/>
  <system-out/>
  <testcase classname="com.jack.task2.Gibsondunn" name="run" time="4.005"/>
  <system-out/>
  <testcase classname="com.jack.task2.Gibsondunn" name="run" time="3.763"/>
  <system-out/>
  <testcase classname="com.jack.task2.Gibsondunn" name="run" time="3.983"/>
  <system-out/>
  <testcase classname="com.jack.task2.Gibsondunn" name="run" time="3.655"/>
  <system-out/>
  <testcase classname="com.jack.task2.Gibsondunn" name="run" time="3.730"/>
  <system-out/>
  <testcase classname="com.jack.task2.Gibsondunn" name="run" time="4.439"/>
  <system-out/>
  <testcase classname="com.jack.task2.Gibsondunn" name="run" time="3.620"/>
  <system-out/>
  <testcase classname="com.jack.task2.Gibsondunn" name="run" time="4.210"/>
  <system-out/>
  <testcase classname="com.jack.task2.Gibsondunn" name="run" time="3.877"/>
  <system-out/>
  <testcase classname="com.jack.task2.Gibsondunn" name="run" time="4.149"/>
  <system-out/>
  <testcase classname="com.jack.task2.Gibsondunn" name="run" time="3.801"/>
  <system-out/>
  <testcase classname="com.jack.task2.Gibsondunn" name="run" time="4.254"/>
  <system-out/>
  <testcase classname="com.jack.task2.Gibsondunn" name="run" time="3.863"/>
  <system-out/>
  <testcase classname="com.jack.task2.Gibsondunn" name="run" time="4.185"/>
  <system-out/>
  <testcase classname="com.jack.task2.Gibsondunn" name="run" time="4.307"/>
  <system-out/>
  <testcase classname="com.jack.task2.Gibsondunn" name="run" time="3.504"/>
  <system-out/>
  <testcase classname="com.jack.task2.Gibsondunn" name="run" time="4.151"/>
  <system-out/>
  <testcase classname="com.jack.task2.Gibsondunn" name="run" time="4.155"/>
  <system-out/>
  <testcase classname="com.jack.task2.Gibsondunn" name="run" time="4.172"/>
  <system-out/>
  <testcase classname="com.jack.task2.Gibsondunn" name="run" time="4.570"/>
  <system-out/>
  <testcase classname="com.jack.task2.Gibsondunn" name="run" time="4.404"/>
  <system-out/>
  <testcase classname="com.jack.task2.Gibsondunn" name="run" time="3.845"/>
  <system-out/>
  <testcase classname="com.jack.task2.Gibsondunn" name="run" time="3.919"/>
  <system-out/>
  <testcase classname="com.jack.task2.Gibsondunn" name="run" time="4.145"/>
  <system-out/>
  <testcase classname="com.jack.task2.Gibsondunn" name="run" time="3.605"/>
  <system-out/>
  <testcase classname="com.jack.task2.Gibsondunn" name="run" time="4.245"/>
  <system-out/>
  <testcase classname="com.jack.task2.Gibsondunn" name="run" time="4.169"/>
  <system-out/>
  <testcase classname="com.jack.task2.Gibsondunn" name="run" time="5.316"/>
  <system-out/>
  <testcase classname="com.jack.task2.Gibsondunn" name="run" time="4.387"/>
  <system-out/>
  <testcase classname="com.jack.task2.Gibsondunn" name="run" time="4.280"/>
  <system-out/>
  <testcase classname="com.jack.task2.Gibsondunn" name="run" time="4.057"/>
  <system-out/>
  <testcase classname="com.jack.task2.Gibsondunn" name="run" time="4.164"/>
  <system-out/>
  <testcase classname="com.jack.task2.Gibsondunn" name="run" time="3.906"/>
  <system-out/>
  <testcase classname="com.jack.task2.Gibsondunn" name="run" time="4.742"/>
  <system-out/>
  <testcase classname="com.jack.task2.Gibsondunn" name="run" time="4.115"/>
  <system-out/>
  <testcase classname="com.jack.task2.Gibsondunn" name="run" time="4.232"/>
  <system-out/>
  <testcase classname="com.jack.task2.Gibsondunn" name="run" time="4.096"/>
  <system-out/>
  <testcase classname="com.jack.task2.Gibsondunn" name="run" time="4.359"/>
  <system-out/>
  <testcase classname="com.jack.task2.Gibsondunn" name="run" time="3.823"/>
  <system-out/>
  <testcase classname="com.jack.task2.Gibsondunn" name="run" time="4.480"/>
  <system-out/>
  <testcase classname="com.jack.task2.Gibsondunn" name="run" time="4.146"/>
  <system-out/>
  <testcase classname="com.jack.task2.Gibsondunn" name="run" time="4.030"/>
  <system-out/>
  <testcase classname="com.jack.task2.Gibsondunn" name="run" time="4.157"/>
  <system-out/>
  <testcase classname="com.jack.task2.Gibsondunn" name="run" time="3.568"/>
  <system-out/>
  <testcase classname="com.jack.task2.Gibsondunn" name="run" time="4.385"/>
  <system-out/>
  <testcase classname="com.jack.task2.Gibsondunn" name="run" time="4.363"/>
  <system-out/>
  <testcase classname="com.jack.task2.Gibsondunn" name="run" time="4.131"/>
  <system-out/>
  <testcase classname="com.jack.task2.Gibsondunn" name="run" time="4.836"/>
  <system-out/>
  <testcase classname="com.jack.task2.Gibsondunn" name="run" time="5.986"/>
  <system-out/>
  <testcase classname="com.jack.task2.Gibsondunn" name="run" time="3.747"/>
  <system-out/>
  <testcase classname="com.jack.task2.Gibsondunn" name="run" time="4.159"/>
  <system-out/>
  <testcase classname="com.jack.task2.Gibsondunn" name="run" time="3.605"/>
  <system-out/>
  <testcase classname="com.jack.task2.Gibsondunn" name="run" time="3.983"/>
  <system-out/>
  <testcase classname="com.jack.task2.Gibsondunn" name="run" time="3.994"/>
  <system-out/>
  <testcase classname="com.jack.task2.Gibsondunn" name="run" time="4.167"/>
  <system-out/>
  <testcase classname="com.jack.task2.Gibsondunn" name="run" time="3.838"/>
  <system-out/>
  <testcase classname="com.jack.task2.Gibsondunn" name="run" time="3.847"/>
  <system-out/>
  <testcase classname="com.jack.task2.Gibsondunn" name="run" time="4.314"/>
  <system-out/>
  <testcase classname="com.jack.task2.Gibsondunn" name="run" time="5.079"/>
  <system-out/>
  <testcase classname="com.jack.task2.Gibsondunn" name="run" time="4.911"/>
  <system-out/>
  <testcase classname="com.jack.task2.Gibsondunn" name="run" time="3.713"/>
  <system-out/>
  <testcase classname="com.jack.task2.Gibsondunn" name="run" time="4.075"/>
  <system-out/>
  <testcase classname="com.jack.task2.Gibsondunn" name="run" time="3.995"/>
  <system-out/>
  <testcase classname="com.jack.task2.Gibsondunn" name="run" time="5.283"/>
  <system-out/>
  <testcase classname="com.jack.task2.Gibsondunn" name="run" time="5.427"/>
  <system-out/>
  <testcase classname="com.jack.task2.Gibsondunn" name="run" time="3.805"/>
  <system-out/>
  <testcase classname="com.jack.task2.Gibsondunn" name="run" time="4.092"/>
  <system-out/>
  <testcase classname="com.jack.task2.Gibsondunn" name="run" time="4.749"/>
  <system-out/>
  <testcase classname="com.jack.task2.Gibsondunn" name="run" time="3.847"/>
  <system-out/>
  <testcase classname="com.jack.task2.Gibsondunn" name="run" time="3.731"/>
  <system-out/>
  <testcase classname="com.jack.task2.Gibsondunn" name="run" time="3.706"/>
  <system-out/>
  <testcase classname="com.jack.task2.Gibsondunn" name="run" time="4.100"/>
  <system-out/>
  <testcase classname="com.jack.task2.Gibsondunn" name="run" time="4.219"/>
  <system-out/>
  <testcase classname="com.jack.task2.Gibsondunn" name="run" time="3.903"/>
  <system-out/>
  <testcase classname="com.jack.task2.Gibsondunn" name="run" time="4.015"/>
  <system-out/>
  <testcase classname="com.jack.task2.Gibsondunn" name="run" time="4.105"/>
  <system-out/>
  <testcase classname="com.jack.task2.Gibsondunn" name="run" time="4.064"/>
  <system-out/>
  <testcase classname="com.jack.task2.Gibsondunn" name="run" time="4.406"/>
  <system-out/>
  <testcase classname="com.jack.task2.Gibsondunn" name="run" time="4.094"/>
  <system-out/>
  <testcase classname="com.jack.task2.Gibsondunn" name="run" time="3.763"/>
  <system-out/>
  <testcase classname="com.jack.task2.Gibsondunn" name="run" time="4.128"/>
  <system-out/>
  <testcase classname="com.jack.task2.Gibsondunn" name="run" time="3.794"/>
  <system-out/>
  <testcase classname="com.jack.task2.Gibsondunn" name="run" time="3.771"/>
  <system-out/>
  <testcase classname="com.jack.task2.Gibsondunn" name="run" time="4.887"/>
  <system-out/>
  <testcase classname="com.jack.task2.Gibsondunn" name="run" time="4.311"/>
  <system-out/>
  <testcase classname="com.jack.task2.Gibsondunn" name="run" time="4.132"/>
  <system-out/>
  <testcase classname="com.jack.task2.Gibsondunn" name="run" time="5.353"/>
  <system-out/>
  <testcase classname="com.jack.task2.Gibsondunn" name="run" time="3.951"/>
  <system-out/>
  <testcase classname="com.jack.task2.Gibsondunn" name="run" time="3.726"/>
  <system-out/>
  <testcase classname="com.jack.task2.Gibsondunn" name="run" time="9.731"/>
  <system-out/>
  <testcase classname="com.jack.task2.Gibsondunn" name="run" time="4.179"/>
  <system-out/>
  <testcase classname="com.jack.task2.Gibsondunn" name="run" time="5.004"/>
  <system-out/>
  <testcase classname="com.jack.task2.Gibsondunn" name="run" time="3.818"/>
  <system-out/>
  <testcase classname="com.jack.task2.Gibsondunn" name="run" time="4.103"/>
  <system-out/>
  <testcase classname="com.jack.task2.Gibsondunn" name="run" time="4.464"/>
  <system-out/>
  <testcase classname="com.jack.task2.Gibsondunn" name="run" time="3.724"/>
  <system-out/>
  <testcase classname="com.jack.task2.Gibsondunn" name="run" time="3.917"/>
  <system-out/>
  <testcase classname="com.jack.task2.Gibsondunn" name="run" time="4.020"/>
  <system-out/>
  <testcase classname="com.jack.task2.Gibsondunn" name="run" time="3.472"/>
  <system-out/>
  <testcase classname="com.jack.task2.Gibsondunn" name="run" time="4.196"/>
  <system-out/>
  <testcase classname="com.jack.task2.Gibsondunn" name="run" time="4.701"/>
  <system-out/>
  <testcase classname="com.jack.task2.Gibsondunn" name="run" time="3.936"/>
  <system-out/>
  <testcase classname="com.jack.task2.Gibsondunn" name="run" time="4.251"/>
  <system-out/>
  <testcase classname="com.jack.task2.Gibsondunn" name="run" time="4.095"/>
  <system-out/>
  <testcase classname="com.jack.task2.Gibsondunn" name="run" time="3.688"/>
  <system-out/>
  <testcase classname="com.jack.task2.Gibsondunn" name="run" time="4.029"/>
  <system-out/>
  <testcase classname="com.jack.task2.Gibsondunn" name="run" time="3.822"/>
  <system-out/>
  <testcase classname="com.jack.task2.Gibsondunn" name="run" time="3.604"/>
  <system-out/>
  <testcase classname="com.jack.task2.Gibsondunn" name="run" time="4.047"/>
  <system-out/>
  <testcase classname="com.jack.task2.Gibsondunn" name="run" time="4.201"/>
  <system-out/>
  <testcase classname="com.jack.task2.Gibsondunn" name="run" time="3.628"/>
  <system-out/>
  <testcase classname="com.jack.task2.Gibsondunn" name="run" time="4.440"/>
  <system-out/>
  <testcase classname="com.jack.task2.Gibsondunn" name="run" time="3.552"/>
  <system-out/>
  <testcase classname="com.jack.task2.Gibsondunn" name="run" time="3.774"/>
  <system-out/>
  <testcase classname="com.jack.task2.Gibsondunn" name="run" time="3.651"/>
  <system-out/>
  <testcase classname="com.jack.task2.Gibsondunn" name="run" time="4.384"/>
  <system-out/>
  <testcase classname="com.jack.task2.Gibsondunn" name="run" time="3.620"/>
  <system-out/>
  <testcase classname="com.jack.task2.Gibsondunn" name="run" time="3.651"/>
  <system-out/>
  <testcase classname="com.jack.task2.Gibsondunn" name="run" time="3.598"/>
  <system-out/>
  <testcase classname="com.jack.task2.Gibsondunn" name="run" time="4.052"/>
  <system-out/>
  <testcase classname="com.jack.task2.Gibsondunn" name="run" time="3.683"/>
  <system-out/>
  <testcase classname="com.jack.task2.Gibsondunn" name="run" time="4.190"/>
  <system-out/>
  <testcase classname="com.jack.task2.Gibsondunn" name="run" time="3.659"/>
  <system-out/>
  <testcase classname="com.jack.task2.Gibsondunn" name="run" time="4.229"/>
  <system-out/>
  <testcase classname="com.jack.task2.Gibsondunn" name="run" time="3.753"/>
  <system-out/>
  <testcase classname="com.jack.task2.Gibsondunn" name="run" time="4.168"/>
  <system-out/>
  <testcase classname="com.jack.task2.Gibsondunn" name="run" time="3.743"/>
  <system-out/>
  <testcase classname="com.jack.task2.Gibsondunn" name="run" time="4.556"/>
  <system-out/>
  <testcase classname="com.jack.task2.Gibsondunn" name="run" time="4.024"/>
  <system-out/>
  <testcase classname="com.jack.task2.Gibsondunn" name="run" time="3.981"/>
  <system-out/>
  <testcase classname="com.jack.task2.Gibsondunn" name="run" time="4.025"/>
  <system-out/>
  <testcase classname="com.jack.task2.Gibsondunn" name="run" time="4.857"/>
  <system-out/>
  <testcase classname="com.jack.task2.Gibsondunn" name="run" time="4.156"/>
  <system-out/>
  <testcase classname="com.jack.task2.Gibsondunn" name="run" time="4.076"/>
  <system-out/>
  <testcase classname="com.jack.task2.Gibsondunn" name="run" time="3.549"/>
  <system-out/>
  <testcase classname="com.jack.task2.Gibsondunn" name="run" time="4.319"/>
  <system-out/>
  <testcase classname="com.jack.task2.Gibsondunn" name="run" time="3.731"/>
  <system-out/>
  <testcase classname="com.jack.task2.Gibsondunn" name="run" time="3.818"/>
  <system-out/>
  <testcase classname="com.jack.task2.Gibsondunn" name="run" time="3.567"/>
  <system-out/>
  <testcase classname="com.jack.task2.Gibsondunn" name="run" time="4.272"/>
  <system-out/>
  <testcase classname="com.jack.task2.Gibsondunn" name="run" time="4.045"/>
  <system-out/>
  <testcase classname="com.jack.task2.Gibsondunn" name="run" time="4.291"/>
  <system-out/>
  <testcase classname="com.jack.task2.Gibsondunn" name="run" time="3.689"/>
  <system-out/>
  <testcase classname="com.jack.task2.Gibsondunn" name="run" time="4.350"/>
  <system-out/>
  <testcase classname="com.jack.task2.Gibsondunn" name="run" time="3.843"/>
  <system-out/>
  <testcase classname="com.jack.task2.Gibsondunn" name="run" time="4.321"/>
  <system-out/>
  <testcase classname="com.jack.task2.Gibsondunn" name="run" time="3.520"/>
  <system-out/>
  <testcase classname="com.jack.task2.Gibsondunn" name="run" time="4.127"/>
  <system-out/>
  <testcase classname="com.jack.task2.Gibsondunn" name="run" time="6.115"/>
  <system-out/>
  <testcase classname="com.jack.task2.Gibsondunn" name="run" time="4.251"/>
  <system-out/>
  <testcase classname="com.jack.task2.Gibsondunn" name="run" time="4.552"/>
  <system-out/>
  <testcase classname="com.jack.task2.Gibsondunn" name="run" time="3.933"/>
  <system-out/>
  <testcase classname="com.jack.task2.Gibsondunn" name="run" time="3.773"/>
  <system-out/>
  <testcase classname="com.jack.task2.Gibsondunn" name="run" time="4.196"/>
  <system-out/>
  <testcase classname="com.jack.task2.Gibsondunn" name="run" time="3.947"/>
  <system-out/>
  <testcase classname="com.jack.task2.Gibsondunn" name="run" time="4.248"/>
  <system-out/>
  <testcase classname="com.jack.task2.Gibsondunn" name="run" time="4.456"/>
  <system-out/>
  <testcase classname="com.jack.task2.Gibsondunn" name="run" time="3.591"/>
  <system-out/>
  <testcase classname="com.jack.task2.Gibsondunn" name="run" time="4.924"/>
  <system-out/>
  <testcase classname="com.jack.task2.Gibsondunn" name="run" time="4.694"/>
  <system-out/>
  <testcase classname="com.jack.task2.Gibsondunn" name="run" time="3.937"/>
  <system-out/>
  <testcase classname="com.jack.task2.Gibsondunn" name="run" time="3.683"/>
  <system-out/>
  <testcase classname="com.jack.task2.Gibsondunn" name="run" time="3.629"/>
  <system-out/>
  <testcase classname="com.jack.task2.Gibsondunn" name="run" time="4.110"/>
  <system-out/>
  <testcase classname="com.jack.task2.Gibsondunn" name="run" time="4.876"/>
  <system-out/>
  <testcase classname="com.jack.task2.Gibsondunn" name="run" time="3.688"/>
  <system-out/>
  <testcase classname="com.jack.task2.Gibsondunn" name="run" time="3.744"/>
  <system-out/>
  <testcase classname="com.jack.task2.Gibsondunn" name="run" time="3.905"/>
  <system-out/>
  <testcase classname="com.jack.task2.Gibsondunn" name="run" time="3.670"/>
  <system-out/>
  <testcase classname="com.jack.task2.Gibsondunn" name="run" time="3.978"/>
  <system-out/>
  <testcase classname="com.jack.task2.Gibsondunn" name="run" time="5.261"/>
  <system-out/>
  <testcase classname="com.jack.task2.Gibsondunn" name="run" time="3.587"/>
  <system-out/>
  <testcase classname="com.jack.task2.Gibsondunn" name="run" time="3.633"/>
  <system-out/>
  <testcase classname="com.jack.task2.Gibsondunn" name="run" time="4.178"/>
  <system-out/>
  <testcase classname="com.jack.task2.Gibsondunn" name="run" time="4.538"/>
  <system-out/>
  <testcase classname="com.jack.task2.Gibsondunn" name="run" time="4.296"/>
  <system-out/>
  <testcase classname="com.jack.task2.Gibsondunn" name="run" time="3.914"/>
  <system-out/>
  <testcase classname="com.jack.task2.Gibsondunn" name="run" time="3.762"/>
  <system-out/>
  <testcase classname="com.jack.task2.Gibsondunn" name="run" time="3.896"/>
  <system-out/>
  <testcase classname="com.jack.task2.Gibsondunn" name="run" time="4.035"/>
  <system-out/>
  <testcase classname="com.jack.task2.Gibsondunn" name="run" time="3.820"/>
  <system-out/>
  <testcase classname="com.jack.task2.Gibsondunn" name="run" time="4.416"/>
  <system-out/>
  <testcase classname="com.jack.task2.Gibsondunn" name="run" time="3.634"/>
  <system-out/>
  <testcase classname="com.jack.task2.Gibsondunn" name="run" time="3.641"/>
  <system-out/>
  <testcase classname="com.jack.task2.Gibsondunn" name="run" time="3.591"/>
  <system-out/>
  <testcase classname="com.jack.task2.Gibsondunn" name="run" time="3.582"/>
  <system-out/>
  <testcase classname="com.jack.task2.Gibsondunn" name="run" time="3.760"/>
  <system-out/>
  <testcase classname="com.jack.task2.Gibsondunn" name="run" time="4.030"/>
  <system-out/>
  <testcase classname="com.jack.task2.Gibsondunn" name="run" time="3.972"/>
  <system-out/>
  <testcase classname="com.jack.task2.Gibsondunn" name="run" time="4.765"/>
  <system-out/>
  <testcase classname="com.jack.task2.Gibsondunn" name="run" time="4.229"/>
  <system-out/>
  <testcase classname="com.jack.task2.Gibsondunn" name="run" time="4.169"/>
  <system-out/>
  <testcase classname="com.jack.task2.Gibsondunn" name="run" time="5.604"/>
  <system-out/>
  <testcase classname="com.jack.task2.Gibsondunn" name="run" time="3.899"/>
  <system-out/>
  <testcase classname="com.jack.task2.Gibsondunn" name="run" time="4.013"/>
  <system-out/>
  <testcase classname="com.jack.task2.Gibsondunn" name="run" time="4.133"/>
  <system-out/>
  <testcase classname="com.jack.task2.Gibsondunn" name="run" time="4.065"/>
  <system-out/>
  <testcase classname="com.jack.task2.Gibsondunn" name="run" time="4.656"/>
  <system-out/>
  <testcase classname="com.jack.task2.Gibsondunn" name="run" time="4.008"/>
  <system-out/>
  <testcase classname="com.jack.task2.Gibsondunn" name="run" time="3.884"/>
  <system-out/>
  <testcase classname="com.jack.task2.Gibsondunn" name="run" time="3.511"/>
  <system-out/>
  <testcase classname="com.jack.task2.Gibsondunn" name="run" time="5.618"/>
  <system-out/>
  <testcase classname="com.jack.task2.Gibsondunn" name="run" time="4.307"/>
  <system-out/>
  <testcase classname="com.jack.task2.Gibsondunn" name="run" time="3.754"/>
  <system-out/>
  <testcase classname="com.jack.task2.Gibsondunn" name="run" time="4.867"/>
  <system-out/>
  <testcase classname="com.jack.task2.Gibsondunn" name="run" time="4.768"/>
  <system-out/>
  <testcase classname="com.jack.task2.Gibsondunn" name="run" time="3.676"/>
  <system-out/>
  <testcase classname="com.jack.task2.Gibsondunn" name="run" time="3.777"/>
  <system-out/>
  <testcase classname="com.jack.task2.Gibsondunn" name="run" time="4.164"/>
  <system-out/>
  <testcase classname="com.jack.task2.Gibsondunn" name="run" time="4.193"/>
  <system-out/>
  <testcase classname="com.jack.task2.Gibsondunn" name="run" time="4.191"/>
  <system-out/>
  <testcase classname="com.jack.task2.Gibsondunn" name="run" time="4.053"/>
  <system-out/>
  <testcase classname="com.jack.task2.Gibsondunn" name="run" time="4.080"/>
  <system-out/>
  <testcase classname="com.jack.task2.Gibsondunn" name="run" time="3.871"/>
  <system-out/>
  <testcase classname="com.jack.task2.Gibsondunn" name="run" time="3.938"/>
  <system-out/>
  <testcase classname="com.jack.task2.Gibsondunn" name="run" time="3.917"/>
  <system-out/>
  <testcase classname="com.jack.task2.Gibsondunn" name="run" time="4.232"/>
  <system-out/>
  <testcase classname="com.jack.task2.Gibsondunn" name="run" time="3.663"/>
  <system-out/>
  <testcase classname="com.jack.task2.Gibsondunn" name="run" time="3.684"/>
  <system-out/>
  <testcase classname="com.jack.task2.Gibsondunn" name="run" time="3.632"/>
  <system-out/>
  <testcase classname="com.jack.task2.Gibsondunn" name="run" time="3.729"/>
  <system-out/>
  <testcase classname="com.jack.task2.Gibsondunn" name="run" time="4.412"/>
  <system-out/>
  <testcase classname="com.jack.task2.Gibsondunn" name="run" time="4.262"/>
  <system-out/>
  <testcase classname="com.jack.task2.Gibsondunn" name="run" time="4.554"/>
  <system-out/>
  <testcase classname="com.jack.task2.Gibsondunn" name="run" time="3.712"/>
  <system-out/>
  <testcase classname="com.jack.task2.Gibsondunn" name="run" time="4.274"/>
  <system-out/>
  <testcase classname="com.jack.task2.Gibsondunn" name="run" time="4.270"/>
  <system-out/>
  <testcase classname="com.jack.task2.Gibsondunn" name="run" time="4.143"/>
  <system-out/>
[...]
  <system-out/>
  <testcase classname="com.jack.task2.Gibsondunn" name="run" time="4.353"/>
  <system-out/>
  <testcase classname="com.jack.task2.Gibsondunn" name="run" time="4.237"/>
  <system-out/>
  <testcase classname="com.jack.task2.Gibsondunn" name="run" time="4.525"/>
  <system-out/>
  <testcase classname="com.jack.task2.Gibsondunn" name="run" time="4.213"/>
  <system-out/>
  <testcase classname="com.jack.task2.Gibsondunn" name="run" time="4.117"/>
  <system-out/>
  <testcase classname="com.jack.task2.Gibsondunn" name="run" time="4.142"/>
  <system-out/>
  <testcase classname="com.jack.task2.Gibsondunn" name="run" time="4.062"/>
  <system-out/>
  <testcase classname="com.jack.task2.Gibsondunn" name="run" time="4.101"/>
  <system-out/>
  <testcase classname="com.jack.task2.Gibsondunn" name="run" time="4.018"/>
  <system-out/>
  <testcase classname="com.jack.task2.Gibsondunn" name="run" time="4.205"/>
  <system-out/>
  <testcase classname="com.jack.task2.Gibsondunn" name="run" time="3.916"/>
  <system-out/>
  <testcase classname="com.jack.task2.Gibsondunn" name="run" time="4.881"/>
  <system-out/>
  <testcase classname="com.jack.task2.Gibsondunn" name="run" time="3.712"/>
  <system-out/>
  <testcase classname="com.jack.task2.Gibsondunn" name="run" time="4.179"/>
  <system-out/>
  <testcase classname="com.jack.task2.Gibsondunn" name="run" time="3.981"/>
  <system-out/>
  <testcase classname="com.jack.task2.Gibsondunn" name="run" time="3.954"/>
  <system-out/>
  <testcase classname="com.jack.task2.Gibsondunn" name="run" time="3.956"/>
  <system-out/>
  <testcase classname="com.jack.task2.Gibsondunn" name="run" time="3.683"/>
  <system-out/>
  <testcase classname="com.jack.task2.Gibsondunn" name="run" time="3.937"/>
  <system-out/>
  <testcase classname="com.jack.task2.Gibsondunn" name="run" time="4.433"/>
  <system-out/>
  <testcase classname="com.jack.task2.Gibsondunn" name="run" time="4.742"/>
  <system-out/>
  <testcase classname="com.jack.task2.Gibsondunn" name="run" time="3.664"/>
  <system-out/>
  <testcase classname="com.jack.task2.Gibsondunn" name="run" time="4.038"/>
  <system-out/>
  <testcase classname="com.jack.task2.Gibsondunn" name="run" time="4.122"/>
  <system-out/>
  <testcase classname="com.jack.task2.Gibsondunn" name="run" time="3.973"/>
  <system-out/>
  <testcase classname="com.jack.task2.Gibsondunn" name="run" time="4.201"/>
  <system-out/>
  <testcase classname="com.jack.task2.Gibsondunn" name="run" time="4.272"/>
  <system-out/>
  <testcase classname="com.jack.task2.Gibsondunn" name="run" time="3.773"/>
  <system-out/>
  <testcase classname="com.jack.task2.Gibsondunn" name="run" time="4.530"/>
  <system-out/>
  <testcase classname="com.jack.task2.Gibsondunn" name="run" time="3.712"/>
  <system-out/>
  <testcase classname="com.jack.task2.Gibsondunn" name="run" time="3.970"/>
  <system-out/>
  <testcase classname="com.jack.task2.Gibsondunn" name="run" time="4.033"/>
  <system-out/>
  <testcase classname="com.jack.task2.Gibsondunn" name="run" time="3.628"/>
  <system-out/>
  <testcase classname="com.jack.task2.Gibsondunn" name="run" time="4.034"/>
  <system-out/>
  <testcase classname="com.jack.task2.Gibsondunn" name="run" time="3.611"/>
  <system-out/>
  <testcase classname="com.jack.task2.Gibsondunn" name="run" time="3.917"/>
  <system-out/>
  <testcase classname="com.jack.task2.Gibsondunn" name="run" time="3.913"/>
  <system-out/>
  <testcase classname="com.jack.task2.Gibsondunn" name="run" time="4.218"/>
  <system-out/>
  <testcase classname="com.jack.task2.Gibsondunn" name="run" time="4.136"/>
  <system-out/>
  <testcase classname="com.jack.task2.Gibsondunn" name="run" time="3.710"/>
  <system-out/>
  <testcase classname="com.jack.task2.Gibsondunn" name="run" time="4.082"/>
  <system-out/>
  <testcase classname="com.jack.task2.Gibsondunn" name="run" time="3.795"/>
  <system-out/>
  <testcase classname="com.jack.task2.Gibsondunn" name="run" time="5.165"/>
  <system-out/>
  <testcase classname="com.jack.task2.Gibsondunn" name="run" time="3.614"/>
  <system-out/>
  <testcase classname="com.jack.task2.Gibsondunn" name="run" time="3.979"/>
  <system-out/>
  <testcase classname="com.jack.task2.Gibsondunn" name="run" time="3.702"/>
  <system-out/>
  <testcase classname="com.jack.task2.Gibsondunn" name="run" time="5.649"/>
  <system-out/>
  <testcase classname="com.jack.task2.Gibsondunn" name="run" time="5.652"/>
  <system-out/>
  <testcase classname="com.jack.task2.Gibsondunn" name="run" time="3.978"/>
  <system-out/>
  <testcase classname="com.jack.task2.Gibsondunn" name="run" time="3.613"/>
  <system-out/>
  <testcase classname="com.jack.task2.Gibsondunn" name="run" time="3.630"/>
  <system-out/>
  <testcase classname="com.jack.task2.Gibsondunn" name="run" time="4.176"/>
  <system-out/>
  <testcase classname="com.jack.task2.Gibsondunn" name="run" time="3.963"/>
  <system-out/>
  <testcase classname="com.jack.task2.Gibsondunn" name="run" time="4.000"/>
  <system-out/>
  <testcase classname="com.jack.task2.Gibsondunn" name="run" time="4.245"/>
  <system-out/>
  <testcase classname="com.jack.task2.Gibsondunn" name="run" time="3.852"/>
  <system-out/>
  <testcase classname="com.jack.task2.Gibsondunn" name="run" time="3.977"/>
  <system-out/>
  <testcase classname="com.jack.task2.Gibsondunn" name="run" time="6.328"/>
  <system-out/>
  <testcase classname="com.jack.task2.Gibsondunn" name="run" time="4.387"/>
  <system-out/>
  <testcase classname="com.jack.task2.Gibsondunn" name="run" time="3.735"/>
  <system-out/>
  <testcase classname="com.jack.task2.Gibsondunn" name="run" time="4.728"/>
  <system-out/>
  <testcase classname="com.jack.task2.Gibsondunn" name="run" time="3.978"/>
  <system-out/>
  <testcase classname="com.jack.task2.Gibsondunn" name="run" time="4.016"/>
  <system-out/>
  <testcase classname="com.jack.task2.Gibsondunn" name="run" time="4.350"/>
  <system-out/>
  <testcase classname="com.jack.task2.Gibsondunn" name="run" time="4.417"/>
  <system-out/>
  <testcase classname="com.jack.task2.Gibsondunn" name="run" time="3.631"/>
  <system-out/>
  <testcase classname="com.jack.task2.Gibsondunn" name="run" time="5.357"/>
  <system-out/>
  <testcase classname="com.jack.task2.Gibsondunn" name="run" time="3.928"/>
  <system-out/>
  <testcase classname="com.jack.task2.Gibsondunn" name="run" time="4.403"/>
  <system-out/>
  <testcase classname="com.jack.task2.Gibsondunn" name="run" time="3.678"/>
  <system-out/>
  <testcase classname="com.jack.task2.Gibsondunn" name="run" time="3.669"/>
  <system-out/>
  <testcase classname="com.jack.task2.Gibsondunn" name="run" time="4.516"/>
  <system-out/>
  <testcase classname="com.jack.task2.Gibsondunn" name="run" time="3.722"/>
  <system-out/>
  <testcase classname="com.jack.task2.Gibsondunn" name="run" time="3.790"/>
  <system-out/>
  <testcase classname="com.jack.task2.Gibsondunn" name="run" time="3.540"/>
  <system-out/>
  <testcase classname="com.jack.task2.Gibsondunn" name="run" time="4.427"/>
  <system-out/>
  <testcase classname="com.jack.task2.Gibsondunn" name="run" time="3.753"/>
  <system-out/>
  <testcase classname="com.jack.task2.Gibsondunn" name="run" time="4.237"/>
  <system-out/>
  <testcase classname="com.jack.task2.Gibsondunn" name="run" time="4.054"/>
  <system-out/>
  <testcase classname="com.jack.task2.Gibsondunn" name="run" time="3.957"/>
  <system-out/>
  <testcase classname="com.jack.task2.Gibsondunn" name="run" time="5.594"/>
  <system-out/>
  <testcase classname="com.jack.task2.Gibsondunn" name="run" time="3.825"/>
  <system-out/>
  <testcase classname="com.jack.task2.Gibsondunn" name="run" time="4.319"/>
  <system-out/>
  <testcase classname="com.jack.task2.Gibsondunn" name="run" time="3.883"/>
  <system-out/>
  <testcase classname="com.jack.task2.Gibsondunn" name="run" time="4.044"/>
  <system-out/>
  <testcase classname="com.jack.task2.Gibsondunn" name="run" time="3.764"/>
  <system-out/>
  <testcase classname="com.jack.task2.Gibsondunn" name="run" time="4.154"/>
  <system-out/>
  <testcase classname="com.jack.task2.Gibsondunn" name="run" time="4.083"/>
  <system-out/>
  <testcase classname="com.jack.task2.Gibsondunn" name="run" time="3.546"/>
  <system-out/>
  <testcase classname="com.jack.task2.Gibsondunn" name="run" time="4.419"/>
  <system-out/>
  <testcase classname="com.jack.task2.Gibsondunn" name="run" time="4.326"/>
  <system-out/>
  <testcase classname="com.jack.task2.Gibsondunn" name="run" time="4.566"/>
  <system-out/>
  <testcase classname="com.jack.task2.Gibsondunn" name="run" time="4.137"/>
  <system-out/>
  <testcase classname="com.jack.task2.Gibsondunn" name="run" time="3.605"/>
  <system-out/>
  <testcase classname="com.jack.task2.Gibsondunn" name="run" time="3.724"/>
  <system-out/>
  <testcase classname="com.jack.task2.Gibsondunn" name="run" time="4.122"/>
  <system-out/>
  <testcase classname="com.jack.task2.Gibsondunn" name="run" time="3.868"/>
  <system-out/>
  <testcase classname="com.jack.task2.Gibsondunn" name="run" time="4.985"/>
  <system-out/>
  <testcase classname="com.jack.task2.Gibsondunn" name="run" time="4.925"/>
  <system-out/>
  <testcase classname="com.jack.task2.Gibsondunn" name="run" time="3.946"/>
  <system-out/>
  <testcase classname="com.jack.task2.Gibsondunn" name="run" time="4.149"/>
  <system-out/>
  <testcase classname="com.jack.task2.Gibsondunn" name="run" time="3.770"/>
  <system-out/>
  <testcase classname="com.jack.task2.Gibsondunn" name="run" time="3.814"/>
  <system-out/>
  <testcase classname="com.jack.task2.Gibsondunn" name="run" time="4.112"/>
  <system-out/>
  <testcase classname="com.jack.task2.Gibsondunn" name="run" time="3.682"/>
  <system-out/>
  <testcase classname="com.jack.task2.Gibsondunn" name="run" time="3.582"/>
  <system-out/>
  <testcase classname="com.jack.task2.Gibsondunn" name="run" time="3.930"/>
  <system-out/>
  <testcase classname="com.jack.task2.Gibsondunn" name="run" time="3.658"/>
  <system-out/>
  <testcase classname="com.jack.task2.Gibsondunn" name="run" time="3.618"/>
  <system-out/>
  <testcase classname="com.jack.task2.Gibsondunn" name="run" time="4.199"/>
  <system-out/>
  <testcase classname="com.jack.task2.Gibsondunn" name="run" time="3.636"/>
  <system-out/>
  <testcase classname="com.jack.task2.Gibsondunn" name="run" time="4.187"/>
  <system-out/>
  <testcase classname="com.jack.task2.Gibsondunn" name="run" time="4.260"/>
  <system-out/>
  <testcase classname="com.jack.task2.Gibsondunn" name="run" time="4.103"/>
  <system-out/>
  <testcase classname="com.jack.task2.Gibsondunn" name="run" time="4.119"/>
  <system-out/>
  <testcase classname="com.jack.task2.Gibsondunn" name="run" time="3.798"/>
  <system-out/>
  <testcase classname="com.jack.task2.Gibsondunn" name="run" time="4.547"/>
  <system-out/>
  <testcase classname="com.jack.task2.Gibsondunn" name="run" time="3.677"/>
  <system-out/>
  <testcase classname="com.jack.task2.Gibsondunn" name="run" time="3.597"/>
  <system-out/>
  <testcase classname="com.jack.task2.Gibsondunn" name="run" time="3.711"/>
  <system-out/>
  <testcase classname="com.jack.task2.Gibsondunn" name="run" time="6.819"/>
  <system-out/>
  <testcase classname="com.jack.task2.Gibsondunn" name="run" time="3.553"/>
  <system-out/>
  <testcase classname="com.jack.task2.Gibsondunn" name="testx" time="0.000"/>
  <system-out/>
  <testcase classname="com.jack.task2.Gibsondunn" name="run" time="3.692"/>
  <system-out/>
  <testcase classname="com.jack.task2.Gibsondunn" name="run" time="3.951"/>
  <system-out/>
  <testcase classname="com.jack.task2.Gibsondunn" name="run" time="3.731"/>
  <system-out/>
  <testcase classname="com.jack.task2.Gibsondunn" name="run" time="3.828"/>
  <system-out/>
  <testcase classname="com.jack.task2.Gibsondunn" name="run" time="4.065"/>
  <system-out/>
  <testcase classname="com.jack.task2.Gibsondunn" name="run" time="4.071"/>
  <system-out/>
  <testcase classname="com.jack.task2.Gibsondunn" name="run" time="4.342"/>
  <system-out/>
  <testcase classname="com.jack.task2.Gibsondunn" name="run" time="3.615"/>
  <system-out/>
  <testcase classname="com.jack.task2.Gibsondunn" name="run" time="4.411"/>
  <system-out/>
  <testcase classname="com.jack.task2.Gibsondunn" name="run" time="3.557"/>
  <system-out/>
  <testcase classname="com.jack.task2.Gibsondunn" name="run" time="3.677"/>
  <system-out/>
  <testcase classname="com.jack.task2.Gibsondunn" name="run" time="3.515"/>
  <system-out/>
  <testcase classname="com.jack.task2.Gibsondunn" name="run" time="4.128"/>
  <system-out/>
  <testcase classname="com.jack.task2.Gibsondunn" name="run" time="5.607"/>
  <system-out/>
  <testcase classname="com.jack.task2.Gibsondunn" name="run" time="4.050"/>
  <system-out/>
  <testcase classname="com.jack.task2.Gibsondunn" name="run" time="3.901"/>
  <system-out/>
  <testcase classname="com.jack.task2.Gibsondunn" name="run" time="4.837"/>
  <system-out/>
  <testcase classname="com.jack.task2.Gibsondunn" name="run" time="3.898"/>
  <system-out/>
  <testcase classname="com.jack.task2.Gibsondunn" name="run" time="3.761"/>
  <system-out/>
  <testcase classname="com.jack.task2.Gibsondunn" name="run" time="3.959"/>
  <system-out/>
  <testcase classname="com.jack.task2.Gibsondunn" name="run" time="4.750"/>
  <system-out/>
  <testcase classname="com.jack.task2.Gibsondunn" name="run" time="4.693"/>
  <system-out/>
  <testcase classname="com.jack.task2.Gibsondunn" name="run" time="4.230"/>
  <system-out/>
  <testcase classname="com.jack.task2.Gibsondunn" name="run" time="4.236"/>
  <system-out/>
  <testcase classname="com.jack.task2.Gibsondunn" name="run" time="3.910"/>
  <system-out/>
  <testcase classname="com.jack.task2.Gibsondunn" name="run" time="4.598"/>
  <system-out/>
  <testcase classname="com.jack.task2.Gibsondunn" name="run" time="3.891"/>
  <system-out/>
  <testcase classname="com.jack.task2.Gibsondunn" name="run" time="3.763"/>
  <system-out/>
  <testcase classname="com.jack.task2.Gibsondunn" name="run" time="3.762"/>
  <system-out/>
  <testcase classname="com.jack.task2.Gibsondunn" name="run" time="4.185"/>
  <system-out/>
  <testcase classname="com.jack.task2.Gibsondunn" name="run" time="3.717"/>
  <system-out/>
  <testcase classname="com.jack.task2.Gibsondunn" name="run" time="5.201"/>
  <system-out/>
  <testcase classname="com.jack.task2.Gibsondunn" name="run" time="4.028"/>
  <system-out/>
  <testcase classname="com.jack.task2.Gibsondunn" name="run" time="4.315"/>
  <system-out/>
  <testcase classname="com.jack.task2.Gibsondunn" name="run" time="4.009"/>
  <system-out/>
  <testcase classname="com.jack.task2.Gibsondunn" name="run" time="4.186"/>
  <system-out/>
  <testcase classname="com.jack.task2.Gibsondunn" name="run" time="4.584"/>
  <system-out/>
  <testcase classname="com.jack.task2.Gibsondunn" name="run" time="4.019"/>
  <system-out/>
  <testcase classname="com.jack.task2.Gibsondunn" name="run" time="5.329"/>
  <system-out/>
  <testcase classname="com.jack.task2.Gibsondunn" name="run" time="3.739"/>
  <system-out/>
  <testcase classname="com.jack.task2.Gibsondunn" name="run" time="3.967"/>
  <system-out/>
  <testcase classname="com.jack.task2.Gibsondunn" name="run" time="4.189"/>
  <system-out/>
  <testcase classname="com.jack.task2.Gibsondunn" name="run" time="5.079"/>
  <system-out/>
  <testcase classname="com.jack.task2.Gibsondunn" name="run" time="3.908"/>
  <system-out/>
  <testcase classname="com.jack.task2.Gibsondunn" name="run" time="4.080"/>
  <system-out/>
  <testcase classname="com.jack.task2.Gibsondunn" name="run" time="3.749"/>
  <system-out/>
  <testcase classname="com.jack.task2.Gibsondunn" name="run" time="3.901"/>
  <system-out/>
  <testcase classname="com.jack.task2.Gibsondunn" name="run" time="3.947"/>
  <system-out/>
  <testcase classname="com.jack.task2.Gibsondunn" name="run" time="3.600"/>
  <system-out/>
  <testcase classname="com.jack.task2.Gibsondunn" name="run" time="3.556"/>
  <system-out/>
  <testcase classname="com.jack.task2.Gibsondunn" name="run" time="3.981"/>
  <system-out/>
  <testcase classname="com.jack.task2.Gibsondunn" name="run" time="3.940"/>
  <system-out/>
  <testcase classname="com.jack.task2.Gibsondunn" name="run" time="3.905"/>
  <system-out/>
  <testcase classname="com.jack.task2.Gibsondunn" name="run" time="3.693"/>
  <system-out/>
  <testcase classname="com.jack.task2.Gibsondunn" name="run" time="3.973"/>
  <system-out/>
  <testcase classname="com.jack.task2.Gibsondunn" name="run" time="5.107"/>
  <system-out/>
  <testcase classname="com.jack.task2.Gibsondunn" name="run" time="3.663"/>
  <system-out/>
  <testcase classname="com.jack.task2.Gibsondunn" name="run" time="4.143"/>
  <system-out/>
  <testcase classname="com.jack.task2.Gibsondunn" name="run" time="3.989"/>
  <system-out/>
  <testcase classname="com.jack.task2.Gibsondunn" name="run" time="4.105"/>
  <system-out/>
  <testcase classname="com.jack.task2.Gibsondunn" name="run" time="5.683"/>
  <system-out/>
  <testcase classname="com.jack.task2.Gibsondunn" name="run" time="3.936"/>
  <system-out/>
  <testcase classname="com.jack.task2.Gibsondunn" name="run" time="3.931"/>
  <system-out/>
  <testcase classname="com.jack.task2.Gibsondunn" name="run" time="3.725"/>
  <system-out/>
  <testcase classname="com.jack.task2.Gibsondunn" name="run" time="4.457"/>
  <system-out/>
  <testcase classname="com.jack.task2.Gibsondunn" name="run" time="5.322"/>
  <system-out/>
  <testcase classname="com.jack.task2.Gibsondunn" name="run" time="3.800"/>
  <system-out/>
  <testcase classname="com.jack.task2.Gibsondunn" name="run" time="3.813"/>
  <system-out/>
  <testcase classname="com.jack.task2.Gibsondunn" name="run" time="4.265"/>
  <system-out/>
  <testcase classname="com.jack.task2.Gibsondunn" name="run" time="3.819"/>
  <system-out/>
  <testcase classname="com.jack.task2.Gibsondunn" name="run" time="3.901"/>
  <system-out/>
  <testcase classname="com.jack.task2.Gibsondunn" name="run" time="4.038"/>
  <system-out/>
  <testcase classname="com.jack.task2.Gibsondunn" name="run" time="4.315"/>
  <system-out/>
  <testcase classname="com.jack.task2.Gibsondunn" name="run" time="4.400"/>
  <system-out/>
  <testcase classname="com.jack.task2.Gibsondunn" name="run" time="5.827"/>
  <system-out/>
  <testcase classname="com.jack.task2.Gibsondunn" name="run" time="4.290"/>
  <system-out/>
  <testcase classname="com.jack.task2.Gibsondunn" name="run" time="3.774"/>
  <system-out/>
  <testcase classname="com.jack.task2.Gibsondunn" name="run" time="3.779"/>
  <system-out/>
  <testcase classname="com.jack.task2.Gibsondunn" name="run" time="4.573"/>
  <system-out/>
  <testcase classname="com.jack.task2.Gibsondunn" name="run" time="4.674"/>
  <system-out/>
  <testcase classname="com.jack.task2.Gibsondunn" name="run" time="4.062"/>
  <system-out/>
  <testcase classname="com.jack.task2.Gibsondunn" name="run" time="3.689"/>
  <system-out/>
  <testcase classname="com.jack.task2.Gibsondunn" name="run" time="3.683"/>
  <system-out/>
  <testcase classname="com.jack.task2.Gibsondunn" name="run" time="3.604"/>
  <system-out/>
  <testcase classname="com.jack.task2.Gibsondunn" name="run" time="3.818"/>
  <system-out/>
  <testcase classname="com.jack.task2.Gibsondunn" name="run" time="3.904"/>
  <system-out/>
  <testcase classname="com.jack.task2.Gibsondunn" name="run" time="4.842"/>
  <system-out/>
  <testcase classname="com.jack.task2.Gibsondunn" name="run" time="4.392"/>
  <system-out/>
  <testcase classname="com.jack.task2.Gibsondunn" name="run" time="3.940"/>
  <system-out/>
  <testcase classname="com.jack.task2.Gibsondunn" name="run" time="4.370"/>
  <system-out/>
  <testcase classname="com.jack.task2.Gibsondunn" name="run" time="3.614"/>
  <system-out/>
  <testcase classname="com.jack.task2.Gibsondunn" name="run" time="4.099"/>
  <system-out/>
  <testcase classname="com.jack.task2.Gibsondunn" name="run" time="3.680"/>
  <system-out/>
</testsuite> <!-- com.jack.task2.Gibsondunn -->
