<?xml version="1.0" encoding="UTF-8"?>
<!-- Generated by org.testng.reporters.JUnitReportReporter -->
<testsuite hostname="DESKTOP-89RDKF8" failures="0" tests="1260" name="com.jack.task.Faegredrinker" time="9698.436" errors="0" timestamp="2023-01-21T21:15:13 BDT" skipped="0">
  <testcase classname="com.jack.task.Faegredrinker" name="run" time="3.338"/>
  <system-out/>
  <testcase classname="com.jack.task.Faegredrinker" name="run" time="4.842"/>
  <system-out/>
  <testcase classname="com.jack.task.Faegredrinker" name="run" time="11.214"/>
  <system-out/>
  <testcase classname="com.jack.task.Faegredrinker" name="run" time="4.321"/>
  <system-out/>
  <testcase classname="com.jack.task.Faegredrinker" name="run" time="5.870"/>
  <system-out/>
  <testcase classname="com.jack.task.Faegredrinker" name="run" time="3.920"/>
  <system-out/>
  <testcase classname="com.jack.task.Faegredrinker" name="run" time="12.524"/>
  <system-out/>
  <testcase classname="com.jack.task.Faegredrinker" name="run" time="4.484"/>
  <system-out/>
  <testcase classname="com.jack.task.Faegredrinker" name="run" time="12.222"/>
  <system-out/>
  <testcase classname="com.jack.task.Faegredrinker" name="run" time="5.575"/>
  <system-out/>
  <testcase classname="com.jack.task.Faegredrinker" name="run" time="5.982"/>
  <system-out/>
  <testcase classname="com.jack.task.Faegredrinker" name="run" time="10.076"/>
  <system-out/>
  <testcase classname="com.jack.task.Faegredrinker" name="run" time="4.384"/>
  <system-out/>
  <testcase classname="com.jack.task.Faegredrinker" name="run" time="6.799"/>
  <system-out/>
  <testcase classname="com.jack.task.Faegredrinker" name="run" time="4.785"/>
  <system-out/>
  <testcase classname="com.jack.task.Faegredrinker" name="run" time="4.507"/>
  <system-out/>
  <testcase classname="com.jack.task.Faegredrinker" name="run" time="6.149"/>
  <system-out/>
  <testcase classname="com.jack.task.Faegredrinker" name="run" time="3.247"/>
  <system-out/>
  <testcase classname="com.jack.task.Faegredrinker" name="run" time="12.173"/>
  <system-out/>
  <testcase classname="com.jack.task.Faegredrinker" name="run" time="5.348"/>
  <system-out/>
  <testcase classname="com.jack.task.Faegredrinker" name="run" time="14.532"/>
  <system-out/>
  <testcase classname="com.jack.task.Faegredrinker" name="run" time="4.551"/>
  <system-out/>
  <testcase classname="com.jack.task.Faegredrinker" name="run" time="15.638"/>
  <system-out/>
  <testcase classname="com.jack.task.Faegredrinker" name="run" time="3.052"/>
  <system-out/>
  <testcase classname="com.jack.task.Faegredrinker" name="run" time="5.391"/>
  <system-out/>
  <testcase classname="com.jack.task.Faegredrinker" name="run" time="9.201"/>
  <system-out/>
  <testcase classname="com.jack.task.Faegredrinker" name="run" time="13.415"/>
  <system-out/>
  <testcase classname="com.jack.task.Faegredrinker" name="run" time="14.777"/>
  <system-out/>
  <testcase classname="com.jack.task.Faegredrinker" name="run" time="8.915"/>
  <system-out/>
  <testcase classname="com.jack.task.Faegredrinker" name="run" time="4.949"/>
  <system-out/>
  <testcase classname="com.jack.task.Faegredrinker" name="run" time="6.923"/>
  <system-out/>
  <testcase classname="com.jack.task.Faegredrinker" name="run" time="14.665"/>
  <system-out/>
  <testcase classname="com.jack.task.Faegredrinker" name="run" time="4.067"/>
  <system-out/>
  <testcase classname="com.jack.task.Faegredrinker" name="run" time="13.814"/>
  <system-out/>
  <testcase classname="com.jack.task.Faegredrinker" name="run" time="9.778"/>
  <system-out/>
  <testcase classname="com.jack.task.Faegredrinker" name="run" time="12.364"/>
  <system-out/>
  <testcase classname="com.jack.task.Faegredrinker" name="run" time="5.669"/>
  <system-out/>
  <testcase classname="com.jack.task.Faegredrinker" name="run" time="5.586"/>
  <system-out/>
  <testcase classname="com.jack.task.Faegredrinker" name="run" time="12.792"/>
  <system-out/>
  <testcase classname="com.jack.task.Faegredrinker" name="run" time="6.922"/>
  <system-out/>
  <testcase classname="com.jack.task.Faegredrinker" name="run" time="4.610"/>
  <system-out/>
  <testcase classname="com.jack.task.Faegredrinker" name="run" time="12.351"/>
  <system-out/>
  <testcase classname="com.jack.task.Faegredrinker" name="run" time="5.430"/>
  <system-out/>
  <testcase classname="com.jack.task.Faegredrinker" name="run" time="13.201"/>
  <system-out/>
  <testcase classname="com.jack.task.Faegredrinker" name="run" time="4.011"/>
  <system-out/>
  <testcase classname="com.jack.task.Faegredrinker" name="run" time="5.766"/>
  <system-out/>
  <testcase classname="com.jack.task.Faegredrinker" name="run" time="15.026"/>
  <system-out/>
  <testcase classname="com.jack.task.Faegredrinker" name="run" time="13.399"/>
  <system-out/>
  <testcase classname="com.jack.task.Faegredrinker" name="run" time="3.264"/>
  <system-out/>
  <testcase classname="com.jack.task.Faegredrinker" name="run" time="6.861"/>
  <system-out/>
  <testcase classname="com.jack.task.Faegredrinker" name="run" time="6.925"/>
  <system-out/>
  <testcase classname="com.jack.task.Faegredrinker" name="run" time="6.414"/>
  <system-out/>
  <testcase classname="com.jack.task.Faegredrinker" name="run" time="7.304"/>
  <system-out/>
  <testcase classname="com.jack.task.Faegredrinker" name="run" time="6.322"/>
  <system-out/>
  <testcase classname="com.jack.task.Faegredrinker" name="run" time="3.882"/>
  <system-out/>
  <testcase classname="com.jack.task.Faegredrinker" name="run" time="8.411"/>
  <system-out/>
  <testcase classname="com.jack.task.Faegredrinker" name="run" time="10.953"/>
  <system-out/>
  <testcase classname="com.jack.task.Faegredrinker" name="run" time="13.597"/>
  <system-out/>
  <testcase classname="com.jack.task.Faegredrinker" name="run" time="5.731"/>
  <system-out/>
  <testcase classname="com.jack.task.Faegredrinker" name="run" time="16.577"/>
  <system-out/>
  <testcase classname="com.jack.task.Faegredrinker" name="run" time="5.402"/>
  <system-out/>
  <testcase classname="com.jack.task.Faegredrinker" name="run" time="13.541"/>
  <system-out/>
  <testcase classname="com.jack.task.Faegredrinker" name="run" time="4.200"/>
  <system-out/>
  <testcase classname="com.jack.task.Faegredrinker" name="run" time="11.490"/>
  <system-out/>
  <testcase classname="com.jack.task.Faegredrinker" name="run" time="4.438"/>
  <system-out/>
  <testcase classname="com.jack.task.Faegredrinker" name="run" time="13.255"/>
  <system-out/>
  <testcase classname="com.jack.task.Faegredrinker" name="run" time="3.329"/>
  <system-out/>
  <testcase classname="com.jack.task.Faegredrinker" name="run" time="5.294"/>
  <system-out/>
  <testcase classname="com.jack.task.Faegredrinker" name="run" time="6.850"/>
  <system-out/>
  <testcase classname="com.jack.task.Faegredrinker" name="run" time="7.007"/>
  <system-out/>
  <testcase classname="com.jack.task.Faegredrinker" name="run" time="4.023"/>
  <system-out/>
  <testcase classname="com.jack.task.Faegredrinker" name="run" time="11.314"/>
  <system-out/>
  <testcase classname="com.jack.task.Faegredrinker" name="run" time="4.680"/>
  <system-out/>
  <testcase classname="com.jack.task.Faegredrinker" name="run" time="12.629"/>
  <system-out/>
  <testcase classname="com.jack.task.Faegredrinker" name="run" time="3.875"/>
  <system-out/>
  <testcase classname="com.jack.task.Faegredrinker" name="run" time="4.231"/>
  <system-out/>
  <testcase classname="com.jack.task.Faegredrinker" name="run" time="5.121"/>
  <system-out/>
  <testcase classname="com.jack.task.Faegredrinker" name="run" time="5.062"/>
  <system-out/>
  <testcase classname="com.jack.task.Faegredrinker" name="run" time="13.572"/>
  <system-out/>
  <testcase classname="com.jack.task.Faegredrinker" name="run" time="15.232"/>
  <system-out/>
  <testcase classname="com.jack.task.Faegredrinker" name="run" time="4.642"/>
  <system-out/>
  <testcase classname="com.jack.task.Faegredrinker" name="run" time="12.962"/>
  <system-out/>
  <testcase classname="com.jack.task.Faegredrinker" name="testx" time="0.004"/>
  <system-out/>
  <testcase classname="com.jack.task.Faegredrinker" name="run" time="4.728"/>
  <system-out/>
  <testcase classname="com.jack.task.Faegredrinker" name="run" time="5.159"/>
  <system-out/>
  <testcase classname="com.jack.task.Faegredrinker" name="run" time="5.222"/>
  <system-out/>
  <testcase classname="com.jack.task.Faegredrinker" name="run" time="7.676"/>
  <system-out/>
  <testcase classname="com.jack.task.Faegredrinker" name="run" time="3.203"/>
  <system-out/>
  <testcase classname="com.jack.task.Faegredrinker" name="run" time="3.060"/>
  <system-out/>
  <testcase classname="com.jack.task.Faegredrinker" name="run" time="4.047"/>
  <system-out/>
  <testcase classname="com.jack.task.Faegredrinker" name="run" time="4.781"/>
  <system-out/>
  <testcase classname="com.jack.task.Faegredrinker" name="run" time="3.342"/>
  <system-out/>
  <testcase classname="com.jack.task.Faegredrinker" name="run" time="5.081"/>
  <system-out/>
  <testcase classname="com.jack.task.Faegredrinker" name="run" time="5.567"/>
  <system-out/>
  <testcase classname="com.jack.task.Faegredrinker" name="run" time="14.992"/>
  <system-out/>
  <testcase classname="com.jack.task.Faegredrinker" name="run" time="3.338"/>
  <system-out/>
  <testcase classname="com.jack.task.Faegredrinker" name="run" time="4.313"/>
  <system-out/>
  <testcase classname="com.jack.task.Faegredrinker" name="run" time="6.325"/>
  <system-out/>
  <testcase classname="com.jack.task.Faegredrinker" name="run" time="17.620"/>
  <system-out/>
  <testcase classname="com.jack.task.Faegredrinker" name="run" time="16.545"/>
  <system-out/>
  <testcase classname="com.jack.task.Faegredrinker" name="run" time="9.387"/>
  <system-out/>
  <testcase classname="com.jack.task.Faegredrinker" name="run" time="13.749"/>
  <system-out/>
  <testcase classname="com.jack.task.Faegredrinker" name="run" time="3.281"/>
  <system-out/>
  <testcase classname="com.jack.task.Faegredrinker" name="run" time="2.876"/>
  <system-out/>
  <testcase classname="com.jack.task.Faegredrinker" name="run" time="6.141"/>
  <system-out/>
  <testcase classname="com.jack.task.Faegredrinker" name="run" time="3.671"/>
  <system-out/>
  <testcase classname="com.jack.task.Faegredrinker" name="run" time="18.848"/>
  <system-out/>
  <testcase classname="com.jack.task.Faegredrinker" name="run" time="13.217"/>
  <system-out/>
  <testcase classname="com.jack.task.Faegredrinker" name="run" time="3.969"/>
  <system-out/>
  <testcase classname="com.jack.task.Faegredrinker" name="run" time="3.640"/>
  <system-out/>
  <testcase classname="com.jack.task.Faegredrinker" name="run" time="2.989"/>
  <system-out/>
  <testcase classname="com.jack.task.Faegredrinker" name="run" time="5.725"/>
  <system-out/>
  <testcase classname="com.jack.task.Faegredrinker" name="run" time="11.652"/>
  <system-out/>
  <testcase classname="com.jack.task.Faegredrinker" name="run" time="6.968"/>
  <system-out/>
  <testcase classname="com.jack.task.Faegredrinker" name="run" time="2.697"/>
  <system-out/>
  <testcase classname="com.jack.task.Faegredrinker" name="run" time="12.937"/>
  <system-out/>
  <testcase classname="com.jack.task.Faegredrinker" name="run" time="4.154"/>
  <system-out/>
  <testcase classname="com.jack.task.Faegredrinker" name="run" time="10.283"/>
  <system-out/>
  <testcase classname="com.jack.task.Faegredrinker" name="run" time="9.123"/>
  <system-out/>
  <testcase classname="com.jack.task.Faegredrinker" name="run" time="16.523"/>
  <system-out/>
  <testcase classname="com.jack.task.Faegredrinker" name="run" time="3.470"/>
  <system-out/>
  <testcase classname="com.jack.task.Faegredrinker" name="run" time="6.370"/>
  <system-out/>
  <testcase classname="com.jack.task.Faegredrinker" name="run" time="4.018"/>
  <system-out/>
  <testcase classname="com.jack.task.Faegredrinker" name="run" time="10.774"/>
  <system-out/>
  <testcase classname="com.jack.task.Faegredrinker" name="run" time="5.893"/>
  <system-out/>
  <testcase classname="com.jack.task.Faegredrinker" name="run" time="5.506"/>
  <system-out/>
  <testcase classname="com.jack.task.Faegredrinker" name="run" time="3.056"/>
  <system-out/>
  <testcase classname="com.jack.task.Faegredrinker" name="run" time="4.699"/>
  <system-out/>
  <testcase classname="com.jack.task.Faegredrinker" name="run" time="11.966"/>
  <system-out/>
  <testcase classname="com.jack.task.Faegredrinker" name="run" time="3.720"/>
  <system-out/>
  <testcase classname="com.jack.task.Faegredrinker" name="run" time="11.278"/>
  <system-out/>
  <testcase classname="com.jack.task.Faegredrinker" name="run" time="6.327"/>
  <system-out/>
  <testcase classname="com.jack.task.Faegredrinker" name="run" time="11.523"/>
  <system-out/>
  <testcase classname="com.jack.task.Faegredrinker" name="run" time="3.057"/>
  <system-out/>
  <testcase classname="com.jack.task.Faegredrinker" name="run" time="3.967"/>
  <system-out/>
  <testcase classname="com.jack.task.Faegredrinker" name="run" time="19.246"/>
  <system-out/>
  <testcase classname="com.jack.task.Faegredrinker" name="run" time="12.641"/>
  <system-out/>
  <testcase classname="com.jack.task.Faegredrinker" name="run" time="6.996"/>
  <system-out/>
  <testcase classname="com.jack.task.Faegredrinker" name="run" time="4.638"/>
  <system-out/>
  <testcase classname="com.jack.task.Faegredrinker" name="run" time="5.853"/>
  <system-out/>
  <testcase classname="com.jack.task.Faegredrinker" name="run" time="16.502"/>
  <system-out/>
  <testcase classname="com.jack.task.Faegredrinker" name="run" time="3.173"/>
  <system-out/>
  <testcase classname="com.jack.task.Faegredrinker" name="run" time="4.102"/>
  <system-out/>
  <testcase classname="com.jack.task.Faegredrinker" name="run" time="6.259"/>
  <system-out/>
  <testcase classname="com.jack.task.Faegredrinker" name="run" time="7.475"/>
  <system-out/>
  <testcase classname="com.jack.task.Faegredrinker" name="run" time="5.227"/>
  <system-out/>
  <testcase classname="com.jack.task.Faegredrinker" name="run" time="6.274"/>
  <system-out/>
  <testcase classname="com.jack.task.Faegredrinker" name="run" time="4.053"/>
  <system-out/>
  <testcase classname="com.jack.task.Faegredrinker" name="run" time="12.948"/>
  <system-out/>
  <testcase classname="com.jack.task.Faegredrinker" name="run" time="4.121"/>
  <system-out/>
  <testcase classname="com.jack.task.Faegredrinker" name="run" time="4.832"/>
  <system-out/>
  <testcase classname="com.jack.task.Faegredrinker" name="run" time="14.744"/>
  <system-out/>
  <testcase classname="com.jack.task.Faegredrinker" name="run" time="13.910"/>
  <system-out/>
  <testcase classname="com.jack.task.Faegredrinker" name="run" time="11.761"/>
  <system-out/>
  <testcase classname="com.jack.task.Faegredrinker" name="run" time="3.757"/>
  <system-out/>
  <testcase classname="com.jack.task.Faegredrinker" name="run" time="9.916"/>
  <system-out/>
  <testcase classname="com.jack.task.Faegredrinker" name="run" time="22.153"/>
  <system-out/>
  <testcase classname="com.jack.task.Faegredrinker" name="run" time="14.179"/>
  <system-out/>
  <testcase classname="com.jack.task.Faegredrinker" name="run" time="17.875"/>
  <system-out/>
  <testcase classname="com.jack.task.Faegredrinker" name="run" time="2.988"/>
  <system-out/>
  <testcase classname="com.jack.task.Faegredrinker" name="run" time="10.443"/>
  <system-out/>
  <testcase classname="com.jack.task.Faegredrinker" name="run" time="13.260"/>
  <system-out/>
  <testcase classname="com.jack.task.Faegredrinker" name="run" time="4.721"/>
  <system-out/>
  <testcase classname="com.jack.task.Faegredrinker" name="run" time="4.785"/>
  <system-out/>
  <testcase classname="com.jack.task.Faegredrinker" name="run" time="5.064"/>
  <system-out/>
  <testcase classname="com.jack.task.Faegredrinker" name="run" time="12.736"/>
  <system-out/>
  <testcase classname="com.jack.task.Faegredrinker" name="run" time="4.760"/>
  <system-out/>
  <testcase classname="com.jack.task.Faegredrinker" name="run" time="3.910"/>
  <system-out/>
  <testcase classname="com.jack.task.Faegredrinker" name="run" time="3.921"/>
  <system-out/>
  <testcase classname="com.jack.task.Faegredrinker" name="run" time="5.872"/>
  <system-out/>
  <testcase classname="com.jack.task.Faegredrinker" name="run" time="20.907"/>
  <system-out/>
  <testcase classname="com.jack.task.Faegredrinker" name="run" time="13.869"/>
  <system-out/>
  <testcase classname="com.jack.task.Faegredrinker" name="run" time="6.324"/>
  <system-out/>
  <testcase classname="com.jack.task.Faegredrinker" name="run" time="11.919"/>
  <system-out/>
  <testcase classname="com.jack.task.Faegredrinker" name="run" time="11.964"/>
  <system-out/>
  <testcase classname="com.jack.task.Faegredrinker" name="run" time="13.859"/>
  <system-out/>
  <testcase classname="com.jack.task.Faegredrinker" name="run" time="4.961"/>
  <system-out/>
  <testcase classname="com.jack.task.Faegredrinker" name="run" time="12.901"/>
  <system-out/>
  <testcase classname="com.jack.task.Faegredrinker" name="run" time="6.317"/>
  <system-out/>
  <testcase classname="com.jack.task.Faegredrinker" name="run" time="11.576"/>
  <system-out/>
  <testcase classname="com.jack.task.Faegredrinker" name="run" time="6.841"/>
  <system-out/>
  <testcase classname="com.jack.task.Faegredrinker" name="run" time="4.103"/>
  <system-out/>
  <testcase classname="com.jack.task.Faegredrinker" name="run" time="6.373"/>
  <system-out/>
  <testcase classname="com.jack.task.Faegredrinker" name="run" time="10.492"/>
  <system-out/>
  <testcase classname="com.jack.task.Faegredrinker" name="run" time="6.263"/>
  <system-out/>
  <testcase classname="com.jack.task.Faegredrinker" name="run" time="5.756"/>
  <system-out/>
  <testcase classname="com.jack.task.Faegredrinker" name="run" time="6.011"/>
  <system-out/>
  <testcase classname="com.jack.task.Faegredrinker" name="run" time="12.276"/>
  <system-out/>
  <testcase classname="com.jack.task.Faegredrinker" name="run" time="4.772"/>
  <system-out/>
  <testcase classname="com.jack.task.Faegredrinker" name="run" time="11.807"/>
  <system-out/>
  <testcase classname="com.jack.task.Faegredrinker" name="run" time="11.677"/>
  <system-out/>
  <testcase classname="com.jack.task.Faegredrinker" name="run" time="10.910"/>
  <system-out/>
  <testcase classname="com.jack.task.Faegredrinker" name="run" time="3.708"/>
  <system-out/>
  <testcase classname="com.jack.task.Faegredrinker" name="run" time="5.656"/>
  <system-out/>
  <testcase classname="com.jack.task.Faegredrinker" name="run" time="11.159"/>
  <system-out/>
  <testcase classname="com.jack.task.Faegredrinker" name="run" time="2.899"/>
  <system-out/>
  <testcase classname="com.jack.task.Faegredrinker" name="run" time="5.742"/>
  <system-out/>
  <testcase classname="com.jack.task.Faegredrinker" name="run" time="3.465"/>
  <system-out/>
  <testcase classname="com.jack.task.Faegredrinker" name="run" time="4.085"/>
  <system-out/>
  <testcase classname="com.jack.task.Faegredrinker" name="run" time="4.950"/>
  <system-out/>
  <testcase classname="com.jack.task.Faegredrinker" name="run" time="9.837"/>
  <system-out/>
  <testcase classname="com.jack.task.Faegredrinker" name="run" time="3.788"/>
  <system-out/>
  <testcase classname="com.jack.task.Faegredrinker" name="run" time="5.251"/>
  <system-out/>
  <testcase classname="com.jack.task.Faegredrinker" name="run" time="4.322"/>
  <system-out/>
  <testcase classname="com.jack.task.Faegredrinker" name="run" time="11.941"/>
  <system-out/>
  <testcase classname="com.jack.task.Faegredrinker" name="run" time="4.075"/>
  <system-out/>
  <testcase classname="com.jack.task.Faegredrinker" name="run" time="3.563"/>
  <system-out/>
  <testcase classname="com.jack.task.Faegredrinker" name="run" time="3.679"/>
  <system-out/>
  <testcase classname="com.jack.task.Faegredrinker" name="run" time="2.911"/>
  <system-out/>
  <testcase classname="com.jack.task.Faegredrinker" name="run" time="14.327"/>
  <system-out/>
  <testcase classname="com.jack.task.Faegredrinker" name="run" time="13.031"/>
  <system-out/>
  <testcase classname="com.jack.task.Faegredrinker" name="run" time="6.504"/>
  <system-out/>
  <testcase classname="com.jack.task.Faegredrinker" name="run" time="11.084"/>
  <system-out/>
  <testcase classname="com.jack.task.Faegredrinker" name="run" time="3.567"/>
  <system-out/>
  <testcase classname="com.jack.task.Faegredrinker" name="run" time="6.395"/>
  <system-out/>
  <testcase classname="com.jack.task.Faegredrinker" name="run" time="5.509"/>
  <system-out/>
  <testcase classname="com.jack.task.Faegredrinker" name="run" time="11.996"/>
  <system-out/>
  <testcase classname="com.jack.task.Faegredrinker" name="run" time="3.972"/>
  <system-out/>
  <testcase classname="com.jack.task.Faegredrinker" name="run" time="7.241"/>
  <system-out/>
  <testcase classname="com.jack.task.Faegredrinker" name="run" time="6.944"/>
  <system-out/>
  <testcase classname="com.jack.task.Faegredrinker" name="run" time="7.872"/>
  <system-out/>
  <testcase classname="com.jack.task.Faegredrinker" name="run" time="6.169"/>
  <system-out/>
  <testcase classname="com.jack.task.Faegredrinker" name="run" time="3.807"/>
  <system-out/>
  <testcase classname="com.jack.task.Faegredrinker" name="run" time="11.427"/>
  <system-out/>
  <testcase classname="com.jack.task.Faegredrinker" name="run" time="5.029"/>
  <system-out/>
  <testcase classname="com.jack.task.Faegredrinker" name="run" time="12.438"/>
  <system-out/>
  <testcase classname="com.jack.task.Faegredrinker" name="run" time="5.030"/>
  <system-out/>
  <testcase classname="com.jack.task.Faegredrinker" name="run" time="2.744"/>
  <system-out/>
  <testcase classname="com.jack.task.Faegredrinker" name="run" time="5.643"/>
  <system-out/>
  <testcase classname="com.jack.task.Faegredrinker" name="run" time="4.345"/>
  <system-out/>
  <testcase classname="com.jack.task.Faegredrinker" name="run" time="7.196"/>
  <system-out/>
  <testcase classname="com.jack.task.Faegredrinker" name="run" time="12.766"/>
  <system-out/>
  <testcase classname="com.jack.task.Faegredrinker" name="run" time="4.695"/>
  <system-out/>
  <testcase classname="com.jack.task.Faegredrinker" name="run" time="6.515"/>
  <system-out/>
  <testcase classname="com.jack.task.Faegredrinker" name="run" time="11.088"/>
  <system-out/>
  <testcase classname="com.jack.task.Faegredrinker" name="run" time="4.732"/>
  <system-out/>
  <testcase classname="com.jack.task.Faegredrinker" name="run" time="5.839"/>
  <system-out/>
  <testcase classname="com.jack.task.Faegredrinker" name="run" time="10.918"/>
  <system-out/>
  <testcase classname="com.jack.task.Faegredrinker" name="run" time="7.051"/>
  <system-out/>
  <testcase classname="com.jack.task.Faegredrinker" name="run" time="11.460"/>
  <system-out/>
  <testcase classname="com.jack.task.Faegredrinker" name="run" time="6.465"/>
  <system-out/>
  <testcase classname="com.jack.task.Faegredrinker" name="run" time="6.239"/>
  <system-out/>
  <testcase classname="com.jack.task.Faegredrinker" name="run" time="2.738"/>
  <system-out/>
  <testcase classname="com.jack.task.Faegredrinker" name="run" time="8.258"/>
  <system-out/>
  <testcase classname="com.jack.task.Faegredrinker" name="run" time="15.308"/>
  <system-out/>
  <testcase classname="com.jack.task.Faegredrinker" name="run" time="7.652"/>
  <system-out/>
  <testcase classname="com.jack.task.Faegredrinker" name="run" time="3.531"/>
  <system-out/>
  <testcase classname="com.jack.task.Faegredrinker" name="run" time="14.948"/>
  <system-out/>
  <testcase classname="com.jack.task.Faegredrinker" name="run" time="12.899"/>
  <system-out/>
  <testcase classname="com.jack.task.Faegredrinker" name="run" time="6.543"/>
  <system-out/>
  <testcase classname="com.jack.task.Faegredrinker" name="run" time="2.803"/>
  <system-out/>
  <testcase classname="com.jack.task.Faegredrinker" name="run" time="3.622"/>
  <system-out/>
  <testcase classname="com.jack.task.Faegredrinker" name="run" time="3.825"/>
  <system-out/>
  <testcase classname="com.jack.task.Faegredrinker" name="run" time="3.221"/>
  <system-out/>
  <testcase classname="com.jack.task.Faegredrinker" name="run" time="5.856"/>
  <system-out/>
  <testcase classname="com.jack.task.Faegredrinker" name="run" time="3.785"/>
  <system-out/>
  <testcase classname="com.jack.task.Faegredrinker" name="run" time="6.659"/>
  <system-out/>
  <testcase classname="com.jack.task.Faegredrinker" name="run" time="6.456"/>
  <system-out/>
  <testcase classname="com.jack.task.Faegredrinker" name="run" time="13.033"/>
  <system-out/>
  <testcase classname="com.jack.task.Faegredrinker" name="run" time="4.670"/>
  <system-out/>
  <testcase classname="com.jack.task.Faegredrinker" name="run" time="6.866"/>
  <system-out/>
  <testcase classname="com.jack.task.Faegredrinker" name="run" time="13.476"/>
  <system-out/>
  <testcase classname="com.jack.task.Faegredrinker" name="run" time="4.888"/>
  <system-out/>
  <testcase classname="com.jack.task.Faegredrinker" name="run" time="12.756"/>
  <system-out/>
  <testcase classname="com.jack.task.Faegredrinker" name="run" time="5.437"/>
  <system-out/>
  <testcase classname="com.jack.task.Faegredrinker" name="run" time="5.845"/>
  <system-out/>
  <testcase classname="com.jack.task.Faegredrinker" name="run" time="2.634"/>
  <system-out/>
  <testcase classname="com.jack.task.Faegredrinker" name="run" time="20.318"/>
  <system-out/>
  <testcase classname="com.jack.task.Faegredrinker" name="run" time="13.407"/>
  <system-out/>
  <testcase classname="com.jack.task.Faegredrinker" name="run" time="4.393"/>
  <system-out/>
  <testcase classname="com.jack.task.Faegredrinker" name="run" time="5.981"/>
  <system-out/>
  <testcase classname="com.jack.task.Faegredrinker" name="run" time="7.457"/>
  <system-out/>
  <testcase classname="com.jack.task.Faegredrinker" name="run" time="6.436"/>
  <system-out/>
  <testcase classname="com.jack.task.Faegredrinker" name="run" time="3.607"/>
  <system-out/>
  <testcase classname="com.jack.task.Faegredrinker" name="run" time="5.756"/>
  <system-out/>
  <testcase classname="com.jack.task.Faegredrinker" name="run" time="4.842"/>
  <system-out/>
  <testcase classname="com.jack.task.Faegredrinker" name="run" time="4.541"/>
  <system-out/>
  <testcase classname="com.jack.task.Faegredrinker" name="run" time="3.018"/>
  <system-out/>
  <testcase classname="com.jack.task.Faegredrinker" name="run" time="5.490"/>
  <system-out/>
  <testcase classname="com.jack.task.Faegredrinker" name="run" time="4.219"/>
  <system-out/>
  <testcase classname="com.jack.task.Faegredrinker" name="run" time="12.939"/>
  <system-out/>
  <testcase classname="com.jack.task.Faegredrinker" name="run" time="5.253"/>
  <system-out/>
  <testcase classname="com.jack.task.Faegredrinker" name="run" time="2.745"/>
  <system-out/>
  <testcase classname="com.jack.task.Faegredrinker" name="run" time="10.536"/>
  <system-out/>
  <testcase classname="com.jack.task.Faegredrinker" name="run" time="18.750"/>
  <system-out/>
  <testcase classname="com.jack.task.Faegredrinker" name="run" time="5.408"/>
  <system-out/>
  <testcase classname="com.jack.task.Faegredrinker" name="run" time="6.129"/>
  <system-out/>
  <testcase classname="com.jack.task.Faegredrinker" name="run" time="12.861"/>
  <system-out/>
  <testcase classname="com.jack.task.Faegredrinker" name="run" time="11.799"/>
  <system-out/>
  <testcase classname="com.jack.task.Faegredrinker" name="run" time="6.877"/>
  <system-out/>
  <testcase classname="com.jack.task.Faegredrinker" name="run" time="7.522"/>
  <system-out/>
  <testcase classname="com.jack.task.Faegredrinker" name="run" time="12.363"/>
  <system-out/>
  <testcase classname="com.jack.task.Faegredrinker" name="run" time="3.279"/>
  <system-out/>
  <testcase classname="com.jack.task.Faegredrinker" name="run" time="6.455"/>
  <system-out/>
  <testcase classname="com.jack.task.Faegredrinker" name="run" time="5.472"/>
  <system-out/>
  <testcase classname="com.jack.task.Faegredrinker" name="run" time="4.465"/>
  <system-out/>
  <testcase classname="com.jack.task.Faegredrinker" name="run" time="3.289"/>
  <system-out/>
  <testcase classname="com.jack.task.Faegredrinker" name="run" time="7.963"/>
  <system-out/>
  <testcase classname="com.jack.task.Faegredrinker" name="run" time="10.347"/>
  <system-out/>
  <testcase classname="com.jack.task.Faegredrinker" name="run" time="8.248"/>
  <system-out/>
  <testcase classname="com.jack.task.Faegredrinker" name="run" time="4.212"/>
  <system-out/>
  <testcase classname="com.jack.task.Faegredrinker" name="run" time="5.429"/>
  <system-out/>
  <testcase classname="com.jack.task.Faegredrinker" name="run" time="12.586"/>
  <system-out/>
  <testcase classname="com.jack.task.Faegredrinker" name="run" time="7.950"/>
  <system-out/>
  <testcase classname="com.jack.task.Faegredrinker" name="run" time="11.896"/>
  <system-out/>
  <testcase classname="com.jack.task.Faegredrinker" name="run" time="16.065"/>
  <system-out/>
  <testcase classname="com.jack.task.Faegredrinker" name="run" time="12.422"/>
  <system-out/>
  <testcase classname="com.jack.task.Faegredrinker" name="run" time="6.757"/>
  <system-out/>
  <testcase classname="com.jack.task.Faegredrinker" name="run" time="16.850"/>
  <system-out/>
  <testcase classname="com.jack.task.Faegredrinker" name="run" time="4.620"/>
  <system-out/>
  <testcase classname="com.jack.task.Faegredrinker" name="run" time="2.774"/>
  <system-out/>
  <testcase classname="com.jack.task.Faegredrinker" name="run" time="6.635"/>
  <system-out/>
  <testcase classname="com.jack.task.Faegredrinker" name="run" time="13.795"/>
  <system-out/>
  <testcase classname="com.jack.task.Faegredrinker" name="run" time="3.185"/>
  <system-out/>
  <testcase classname="com.jack.task.Faegredrinker" name="run" time="4.959"/>
  <system-out/>
  <testcase classname="com.jack.task.Faegredrinker" name="run" time="11.428"/>
  <system-out/>
  <testcase classname="com.jack.task.Faegredrinker" name="run" time="5.896"/>
  <system-out/>
  <testcase classname="com.jack.task.Faegredrinker" name="run" time="3.757"/>
  <system-out/>
  <testcase classname="com.jack.task.Faegredrinker" name="run" time="6.636"/>
  <system-out/>
  <testcase classname="com.jack.task.Faegredrinker" name="run" time="10.444"/>
  <system-out/>
  <testcase classname="com.jack.task.Faegredrinker" name="run" time="6.241"/>
  <system-out/>
  <testcase classname="com.jack.task.Faegredrinker" name="run" time="4.860"/>
  <system-out/>
  <testcase classname="com.jack.task.Faegredrinker" name="run" time="12.527"/>
  <system-out/>
  <testcase classname="com.jack.task.Faegredrinker" name="run" time="13.709"/>
  <system-out/>
  <testcase classname="com.jack.task.Faegredrinker" name="run" time="5.439"/>
  <system-out/>
  <testcase classname="com.jack.task.Faegredrinker" name="run" time="4.172"/>
  <system-out/>
  <testcase classname="com.jack.task.Faegredrinker" name="run" time="13.773"/>
  <system-out/>
  <testcase classname="com.jack.task.Faegredrinker" name="run" time="4.594"/>
  <system-out/>
  <testcase classname="com.jack.task.Faegredrinker" name="run" time="4.779"/>
  <system-out/>
  <testcase classname="com.jack.task.Faegredrinker" name="run" time="12.055"/>
  <system-out/>
  <testcase classname="com.jack.task.Faegredrinker" name="run" time="5.211"/>
  <system-out/>
  <testcase classname="com.jack.task.Faegredrinker" name="run" time="4.982"/>
  <system-out/>
  <testcase classname="com.jack.task.Faegredrinker" name="run" time="5.673"/>
  <system-out/>
  <testcase classname="com.jack.task.Faegredrinker" name="run" time="13.093"/>
  <system-out/>
  <testcase classname="com.jack.task.Faegredrinker" name="run" time="3.864"/>
  <system-out/>
  <testcase classname="com.jack.task.Faegredrinker" name="run" time="12.144"/>
  <system-out/>
  <testcase classname="com.jack.task.Faegredrinker" name="run" time="7.020"/>
  <system-out/>
  <testcase classname="com.jack.task.Faegredrinker" name="run" time="5.795"/>
  <system-out/>
  <testcase classname="com.jack.task.Faegredrinker" name="run" time="14.955"/>
  <system-out/>
  <testcase classname="com.jack.task.Faegredrinker" name="run" time="8.016"/>
  <system-out/>
  <testcase classname="com.jack.task.Faegredrinker" name="run" time="13.805"/>
  <system-out/>
  <testcase classname="com.jack.task.Faegredrinker" name="run" time="3.834"/>
  <system-out/>
  <testcase classname="com.jack.task.Faegredrinker" name="run" time="4.920"/>
  <system-out/>
  <testcase classname="com.jack.task.Faegredrinker" name="run" time="14.165"/>
  <system-out/>
  <testcase classname="com.jack.task.Faegredrinker" name="run" time="11.149"/>
  <system-out/>
  <testcase classname="com.jack.task.Faegredrinker" name="run" time="3.665"/>
  <system-out/>
  <testcase classname="com.jack.task.Faegredrinker" name="run" time="18.275"/>
  <system-out/>
  <testcase classname="com.jack.task.Faegredrinker" name="run" time="7.775"/>
  <system-out/>
  <testcase classname="com.jack.task.Faegredrinker" name="run" time="14.798"/>
  <system-out/>
  <testcase classname="com.jack.task.Faegredrinker" name="run" time="3.719"/>
  <system-out/>
  <testcase classname="com.jack.task.Faegredrinker" name="run" time="15.911"/>
  <system-out/>
  <testcase classname="com.jack.task.Faegredrinker" name="run" time="7.404"/>
  <system-out/>
  <testcase classname="com.jack.task.Faegredrinker" name="run" time="4.569"/>
  <system-out/>
  <testcase classname="com.jack.task.Faegredrinker" name="run" time="5.490"/>
  <system-out/>
  <testcase classname="com.jack.task.Faegredrinker" name="run" time="23.018"/>
  <system-out/>
  <testcase classname="com.jack.task.Faegredrinker" name="run" time="3.146"/>
  <system-out/>
  <testcase classname="com.jack.task.Faegredrinker" name="run" time="4.734"/>
  <system-out/>
  <testcase classname="com.jack.task.Faegredrinker" name="run" time="7.823"/>
  <system-out/>
  <testcase classname="com.jack.task.Faegredrinker" name="run" time="5.986"/>
  <system-out/>
  <testcase classname="com.jack.task.Faegredrinker" name="run" time="12.745"/>
  <system-out/>
  <testcase classname="com.jack.task.Faegredrinker" name="run" time="5.141"/>
  <system-out/>
  <testcase classname="com.jack.task.Faegredrinker" name="run" time="7.291"/>
  <system-out/>
  <testcase classname="com.jack.task.Faegredrinker" name="run" time="17.627"/>
  <system-out/>
  <testcase classname="com.jack.task.Faegredrinker" name="run" time="3.854"/>
  <system-out/>
  <testcase classname="com.jack.task.Faegredrinker" name="run" time="10.399"/>
  <system-out/>
  <testcase classname="com.jack.task.Faegredrinker" name="run" time="3.337"/>
  <system-out/>
  <testcase classname="com.jack.task.Faegredrinker" name="run" time="12.794"/>
  <system-out/>
  <testcase classname="com.jack.task.Faegredrinker" name="run" time="12.228"/>
  <system-out/>
  <testcase classname="com.jack.task.Faegredrinker" name="run" time="7.336"/>
  <system-out/>
  <testcase classname="com.jack.task.Faegredrinker" name="run" time="6.793"/>
  <system-out/>
  <testcase classname="com.jack.task.Faegredrinker" name="run" time="6.344"/>
  <system-out/>
  <testcase classname="com.jack.task.Faegredrinker" name="run" time="12.637"/>
  <system-out/>
  <testcase classname="com.jack.task.Faegredrinker" name="run" time="5.333"/>
  <system-out/>
  <testcase classname="com.jack.task.Faegredrinker" name="run" time="14.064"/>
  <system-out/>
  <testcase classname="com.jack.task.Faegredrinker" name="run" time="6.698"/>
  <system-out/>
  <testcase classname="com.jack.task.Faegredrinker" name="run" time="4.857"/>
  <system-out/>
  <testcase classname="com.jack.task.Faegredrinker" name="run" time="13.339"/>
  <system-out/>
  <testcase classname="com.jack.task.Faegredrinker" name="run" time="3.607"/>
  <system-out/>
  <testcase classname="com.jack.task.Faegredrinker" name="run" time="16.921"/>
  <system-out/>
  <testcase classname="com.jack.task.Faegredrinker" name="run" time="3.830"/>
  <system-out/>
  <testcase classname="com.jack.task.Faegredrinker" name="run" time="4.108"/>
  <system-out/>
  <testcase classname="com.jack.task.Faegredrinker" name="run" time="14.640"/>
  <system-out/>
  <testcase classname="com.jack.task.Faegredrinker" name="run" time="5.408"/>
  <system-out/>
  <testcase classname="com.jack.task.Faegredrinker" name="run" time="3.286"/>
  <system-out/>
  <testcase classname="com.jack.task.Faegredrinker" name="run" time="2.616"/>
  <system-out/>
  <testcase classname="com.jack.task.Faegredrinker" name="run" time="15.510"/>
  <system-out/>
  <testcase classname="com.jack.task.Faegredrinker" name="run" time="6.388"/>
  <system-out/>
  <testcase classname="com.jack.task.Faegredrinker" name="run" time="12.531"/>
  <system-out/>
  <testcase classname="com.jack.task.Faegredrinker" name="run" time="12.883"/>
  <system-out/>
  <testcase classname="com.jack.task.Faegredrinker" name="run" time="3.233"/>
  <system-out/>
  <testcase classname="com.jack.task.Faegredrinker" name="run" time="3.491"/>
  <system-out/>
  <testcase classname="com.jack.task.Faegredrinker" name="run" time="3.448"/>
  <system-out/>
  <testcase classname="com.jack.task.Faegredrinker" name="run" time="6.894"/>
  <system-out/>
  <testcase classname="com.jack.task.Faegredrinker" name="run" time="6.483"/>
  <system-out/>
  <testcase classname="com.jack.task.Faegredrinker" name="run" time="3.798"/>
  <system-out/>
  <testcase classname="com.jack.task.Faegredrinker" name="run" time="4.335"/>
  <system-out/>
  <testcase classname="com.jack.task.Faegredrinker" name="run" time="4.036"/>
  <system-out/>
  <testcase classname="com.jack.task.Faegredrinker" name="run" time="6.977"/>
  <system-out/>
  <testcase classname="com.jack.task.Faegredrinker" name="run" time="5.940"/>
  <system-out/>
  <testcase classname="com.jack.task.Faegredrinker" name="run" time="8.104"/>
  <system-out/>
  <testcase classname="com.jack.task.Faegredrinker" name="run" time="5.537"/>
  <system-out/>
  <testcase classname="com.jack.task.Faegredrinker" name="run" time="3.063"/>
  <system-out/>
  <testcase classname="com.jack.task.Faegredrinker" name="run" time="6.346"/>
  <system-out/>
  <testcase classname="com.jack.task.Faegredrinker" name="run" time="6.860"/>
  <system-out/>
  <testcase classname="com.jack.task.Faegredrinker" name="run" time="6.159"/>
  <system-out/>
  <testcase classname="com.jack.task.Faegredrinker" name="run" time="11.367"/>
  <system-out/>
  <testcase classname="com.jack.task.Faegredrinker" name="run" time="3.991"/>
  <system-out/>
  <testcase classname="com.jack.task.Faegredrinker" name="run" time="11.202"/>
  <system-out/>
  <testcase classname="com.jack.task.Faegredrinker" name="run" time="6.311"/>
  <system-out/>
  <testcase classname="com.jack.task.Faegredrinker" name="run" time="8.584"/>
  <system-out/>
  <testcase classname="com.jack.task.Faegredrinker" name="run" time="7.389"/>
  <system-out/>
  <testcase classname="com.jack.task.Faegredrinker" name="run" time="14.110"/>
  <system-out/>
  <testcase classname="com.jack.task.Faegredrinker" name="run" time="12.780"/>
  <system-out/>
  <testcase classname="com.jack.task.Faegredrinker" name="run" time="5.816"/>
  <system-out/>
  <testcase classname="com.jack.task.Faegredrinker" name="run" time="10.279"/>
  <system-out/>
  <testcase classname="com.jack.task.Faegredrinker" name="run" time="5.090"/>
  <system-out/>
  <testcase classname="com.jack.task.Faegredrinker" name="run" time="12.381"/>
  <system-out/>
  <testcase classname="com.jack.task.Faegredrinker" name="run" time="4.395"/>
  <system-out/>
  <testcase classname="com.jack.task.Faegredrinker" name="run" time="5.238"/>
  <system-out/>
  <testcase classname="com.jack.task.Faegredrinker" name="run" time="5.893"/>
  <system-out/>
  <testcase classname="com.jack.task.Faegredrinker" name="run" time="7.337"/>
  <system-out/>
  <testcase classname="com.jack.task.Faegredrinker" name="run" time="5.412"/>
  <system-out/>
  <testcase classname="com.jack.task.Faegredrinker" name="run" time="11.647"/>
  <system-out/>
  <testcase classname="com.jack.task.Faegredrinker" name="run" time="11.756"/>
  <system-out/>
  <testcase classname="com.jack.task.Faegredrinker" name="run" time="2.817"/>
  <system-out/>
  <testcase classname="com.jack.task.Faegredrinker" name="run" time="3.326"/>
  <system-out/>
  <testcase classname="com.jack.task.Faegredrinker" name="run" time="12.969"/>
  <system-out/>
  <testcase classname="com.jack.task.Faegredrinker" name="run" time="4.615"/>
  <system-out/>
  <testcase classname="com.jack.task.Faegredrinker" name="run" time="3.118"/>
  <system-out/>
  <testcase classname="com.jack.task.Faegredrinker" name="run" time="19.656"/>
  <system-out/>
  <testcase classname="com.jack.task.Faegredrinker" name="run" time="2.458"/>
  <system-out/>
  <testcase classname="com.jack.task.Faegredrinker" name="run" time="11.027"/>
  <system-out/>
  <testcase classname="com.jack.task.Faegredrinker" name="run" time="13.148"/>
  <system-out/>
  <testcase classname="com.jack.task.Faegredrinker" name="run" time="15.140"/>
  <system-out/>
  <testcase classname="com.jack.task.Faegredrinker" name="run" time="6.519"/>
  <system-out/>
  <testcase classname="com.jack.task.Faegredrinker" name="run" time="2.831"/>
  <system-out/>
  <testcase classname="com.jack.task.Faegredrinker" name="run" time="8.228"/>
  <system-out/>
  <testcase classname="com.jack.task.Faegredrinker" name="run" time="11.786"/>
  <system-out/>
  <testcase classname="com.jack.task.Faegredrinker" name="run" time="11.739"/>
  <system-out/>
  <testcase classname="com.jack.task.Faegredrinker" name="run" time="12.468"/>
  <system-out/>
  <testcase classname="com.jack.task.Faegredrinker" name="run" time="5.780"/>
  <system-out/>
  <testcase classname="com.jack.task.Faegredrinker" name="run" time="15.919"/>
  <system-out/>
  <testcase classname="com.jack.task.Faegredrinker" name="run" time="5.743"/>
  <system-out/>
  <testcase classname="com.jack.task.Faegredrinker" name="run" time="12.568"/>
  <system-out/>
  <testcase classname="com.jack.task.Faegredrinker" name="run" time="3.527"/>
  <system-out/>
  <testcase classname="com.jack.task.Faegredrinker" name="run" time="6.017"/>
  <system-out/>
  <testcase classname="com.jack.task.Faegredrinker" name="run" time="12.744"/>
  <system-out/>
  <testcase classname="com.jack.task.Faegredrinker" name="run" time="13.879"/>
  <system-out/>
  <testcase classname="com.jack.task.Faegredrinker" name="run" time="3.659"/>
  <system-out/>
  <testcase classname="com.jack.task.Faegredrinker" name="run" time="9.657"/>
  <system-out/>
  <testcase classname="com.jack.task.Faegredrinker" name="run" time="5.754"/>
  <system-out/>
  <testcase classname="com.jack.task.Faegredrinker" name="run" time="14.336"/>
  <system-out/>
  <testcase classname="com.jack.task.Faegredrinker" name="run" time="6.328"/>
  <system-out/>
  <testcase classname="com.jack.task.Faegredrinker" name="run" time="6.590"/>
  <system-out/>
  <testcase classname="com.jack.task.Faegredrinker" name="run" time="6.114"/>
  <system-out/>
  <testcase classname="com.jack.task.Faegredrinker" name="run" time="6.294"/>
  <system-out/>
  <testcase classname="com.jack.task.Faegredrinker" name="run" time="14.953"/>
  <system-out/>
  <testcase classname="com.jack.task.Faegredrinker" name="run" time="12.576"/>
  <system-out/>
  <testcase classname="com.jack.task.Faegredrinker" name="run" time="4.817"/>
  <system-out/>
  <testcase classname="com.jack.task.Faegredrinker" name="run" time="5.518"/>
  <system-out/>
  <testcase classname="com.jack.task.Faegredrinker" name="run" time="7.447"/>
  <system-out/>
  <testcase classname="com.jack.task.Faegredrinker" name="run" time="4.831"/>
  <system-out/>
  <testcase classname="com.jack.task.Faegredrinker" name="run" time="6.483"/>
  <system-out/>
  <testcase classname="com.jack.task.Faegredrinker" name="run" time="4.951"/>
  <system-out/>
  <testcase classname="com.jack.task.Faegredrinker" name="run" time="5.687"/>
  <system-out/>
  <testcase classname="com.jack.task.Faegredrinker" name="run" time="5.373"/>
  <system-out/>
  <testcase classname="com.jack.task.Faegredrinker" name="run" time="11.948"/>
  <system-out/>
  <testcase classname="com.jack.task.Faegredrinker" name="run" time="4.142"/>
  <system-out/>
  <testcase classname="com.jack.task.Faegredrinker" name="run" time="11.964"/>
  <system-out/>
  <testcase classname="com.jack.task.Faegredrinker" name="run" time="5.790"/>
  <system-out/>
  <testcase classname="com.jack.task.Faegredrinker" name="run" time="9.247"/>
  <system-out/>
  <testcase classname="com.jack.task.Faegredrinker" name="run" time="5.007"/>
  <system-out/>
  <testcase classname="com.jack.task.Faegredrinker" name="run" time="3.843"/>
  <system-out/>
  <testcase classname="com.jack.task.Faegredrinker" name="run" time="6.856"/>
  <system-out/>
  <testcase classname="com.jack.task.Faegredrinker" name="run" time="16.274"/>
  <system-out/>
  <testcase classname="com.jack.task.Faegredrinker" name="run" time="11.486"/>
  <system-out/>
  <testcase classname="com.jack.task.Faegredrinker" name="run" time="7.667"/>
  <system-out/>
  <testcase classname="com.jack.task.Faegredrinker" name="run" time="18.723"/>
  <system-out/>
  <testcase classname="com.jack.task.Faegredrinker" name="run" time="15.777"/>
  <system-out/>
  <testcase classname="com.jack.task.Faegredrinker" name="run" time="16.085"/>
  <system-out/>
  <testcase classname="com.jack.task.Faegredrinker" name="run" time="3.147"/>
  <system-out/>
  <testcase classname="com.jack.task.Faegredrinker" name="run" time="13.814"/>
  <system-out/>
  <testcase classname="com.jack.task.Faegredrinker" name="run" time="4.669"/>
  <system-out/>
  <testcase classname="com.jack.task.Faegredrinker" name="run" time="5.839"/>
  <system-out/>
  <testcase classname="com.jack.task.Faegredrinker" name="run" time="4.468"/>
  <system-out/>
  <testcase classname="com.jack.task.Faegredrinker" name="run" time="11.771"/>
  <system-out/>
  <testcase classname="com.jack.task.Faegredrinker" name="run" time="7.487"/>
  <system-out/>
  <testcase classname="com.jack.task.Faegredrinker" name="run" time="12.233"/>
  <system-out/>
  <testcase classname="com.jack.task.Faegredrinker" name="run" time="4.263"/>
  <system-out/>
  <testcase classname="com.jack.task.Faegredrinker" name="run" time="7.456"/>
  <system-out/>
  <testcase classname="com.jack.task.Faegredrinker" name="run" time="5.397"/>
  <system-out/>
  <testcase classname="com.jack.task.Faegredrinker" name="run" time="6.210"/>
  <system-out/>
  <testcase classname="com.jack.task.Faegredrinker" name="run" time="5.820"/>
  <system-out/>
  <testcase classname="com.jack.task.Faegredrinker" name="run" time="3.509"/>
  <system-out/>
  <testcase classname="com.jack.task.Faegredrinker" name="run" time="3.969"/>
  <system-out/>
  <testcase classname="com.jack.task.Faegredrinker" name="run" time="7.069"/>
  <system-out/>
  <testcase classname="com.jack.task.Faegredrinker" name="run" time="10.990"/>
  <system-out/>
  <testcase classname="com.jack.task.Faegredrinker" name="run" time="5.560"/>
  <system-out/>
  <testcase classname="com.jack.task.Faegredrinker" name="run" time="4.392"/>
  <system-out/>
  <testcase classname="com.jack.task.Faegredrinker" name="run" time="3.966"/>
  <system-out/>
  <testcase classname="com.jack.task.Faegredrinker" name="run" time="10.606"/>
  <system-out/>
  <testcase classname="com.jack.task.Faegredrinker" name="run" time="6.866"/>
  <system-out/>
  <testcase classname="com.jack.task.Faegredrinker" name="run" time="17.168"/>
  <system-out/>
  <testcase classname="com.jack.task.Faegredrinker" name="run" time="7.552"/>
  <system-out/>
  <testcase classname="com.jack.task.Faegredrinker" name="run" time="7.136"/>
  <system-out/>
  <testcase classname="com.jack.task.Faegredrinker" name="run" time="4.077"/>
  <system-out/>
  <testcase classname="com.jack.task.Faegredrinker" name="run" time="4.777"/>
  <system-out/>
  <testcase classname="com.jack.task.Faegredrinker" name="run" time="7.313"/>
  <system-out/>
  <testcase classname="com.jack.task.Faegredrinker" name="run" time="3.567"/>
  <system-out/>
  <testcase classname="com.jack.task.Faegredrinker" name="run" time="3.558"/>
  <system-out/>
  <testcase classname="com.jack.task.Faegredrinker" name="run" time="3.200"/>
  <system-out/>
  <testcase classname="com.jack.task.Faegredrinker" name="run" time="6.230"/>
  <system-out/>
  <testcase classname="com.jack.task.Faegredrinker" name="run" time="4.345"/>
  <system-out/>
  <testcase classname="com.jack.task.Faegredrinker" name="run" time="16.481"/>
  <system-out/>
  <testcase classname="com.jack.task.Faegredrinker" name="run" time="6.689"/>
  <system-out/>
  <testcase classname="com.jack.task.Faegredrinker" name="run" time="5.922"/>
  <system-out/>
  <testcase classname="com.jack.task.Faegredrinker" name="run" time="7.190"/>
  <system-out/>
  <testcase classname="com.jack.task.Faegredrinker" name="run" time="7.818"/>
  <system-out/>
  <testcase classname="com.jack.task.Faegredrinker" name="run" time="5.106"/>
  <system-out/>
  <testcase classname="com.jack.task.Faegredrinker" name="run" time="4.248"/>
  <system-out/>
  <testcase classname="com.jack.task.Faegredrinker" name="run" time="7.174"/>
  <system-out/>
  <testcase classname="com.jack.task.Faegredrinker" name="run" time="3.864"/>
  <system-out/>
  <testcase classname="com.jack.task.Faegredrinker" name="run" time="3.992"/>
  <system-out/>
  <testcase classname="com.jack.task.Faegredrinker" name="run" time="12.019"/>
  <system-out/>
  <testcase classname="com.jack.task.Faegredrinker" name="run" time="8.108"/>
  <system-out/>
  <testcase classname="com.jack.task.Faegredrinker" name="run" time="7.213"/>
  <system-out/>
  <testcase classname="com.jack.task.Faegredrinker" name="run" time="3.915"/>
  <system-out/>
  <testcase classname="com.jack.task.Faegredrinker" name="run" time="6.877"/>
  <system-out/>
  <testcase classname="com.jack.task.Faegredrinker" name="run" time="13.855"/>
  <system-out/>
  <testcase classname="com.jack.task.Faegredrinker" name="run" time="5.762"/>
  <system-out/>
  <testcase classname="com.jack.task.Faegredrinker" name="run" time="6.252"/>
  <system-out/>
  <testcase classname="com.jack.task.Faegredrinker" name="run" time="6.911"/>
  <system-out/>
  <testcase classname="com.jack.task.Faegredrinker" name="run" time="6.263"/>
  <system-out/>
  <testcase classname="com.jack.task.Faegredrinker" name="run" time="3.164"/>
  <system-out/>
  <testcase classname="com.jack.task.Faegredrinker" name="run" time="7.116"/>
  <system-out/>
  <testcase classname="com.jack.task.Faegredrinker" name="run" time="5.092"/>
  <system-out/>
  <testcase classname="com.jack.task.Faegredrinker" name="run" time="4.667"/>
  <system-out/>
  <testcase classname="com.jack.task.Faegredrinker" name="run" time="7.184"/>
  <system-out/>
  <testcase classname="com.jack.task.Faegredrinker" name="run" time="8.009"/>
  <system-out/>
  <testcase classname="com.jack.task.Faegredrinker" name="run" time="11.346"/>
  <system-out/>
  <testcase classname="com.jack.task.Faegredrinker" name="run" time="8.565"/>
  <system-out/>
  <testcase classname="com.jack.task.Faegredrinker" name="run" time="15.297"/>
  <system-out/>
  <testcase classname="com.jack.task.Faegredrinker" name="run" time="6.866"/>
  <system-out/>
  <testcase classname="com.jack.task.Faegredrinker" name="run" time="2.238"/>
  <system-out/>
  <testcase classname="com.jack.task.Faegredrinker" name="run" time="5.351"/>
  <system-out/>
  <testcase classname="com.jack.task.Faegredrinker" name="run" time="6.860"/>
  <system-out/>
  <testcase classname="com.jack.task.Faegredrinker" name="run" time="6.840"/>
  <system-out/>
  <testcase classname="com.jack.task.Faegredrinker" name="run" time="3.426"/>
  <system-out/>
  <testcase classname="com.jack.task.Faegredrinker" name="run" time="5.920"/>
  <system-out/>
  <testcase classname="com.jack.task.Faegredrinker" name="run" time="4.201"/>
  <system-out/>
  <testcase classname="com.jack.task.Faegredrinker" name="run" time="2.668"/>
  <system-out/>
  <testcase classname="com.jack.task.Faegredrinker" name="run" time="4.317"/>
  <system-out/>
  <testcase classname="com.jack.task.Faegredrinker" name="run" time="5.943"/>
  <system-out/>
  <testcase classname="com.jack.task.Faegredrinker" name="run" time="7.557"/>
  <system-out/>
  <testcase classname="com.jack.task.Faegredrinker" name="run" time="3.758"/>
  <system-out/>
  <testcase classname="com.jack.task.Faegredrinker" name="run" time="5.424"/>
  <system-out/>
  <testcase classname="com.jack.task.Faegredrinker" name="run" time="4.254"/>
  <system-out/>
  <testcase classname="com.jack.task.Faegredrinker" name="run" time="6.219"/>
  <system-out/>
  <testcase classname="com.jack.task.Faegredrinker" name="run" time="11.668"/>
  <system-out/>
  <testcase classname="com.jack.task.Faegredrinker" name="run" time="3.221"/>
  <system-out/>
  <testcase classname="com.jack.task.Faegredrinker" name="run" time="9.490"/>
  <system-out/>
  <testcase classname="com.jack.task.Faegredrinker" name="run" time="6.256"/>
  <system-out/>
  <testcase classname="com.jack.task.Faegredrinker" name="run" time="6.876"/>
  <system-out/>
  <testcase classname="com.jack.task.Faegredrinker" name="run" time="7.838"/>
  <system-out/>
  <testcase classname="com.jack.task.Faegredrinker" name="run" time="11.564"/>
  <system-out/>
  <testcase classname="com.jack.task.Faegredrinker" name="run" time="6.364"/>
  <system-out/>
  <testcase classname="com.jack.task.Faegredrinker" name="run" time="3.053"/>
  <system-out/>
  <testcase classname="com.jack.task.Faegredrinker" name="run" time="6.734"/>
  <system-out/>
  <testcase classname="com.jack.task.Faegredrinker" name="run" time="3.990"/>
  <system-out/>
  <testcase classname="com.jack.task.Faegredrinker" name="run" time="3.192"/>
  <system-out/>
  <testcase classname="com.jack.task.Faegredrinker" name="run" time="6.808"/>
  <system-out/>
  <testcase classname="com.jack.task.Faegredrinker" name="run" time="8.136"/>
  <system-out/>
  <testcase classname="com.jack.task.Faegredrinker" name="run" time="5.550"/>
  <system-out/>
  <testcase classname="com.jack.task.Faegredrinker" name="run" time="5.831"/>
  <system-out/>
  <testcase classname="com.jack.task.Faegredrinker" name="run" time="11.764"/>
  <system-out/>
  <testcase classname="com.jack.task.Faegredrinker" name="run" time="4.391"/>
  <system-out/>
  <testcase classname="com.jack.task.Faegredrinker" name="run" time="7.341"/>
  <system-out/>
  <testcase classname="com.jack.task.Faegredrinker" name="run" time="6.050"/>
  <system-out/>
  <testcase classname="com.jack.task.Faegredrinker" name="run" time="8.341"/>
  <system-out/>
  <testcase classname="com.jack.task.Faegredrinker" name="run" time="4.571"/>
  <system-out/>
  <testcase classname="com.jack.task.Faegredrinker" name="run" time="4.913"/>
  <system-out/>
  <testcase classname="com.jack.task.Faegredrinker" name="run" time="4.941"/>
  <system-out/>
  <testcase classname="com.jack.task.Faegredrinker" name="run" time="11.256"/>
  <system-out/>
  <testcase classname="com.jack.task.Faegredrinker" name="run" time="16.869"/>
  <system-out/>
  <testcase classname="com.jack.task.Faegredrinker" name="run" time="3.513"/>
  <system-out/>
  <testcase classname="com.jack.task.Faegredrinker" name="run" time="8.400"/>
  <system-out/>
  <testcase classname="com.jack.task.Faegredrinker" name="run" time="5.137"/>
  <system-out/>
  <testcase classname="com.jack.task.Faegredrinker" name="run" time="2.793"/>
  <system-out/>
  <testcase classname="com.jack.task.Faegredrinker" name="run" time="6.314"/>
  <system-out/>
  <testcase classname="com.jack.task.Faegredrinker" name="run" time="3.835"/>
  <system-out/>
  <testcase classname="com.jack.task.Faegredrinker" name="run" time="4.895"/>
  <system-out/>
  <testcase classname="com.jack.task.Faegredrinker" name="run" time="4.957"/>
  <system-out/>
  <testcase classname="com.jack.task.Faegredrinker" name="run" time="5.104"/>
  <system-out/>
  <testcase classname="com.jack.task.Faegredrinker" name="run" time="6.709"/>
  <system-out/>
  <testcase classname="com.jack.task.Faegredrinker" name="run" time="6.602"/>
  <system-out/>
  <testcase classname="com.jack.task.Faegredrinker" name="run" time="2.492"/>
  <system-out/>
  <testcase classname="com.jack.task.Faegredrinker" name="run" time="7.119"/>
  <system-out/>
  <testcase classname="com.jack.task.Faegredrinker" name="run" time="5.408"/>
  <system-out/>
  <testcase classname="com.jack.task.Faegredrinker" name="run" time="12.230"/>
  <system-out/>
  <testcase classname="com.jack.task.Faegredrinker" name="run" time="13.997"/>
  <system-out/>
  <testcase classname="com.jack.task.Faegredrinker" name="run" time="5.463"/>
  <system-out/>
  <testcase classname="com.jack.task.Faegredrinker" name="run" time="6.947"/>
  <system-out/>
  <testcase classname="com.jack.task.Faegredrinker" name="run" time="10.929"/>
  <system-out/>
  <testcase classname="com.jack.task.Faegredrinker" name="run" time="11.574"/>
  <system-out/>
  <testcase classname="com.jack.task.Faegredrinker" name="run" time="17.567"/>
  <system-out/>
  <testcase classname="com.jack.task.Faegredrinker" name="run" time="5.218"/>
  <system-out/>
  <testcase classname="com.jack.task.Faegredrinker" name="run" time="19.824"/>
  <system-out/>
  <testcase classname="com.jack.task.Faegredrinker" name="run" time="3.669"/>
  <system-out/>
  <testcase classname="com.jack.task.Faegredrinker" name="run" time="5.540"/>
  <system-out/>
  <testcase classname="com.jack.task.Faegredrinker" name="run" time="5.268"/>
  <system-out/>
  <testcase classname="com.jack.task.Faegredrinker" name="run" time="14.105"/>
  <system-out/>
  <testcase classname="com.jack.task.Faegredrinker" name="run" time="4.321"/>
  <system-out/>
  <testcase classname="com.jack.task.Faegredrinker" name="run" time="12.197"/>
  <system-out/>
  <testcase classname="com.jack.task.Faegredrinker" name="run" time="7.007"/>
  <system-out/>
  <testcase classname="com.jack.task.Faegredrinker" name="run" time="4.951"/>
  <system-out/>
  <testcase classname="com.jack.task.Faegredrinker" name="run" time="5.508"/>
  <system-out/>
  <testcase classname="com.jack.task.Faegredrinker" name="run" time="7.004"/>
  <system-out/>
  <testcase classname="com.jack.task.Faegredrinker" name="run" time="7.789"/>
  <system-out/>
  <testcase classname="com.jack.task.Faegredrinker" name="run" time="2.975"/>
  <system-out/>
  <testcase classname="com.jack.task.Faegredrinker" name="run" time="11.440"/>
  <system-out/>
  <testcase classname="com.jack.task.Faegredrinker" name="run" time="3.693"/>
  <system-out/>
  <testcase classname="com.jack.task.Faegredrinker" name="run" time="6.024"/>
  <system-out/>
  <testcase classname="com.jack.task.Faegredrinker" name="run" time="6.521"/>
  <system-out/>
  <testcase classname="com.jack.task.Faegredrinker" name="run" time="12.965"/>
  <system-out/>
  <testcase classname="com.jack.task.Faegredrinker" name="run" time="11.766"/>
  <system-out/>
  <testcase classname="com.jack.task.Faegredrinker" name="run" time="3.674"/>
  <system-out/>
  <testcase classname="com.jack.task.Faegredrinker" name="run" time="5.816"/>
  <system-out/>
  <testcase classname="com.jack.task.Faegredrinker" name="run" time="14.625"/>
  <system-out/>
  <testcase classname="com.jack.task.Faegredrinker" name="run" time="14.293"/>
  <system-out/>
  <testcase classname="com.jack.task.Faegredrinker" name="run" time="4.664"/>
  <system-out/>
  <testcase classname="com.jack.task.Faegredrinker" name="run" time="11.163"/>
  <system-out/>
  <testcase classname="com.jack.task.Faegredrinker" name="run" time="2.417"/>
  <system-out/>
  <testcase classname="com.jack.task.Faegredrinker" name="run" time="4.943"/>
  <system-out/>
  <testcase classname="com.jack.task.Faegredrinker" name="run" time="5.904"/>
  <system-out/>
  <testcase classname="com.jack.task.Faegredrinker" name="run" time="12.701"/>
  <system-out/>
  <testcase classname="com.jack.task.Faegredrinker" name="run" time="14.482"/>
  <system-out/>
  <testcase classname="com.jack.task.Faegredrinker" name="run" time="6.927"/>
  <system-out/>
  <testcase classname="com.jack.task.Faegredrinker" name="run" time="7.664"/>
  <system-out/>
  <testcase classname="com.jack.task.Faegredrinker" name="run" time="12.366"/>
  <system-out/>
  <testcase classname="com.jack.task.Faegredrinker" name="run" time="12.578"/>
  <system-out/>
  <testcase classname="com.jack.task.Faegredrinker" name="run" time="7.558"/>
  <system-out/>
  <testcase classname="com.jack.task.Faegredrinker" name="run" time="5.276"/>
  <system-out/>
  <testcase classname="com.jack.task.Faegredrinker" name="run" time="4.973"/>
  <system-out/>
  <testcase classname="com.jack.task.Faegredrinker" name="run" time="7.374"/>
  <system-out/>
  <testcase classname="com.jack.task.Faegredrinker" name="run" time="16.931"/>
  <system-out/>
  <testcase classname="com.jack.task.Faegredrinker" name="run" time="3.804"/>
  <system-out/>
  <testcase classname="com.jack.task.Faegredrinker" name="run" time="6.957"/>
  <system-out/>
  <testcase classname="com.jack.task.Faegredrinker" name="run" time="7.963"/>
  <system-out/>
  <testcase classname="com.jack.task.Faegredrinker" name="run" time="5.207"/>
  <system-out/>
  <testcase classname="com.jack.task.Faegredrinker" name="run" time="7.238"/>
  <system-out/>
  <testcase classname="com.jack.task.Faegredrinker" name="run" time="7.310"/>
  <system-out/>
  <testcase classname="com.jack.task.Faegredrinker" name="run" time="4.752"/>
  <system-out/>
  <testcase classname="com.jack.task.Faegredrinker" name="run" time="3.599"/>
  <system-out/>
  <testcase classname="com.jack.task.Faegredrinker" name="run" time="3.776"/>
  <system-out/>
  <testcase classname="com.jack.task.Faegredrinker" name="run" time="6.233"/>
  <system-out/>
  <testcase classname="com.jack.task.Faegredrinker" name="run" time="13.802"/>
  <system-out/>
  <testcase classname="com.jack.task.Faegredrinker" name="run" time="6.383"/>
  <system-out/>
  <testcase classname="com.jack.task.Faegredrinker" name="run" time="12.812"/>
  <system-out/>
  <testcase classname="com.jack.task.Faegredrinker" name="run" time="4.129"/>
  <system-out/>
  <testcase classname="com.jack.task.Faegredrinker" name="run" time="5.816"/>
  <system-out/>
  <testcase classname="com.jack.task.Faegredrinker" name="run" time="2.684"/>
  <system-out/>
  <testcase classname="com.jack.task.Faegredrinker" name="run" time="3.103"/>
  <system-out/>
  <testcase classname="com.jack.task.Faegredrinker" name="run" time="9.947"/>
  <system-out/>
  <testcase classname="com.jack.task.Faegredrinker" name="run" time="6.849"/>
  <system-out/>
  <testcase classname="com.jack.task.Faegredrinker" name="run" time="5.440"/>
  <system-out/>
  <testcase classname="com.jack.task.Faegredrinker" name="run" time="5.099"/>
  <system-out/>
  <testcase classname="com.jack.task.Faegredrinker" name="run" time="3.375"/>
  <system-out/>
  <testcase classname="com.jack.task.Faegredrinker" name="run" time="12.774"/>
  <system-out/>
  <testcase classname="com.jack.task.Faegredrinker" name="run" time="3.243"/>
  <system-out/>
  <testcase classname="com.jack.task.Faegredrinker" name="run" time="6.260"/>
  <system-out/>
  <testcase classname="com.jack.task.Faegredrinker" name="run" time="7.179"/>
  <system-out/>
  <testcase classname="com.jack.task.Faegredrinker" name="run" time="14.043"/>
  <system-out/>
  <testcase classname="com.jack.task.Faegredrinker" name="run" time="4.752"/>
  <system-out/>
  <testcase classname="com.jack.task.Faegredrinker" name="run" time="2.966"/>
  <system-out/>
  <testcase classname="com.jack.task.Faegredrinker" name="run" time="4.149"/>
  <system-out/>
  <testcase classname="com.jack.task.Faegredrinker" name="run" time="6.519"/>
  <system-out/>
  <testcase classname="com.jack.task.Faegredrinker" name="run" time="7.123"/>
  <system-out/>
  <testcase classname="com.jack.task.Faegredrinker" name="run" time="11.861"/>
  <system-out/>
  <testcase classname="com.jack.task.Faegredrinker" name="run" time="5.634"/>
  <system-out/>
  <testcase classname="com.jack.task.Faegredrinker" name="run" time="12.994"/>
  <system-out/>
  <testcase classname="com.jack.task.Faegredrinker" name="run" time="7.728"/>
  <system-out/>
  <testcase classname="com.jack.task.Faegredrinker" name="run" time="3.783"/>
  <system-out/>
  <testcase classname="com.jack.task.Faegredrinker" name="run" time="7.062"/>
  <system-out/>
  <testcase classname="com.jack.task.Faegredrinker" name="run" time="6.723"/>
  <system-out/>
  <testcase classname="com.jack.task.Faegredrinker" name="run" time="12.180"/>
  <system-out/>
  <testcase classname="com.jack.task.Faegredrinker" name="run" time="3.315"/>
  <system-out/>
  <testcase classname="com.jack.task.Faegredrinker" name="run" time="7.126"/>
  <system-out/>
  <testcase classname="com.jack.task.Faegredrinker" name="run" time="3.561"/>
  <system-out/>
  <testcase classname="com.jack.task.Faegredrinker" name="run" time="5.001"/>
  <system-out/>
  <testcase classname="com.jack.task.Faegredrinker" name="run" time="4.969"/>
  <system-out/>
  <testcase classname="com.jack.task.Faegredrinker" name="run" time="3.315"/>
  <system-out/>
  <testcase classname="com.jack.task.Faegredrinker" name="run" time="13.302"/>
  <system-out/>
  <testcase classname="com.jack.task.Faegredrinker" name="run" time="4.032"/>
  <system-out/>
  <testcase classname="com.jack.task.Faegredrinker" name="run" time="5.281"/>
  <system-out/>
  <testcase classname="com.jack.task.Faegredrinker" name="run" time="5.705"/>
  <system-out/>
  <testcase classname="com.jack.task.Faegredrinker" name="run" time="6.037"/>
  <system-out/>
  <testcase classname="com.jack.task.Faegredrinker" name="run" time="3.333"/>
  <system-out/>
  <testcase classname="com.jack.task.Faegredrinker" name="run" time="3.647"/>
  <system-out/>
  <testcase classname="com.jack.task.Faegredrinker" name="run" time="7.183"/>
  <system-out/>
  <testcase classname="com.jack.task.Faegredrinker" name="run" time="12.429"/>
  <system-out/>
  <testcase classname="com.jack.task.Faegredrinker" name="run" time="2.818"/>
  <system-out/>
  <testcase classname="com.jack.task.Faegredrinker" name="run" time="4.088"/>
  <system-out/>
  <testcase classname="com.jack.task.Faegredrinker" name="run" time="6.486"/>
  <system-out/>
  <testcase classname="com.jack.task.Faegredrinker" name="run" time="3.961"/>
  <system-out/>
  <testcase classname="com.jack.task.Faegredrinker" name="run" time="5.083"/>
  <system-out/>
  <testcase classname="com.jack.task.Faegredrinker" name="run" time="5.784"/>
  <system-out/>
  <testcase classname="com.jack.task.Faegredrinker" name="run" time="10.630"/>
  <system-out/>
  <testcase classname="com.jack.task.Faegredrinker" name="run" time="3.969"/>
  <system-out/>
  <testcase classname="com.jack.task.Faegredrinker" name="run" time="19.854"/>
  <system-out/>
  <testcase classname="com.jack.task.Faegredrinker" name="run" time="3.238"/>
  <system-out/>
  <testcase classname="com.jack.task.Faegredrinker" name="run" time="16.947"/>
  <system-out/>
  <testcase classname="com.jack.task.Faegredrinker" name="run" time="16.581"/>
  <system-out/>
  <testcase classname="com.jack.task.Faegredrinker" name="run" time="11.693"/>
  <system-out/>
  <testcase classname="com.jack.task.Faegredrinker" name="run" time="6.824"/>
  <system-out/>
  <testcase classname="com.jack.task.Faegredrinker" name="run" time="15.923"/>
  <system-out/>
  <testcase classname="com.jack.task.Faegredrinker" name="run" time="13.068"/>
  <system-out/>
  <testcase classname="com.jack.task.Faegredrinker" name="run" time="3.038"/>
  <system-out/>
  <testcase classname="com.jack.task.Faegredrinker" name="run" time="6.639"/>
  <system-out/>
  <testcase classname="com.jack.task.Faegredrinker" name="run" time="3.649"/>
  <system-out/>
  <testcase classname="com.jack.task.Faegredrinker" name="run" time="6.398"/>
  <system-out/>
  <testcase classname="com.jack.task.Faegredrinker" name="run" time="6.913"/>
  <system-out/>
  <testcase classname="com.jack.task.Faegredrinker" name="run" time="13.029"/>
  <system-out/>
  <testcase classname="com.jack.task.Faegredrinker" name="run" time="17.041"/>
  <system-out/>
  <testcase classname="com.jack.task.Faegredrinker" name="run" time="13.325"/>
  <system-out/>
  <testcase classname="com.jack.task.Faegredrinker" name="run" time="15.508"/>
  <system-out/>
  <testcase classname="com.jack.task.Faegredrinker" name="run" time="14.600"/>
  <system-out/>
  <testcase classname="com.jack.task.Faegredrinker" name="run" time="2.677"/>
  <system-out/>
  <testcase classname="com.jack.task.Faegredrinker" name="run" time="3.715"/>
  <system-out/>
  <testcase classname="com.jack.task.Faegredrinker" name="run" time="5.965"/>
  <system-out/>
  <testcase classname="com.jack.task.Faegredrinker" name="run" time="2.965"/>
  <system-out/>
  <testcase classname="com.jack.task.Faegredrinker" name="run" time="12.871"/>
  <system-out/>
  <testcase classname="com.jack.task.Faegredrinker" name="run" time="7.483"/>
  <system-out/>
  <testcase classname="com.jack.task.Faegredrinker" name="run" time="12.739"/>
  <system-out/>
  <testcase classname="com.jack.task.Faegredrinker" name="run" time="6.361"/>
  <system-out/>
  <testcase classname="com.jack.task.Faegredrinker" name="run" time="11.604"/>
  <system-out/>
  <testcase classname="com.jack.task.Faegredrinker" name="run" time="6.857"/>
  <system-out/>
  <testcase classname="com.jack.task.Faegredrinker" name="run" time="10.987"/>
  <system-out/>
  <testcase classname="com.jack.task.Faegredrinker" name="run" time="10.322"/>
  <system-out/>
  <testcase classname="com.jack.task.Faegredrinker" name="run" time="3.207"/>
  <system-out/>
  <testcase classname="com.jack.task.Faegredrinker" name="run" time="3.073"/>
  <system-out/>
  <testcase classname="com.jack.task.Faegredrinker" name="run" time="3.299"/>
  <system-out/>
  <testcase classname="com.jack.task.Faegredrinker" name="run" time="3.701"/>
  <system-out/>
  <testcase classname="com.jack.task.Faegredrinker" name="run" time="3.139"/>
  <system-out/>
  <testcase classname="com.jack.task.Faegredrinker" name="run" time="7.341"/>
  <system-out/>
  <testcase classname="com.jack.task.Faegredrinker" name="run" time="11.130"/>
  <system-out/>
  <testcase classname="com.jack.task.Faegredrinker" name="run" time="3.729"/>
  <system-out/>
  <testcase classname="com.jack.task.Faegredrinker" name="run" time="10.228"/>
  <system-out/>
  <testcase classname="com.jack.task.Faegredrinker" name="run" time="8.473"/>
  <system-out/>
  <testcase classname="com.jack.task.Faegredrinker" name="run" time="4.409"/>
  <system-out/>
  <testcase classname="com.jack.task.Faegredrinker" name="run" time="3.327"/>
  <system-out/>
  <testcase classname="com.jack.task.Faegredrinker" name="run" time="3.562"/>
  <system-out/>
  <testcase classname="com.jack.task.Faegredrinker" name="run" time="12.484"/>
  <system-out/>
  <testcase classname="com.jack.task.Faegredrinker" name="run" time="3.790"/>
  <system-out/>
  <testcase classname="com.jack.task.Faegredrinker" name="run" time="6.358"/>
  <system-out/>
  <testcase classname="com.jack.task.Faegredrinker" name="run" time="6.958"/>
  <system-out/>
  <testcase classname="com.jack.task.Faegredrinker" name="run" time="3.742"/>
  <system-out/>
  <testcase classname="com.jack.task.Faegredrinker" name="run" time="5.440"/>
  <system-out/>
  <testcase classname="com.jack.task.Faegredrinker" name="run" time="15.545"/>
  <system-out/>
  <testcase classname="com.jack.task.Faegredrinker" name="run" time="5.989"/>
  <system-out/>
  <testcase classname="com.jack.task.Faegredrinker" name="run" time="3.464"/>
  <system-out/>
  <testcase classname="com.jack.task.Faegredrinker" name="run" time="3.930"/>
  <system-out/>
  <testcase classname="com.jack.task.Faegredrinker" name="run" time="6.161"/>
  <system-out/>
  <testcase classname="com.jack.task.Faegredrinker" name="run" time="3.791"/>
  <system-out/>
  <testcase classname="com.jack.task.Faegredrinker" name="run" time="15.363"/>
  <system-out/>
  <testcase classname="com.jack.task.Faegredrinker" name="run" time="3.044"/>
  <system-out/>
  <testcase classname="com.jack.task.Faegredrinker" name="run" time="11.576"/>
  <system-out/>
  <testcase classname="com.jack.task.Faegredrinker" name="run" time="3.927"/>
  <system-out/>
  <testcase classname="com.jack.task.Faegredrinker" name="run" time="6.340"/>
  <system-out/>
  <testcase classname="com.jack.task.Faegredrinker" name="run" time="3.348"/>
  <system-out/>
  <testcase classname="com.jack.task.Faegredrinker" name="run" time="15.771"/>
  <system-out/>
  <testcase classname="com.jack.task.Faegredrinker" name="run" time="12.280"/>
  <system-out/>
  <testcase classname="com.jack.task.Faegredrinker" name="run" time="10.080"/>
  <system-out/>
  <testcase classname="com.jack.task.Faegredrinker" name="run" time="13.949"/>
  <system-out/>
  <testcase classname="com.jack.task.Faegredrinker" name="run" time="13.154"/>
  <system-out/>
  <testcase classname="com.jack.task.Faegredrinker" name="run" time="3.052"/>
  <system-out/>
  <testcase classname="com.jack.task.Faegredrinker" name="run" time="13.058"/>
  <system-out/>
  <testcase classname="com.jack.task.Faegredrinker" name="run" time="2.797"/>
  <system-out/>
  <testcase classname="com.jack.task.Faegredrinker" name="run" time="12.805"/>
  <system-out/>
  <testcase classname="com.jack.task.Faegredrinker" name="run" time="5.743"/>
  <system-out/>
  <testcase classname="com.jack.task.Faegredrinker" name="run" time="6.721"/>
  <system-out/>
  <testcase classname="com.jack.task.Faegredrinker" name="run" time="4.900"/>
  <system-out/>
  <testcase classname="com.jack.task.Faegredrinker" name="run" time="7.028"/>
  <system-out/>
  <testcase classname="com.jack.task.Faegredrinker" name="run" time="3.395"/>
  <system-out/>
  <testcase classname="com.jack.task.Faegredrinker" name="run" time="4.910"/>
  <system-out/>
  <testcase classname="com.jack.task.Faegredrinker" name="run" time="6.080"/>
  <system-out/>
  <testcase classname="com.jack.task.Faegredrinker" name="run" time="15.390"/>
  <system-out/>
  <testcase classname="com.jack.task.Faegredrinker" name="run" time="12.400"/>
  <system-out/>
  <testcase classname="com.jack.task.Faegredrinker" name="run" time="4.090"/>
  <system-out/>
  <testcase classname="com.jack.task.Faegredrinker" name="run" time="5.448"/>
  <system-out/>
  <testcase classname="com.jack.task.Faegredrinker" name="run" time="14.198"/>
  <system-out/>
  <testcase classname="com.jack.task.Faegredrinker" name="run" time="12.558"/>
  <system-out/>
  <testcase classname="com.jack.task.Faegredrinker" name="run" time="3.829"/>
  <system-out/>
  <testcase classname="com.jack.task.Faegredrinker" name="run" time="6.679"/>
  <system-out/>
  <testcase classname="com.jack.task.Faegredrinker" name="run" time="18.734"/>
  <system-out/>
  <testcase classname="com.jack.task.Faegredrinker" name="run" time="9.076"/>
  <system-out/>
  <testcase classname="com.jack.task.Faegredrinker" name="run" time="4.326"/>
  <system-out/>
  <testcase classname="com.jack.task.Faegredrinker" name="run" time="5.404"/>
  <system-out/>
  <testcase classname="com.jack.task.Faegredrinker" name="run" time="18.596"/>
  <system-out/>
  <testcase classname="com.jack.task.Faegredrinker" name="run" time="5.105"/>
  <system-out/>
  <testcase classname="com.jack.task.Faegredrinker" name="run" time="19.345"/>
  <system-out/>
  <testcase classname="com.jack.task.Faegredrinker" name="run" time="5.133"/>
  <system-out/>
  <testcase classname="com.jack.task.Faegredrinker" name="run" time="5.890"/>
  <system-out/>
  <testcase classname="com.jack.task.Faegredrinker" name="run" time="5.430"/>
  <system-out/>
  <testcase classname="com.jack.task.Faegredrinker" name="run" time="13.688"/>
  <system-out/>
  <testcase classname="com.jack.task.Faegredrinker" name="run" time="13.833"/>
  <system-out/>
  <testcase classname="com.jack.task.Faegredrinker" name="run" time="4.118"/>
  <system-out/>
  <testcase classname="com.jack.task.Faegredrinker" name="run" time="5.535"/>
  <system-out/>
  <testcase classname="com.jack.task.Faegredrinker" name="run" time="13.672"/>
  <system-out/>
  <testcase classname="com.jack.task.Faegredrinker" name="run" time="5.066"/>
  <system-out/>
  <testcase classname="com.jack.task.Faegredrinker" name="run" time="4.675"/>
  <system-out/>
  <testcase classname="com.jack.task.Faegredrinker" name="run" time="3.499"/>
  <system-out/>
  <testcase classname="com.jack.task.Faegredrinker" name="run" time="3.720"/>
  <system-out/>
  <testcase classname="com.jack.task.Faegredrinker" name="run" time="6.336"/>
  <system-out/>
  <testcase classname="com.jack.task.Faegredrinker" name="run" time="8.471"/>
  <system-out/>
  <testcase classname="com.jack.task.Faegredrinker" name="run" time="3.787"/>
  <system-out/>
  <testcase classname="com.jack.task.Faegredrinker" name="run" time="5.127"/>
  <system-out/>
  <testcase classname="com.jack.task.Faegredrinker" name="run" time="3.296"/>
  <system-out/>
  <testcase classname="com.jack.task.Faegredrinker" name="run" time="13.849"/>
  <system-out/>
  <testcase classname="com.jack.task.Faegredrinker" name="run" time="15.462"/>
  <system-out/>
  <testcase classname="com.jack.task.Faegredrinker" name="run" time="2.820"/>
  <system-out/>
  <testcase classname="com.jack.task.Faegredrinker" name="run" time="6.785"/>
  <system-out/>
  <testcase classname="com.jack.task.Faegredrinker" name="run" time="12.786"/>
  <system-out/>
  <testcase classname="com.jack.task.Faegredrinker" name="run" time="4.384"/>
  <system-out/>
  <testcase classname="com.jack.task.Faegredrinker" name="run" time="6.691"/>
  <system-out/>
  <testcase classname="com.jack.task.Faegredrinker" name="run" time="11.995"/>
  <system-out/>
  <testcase classname="com.jack.task.Faegredrinker" name="run" time="4.951"/>
  <system-out/>
  <testcase classname="com.jack.task.Faegredrinker" name="run" time="6.052"/>
  <system-out/>
  <testcase classname="com.jack.task.Faegredrinker" name="run" time="4.746"/>
  <system-out/>
  <testcase classname="com.jack.task.Faegredrinker" name="run" time="3.411"/>
  <system-out/>
  <testcase classname="com.jack.task.Faegredrinker" name="run" time="12.088"/>
  <system-out/>
  <testcase classname="com.jack.task.Faegredrinker" name="run" time="5.838"/>
  <system-out/>
  <testcase classname="com.jack.task.Faegredrinker" name="run" time="11.421"/>
  <system-out/>
  <testcase classname="com.jack.task.Faegredrinker" name="run" time="6.341"/>
  <system-out/>
  <testcase classname="com.jack.task.Faegredrinker" name="run" time="7.526"/>
  <system-out/>
  <testcase classname="com.jack.task.Faegredrinker" name="run" time="18.605"/>
  <system-out/>
  <testcase classname="com.jack.task.Faegredrinker" name="run" time="12.178"/>
  <system-out/>
  <testcase classname="com.jack.task.Faegredrinker" name="run" time="14.485"/>
  <system-out/>
  <testcase classname="com.jack.task.Faegredrinker" name="run" time="4.798"/>
  <system-out/>
  <testcase classname="com.jack.task.Faegredrinker" name="run" time="7.238"/>
  <system-out/>
  <testcase classname="com.jack.task.Faegredrinker" name="run" time="6.921"/>
  <system-out/>
  <testcase classname="com.jack.task.Faegredrinker" name="run" time="3.150"/>
  <system-out/>
  <testcase classname="com.jack.task.Faegredrinker" name="run" time="7.075"/>
  <system-out/>
  <testcase classname="com.jack.task.Faegredrinker" name="run" time="3.192"/>
  <system-out/>
  <testcase classname="com.jack.task.Faegredrinker" name="run" time="3.880"/>
  <system-out/>
  <testcase classname="com.jack.task.Faegredrinker" name="run" time="4.870"/>
  <system-out/>
[...]
  <system-out/>
  <testcase classname="com.jack.task.Faegredrinker" name="run" time="5.705"/>
  <system-out/>
  <testcase classname="com.jack.task.Faegredrinker" name="run" time="4.159"/>
  <system-out/>
  <testcase classname="com.jack.task.Faegredrinker" name="run" time="12.330"/>
  <system-out/>
  <testcase classname="com.jack.task.Faegredrinker" name="run" time="12.377"/>
  <system-out/>
  <testcase classname="com.jack.task.Faegredrinker" name="run" time="6.391"/>
  <system-out/>
  <testcase classname="com.jack.task.Faegredrinker" name="run" time="15.404"/>
  <system-out/>
  <testcase classname="com.jack.task.Faegredrinker" name="run" time="12.242"/>
  <system-out/>
  <testcase classname="com.jack.task.Faegredrinker" name="run" time="13.247"/>
  <system-out/>
  <testcase classname="com.jack.task.Faegredrinker" name="run" time="3.874"/>
  <system-out/>
  <testcase classname="com.jack.task.Faegredrinker" name="run" time="5.912"/>
  <system-out/>
  <testcase classname="com.jack.task.Faegredrinker" name="run" time="15.721"/>
  <system-out/>
  <testcase classname="com.jack.task.Faegredrinker" name="run" time="7.912"/>
  <system-out/>
  <testcase classname="com.jack.task.Faegredrinker" name="run" time="6.011"/>
  <system-out/>
  <testcase classname="com.jack.task.Faegredrinker" name="run" time="3.829"/>
  <system-out/>
  <testcase classname="com.jack.task.Faegredrinker" name="run" time="4.364"/>
  <system-out/>
  <testcase classname="com.jack.task.Faegredrinker" name="run" time="4.236"/>
  <system-out/>
  <testcase classname="com.jack.task.Faegredrinker" name="run" time="5.953"/>
  <system-out/>
  <testcase classname="com.jack.task.Faegredrinker" name="run" time="12.655"/>
  <system-out/>
  <testcase classname="com.jack.task.Faegredrinker" name="run" time="3.823"/>
  <system-out/>
  <testcase classname="com.jack.task.Faegredrinker" name="run" time="12.159"/>
  <system-out/>
  <testcase classname="com.jack.task.Faegredrinker" name="run" time="2.514"/>
  <system-out/>
  <testcase classname="com.jack.task.Faegredrinker" name="run" time="13.722"/>
  <system-out/>
  <testcase classname="com.jack.task.Faegredrinker" name="run" time="6.309"/>
  <system-out/>
  <testcase classname="com.jack.task.Faegredrinker" name="run" time="14.133"/>
  <system-out/>
  <testcase classname="com.jack.task.Faegredrinker" name="run" time="13.317"/>
  <system-out/>
  <testcase classname="com.jack.task.Faegredrinker" name="run" time="11.972"/>
  <system-out/>
  <testcase classname="com.jack.task.Faegredrinker" name="run" time="6.136"/>
  <system-out/>
  <testcase classname="com.jack.task.Faegredrinker" name="run" time="10.996"/>
  <system-out/>
  <testcase classname="com.jack.task.Faegredrinker" name="run" time="2.452"/>
  <system-out/>
  <testcase classname="com.jack.task.Faegredrinker" name="run" time="6.303"/>
  <system-out/>
  <testcase classname="com.jack.task.Faegredrinker" name="run" time="14.407"/>
  <system-out/>
  <testcase classname="com.jack.task.Faegredrinker" name="run" time="3.431"/>
  <system-out/>
  <testcase classname="com.jack.task.Faegredrinker" name="run" time="11.833"/>
  <system-out/>
  <testcase classname="com.jack.task.Faegredrinker" name="run" time="13.277"/>
  <system-out/>
  <testcase classname="com.jack.task.Faegredrinker" name="run" time="6.205"/>
  <system-out/>
  <testcase classname="com.jack.task.Faegredrinker" name="run" time="3.546"/>
  <system-out/>
  <testcase classname="com.jack.task.Faegredrinker" name="run" time="21.336"/>
  <system-out/>
  <testcase classname="com.jack.task.Faegredrinker" name="run" time="3.605"/>
  <system-out/>
  <testcase classname="com.jack.task.Faegredrinker" name="run" time="5.014"/>
  <system-out/>
  <testcase classname="com.jack.task.Faegredrinker" name="run" time="4.173"/>
  <system-out/>
  <testcase classname="com.jack.task.Faegredrinker" name="run" time="3.340"/>
  <system-out/>
  <testcase classname="com.jack.task.Faegredrinker" name="run" time="3.643"/>
  <system-out/>
  <testcase classname="com.jack.task.Faegredrinker" name="run" time="3.282"/>
  <system-out/>
  <testcase classname="com.jack.task.Faegredrinker" name="run" time="10.803"/>
  <system-out/>
  <testcase classname="com.jack.task.Faegredrinker" name="run" time="4.721"/>
  <system-out/>
  <testcase classname="com.jack.task.Faegredrinker" name="run" time="5.413"/>
  <system-out/>
  <testcase classname="com.jack.task.Faegredrinker" name="run" time="6.615"/>
  <system-out/>
  <testcase classname="com.jack.task.Faegredrinker" name="run" time="4.960"/>
  <system-out/>
  <testcase classname="com.jack.task.Faegredrinker" name="run" time="14.761"/>
  <system-out/>
  <testcase classname="com.jack.task.Faegredrinker" name="run" time="5.500"/>
  <system-out/>
  <testcase classname="com.jack.task.Faegredrinker" name="run" time="6.501"/>
  <system-out/>
  <testcase classname="com.jack.task.Faegredrinker" name="run" time="13.535"/>
  <system-out/>
  <testcase classname="com.jack.task.Faegredrinker" name="run" time="5.588"/>
  <system-out/>
  <testcase classname="com.jack.task.Faegredrinker" name="run" time="6.240"/>
  <system-out/>
  <testcase classname="com.jack.task.Faegredrinker" name="run" time="5.644"/>
  <system-out/>
  <testcase classname="com.jack.task.Faegredrinker" name="run" time="12.792"/>
  <system-out/>
  <testcase classname="com.jack.task.Faegredrinker" name="run" time="3.274"/>
  <system-out/>
  <testcase classname="com.jack.task.Faegredrinker" name="run" time="5.788"/>
  <system-out/>
  <testcase classname="com.jack.task.Faegredrinker" name="run" time="4.432"/>
  <system-out/>
  <testcase classname="com.jack.task.Faegredrinker" name="run" time="4.471"/>
  <system-out/>
  <testcase classname="com.jack.task.Faegredrinker" name="run" time="17.185"/>
  <system-out/>
  <testcase classname="com.jack.task.Faegredrinker" name="run" time="3.449"/>
  <system-out/>
  <testcase classname="com.jack.task.Faegredrinker" name="run" time="6.921"/>
  <system-out/>
  <testcase classname="com.jack.task.Faegredrinker" name="run" time="3.602"/>
  <system-out/>
  <testcase classname="com.jack.task.Faegredrinker" name="run" time="5.320"/>
  <system-out/>
  <testcase classname="com.jack.task.Faegredrinker" name="run" time="7.954"/>
  <system-out/>
  <testcase classname="com.jack.task.Faegredrinker" name="run" time="4.186"/>
  <system-out/>
  <testcase classname="com.jack.task.Faegredrinker" name="run" time="2.787"/>
  <system-out/>
  <testcase classname="com.jack.task.Faegredrinker" name="run" time="7.609"/>
  <system-out/>
  <testcase classname="com.jack.task.Faegredrinker" name="run" time="5.266"/>
  <system-out/>
  <testcase classname="com.jack.task.Faegredrinker" name="run" time="2.764"/>
  <system-out/>
  <testcase classname="com.jack.task.Faegredrinker" name="run" time="16.457"/>
  <system-out/>
  <testcase classname="com.jack.task.Faegredrinker" name="run" time="7.477"/>
  <system-out/>
  <testcase classname="com.jack.task.Faegredrinker" name="run" time="7.990"/>
  <system-out/>
  <testcase classname="com.jack.task.Faegredrinker" name="run" time="2.992"/>
  <system-out/>
  <testcase classname="com.jack.task.Faegredrinker" name="run" time="7.728"/>
  <system-out/>
  <testcase classname="com.jack.task.Faegredrinker" name="run" time="12.370"/>
  <system-out/>
  <testcase classname="com.jack.task.Faegredrinker" name="run" time="3.659"/>
  <system-out/>
  <testcase classname="com.jack.task.Faegredrinker" name="run" time="5.406"/>
  <system-out/>
  <testcase classname="com.jack.task.Faegredrinker" name="run" time="8.780"/>
  <system-out/>
  <testcase classname="com.jack.task.Faegredrinker" name="run" time="3.420"/>
  <system-out/>
  <testcase classname="com.jack.task.Faegredrinker" name="run" time="9.906"/>
  <system-out/>
  <testcase classname="com.jack.task.Faegredrinker" name="run" time="12.552"/>
  <system-out/>
  <testcase classname="com.jack.task.Faegredrinker" name="run" time="4.993"/>
  <system-out/>
  <testcase classname="com.jack.task.Faegredrinker" name="run" time="2.924"/>
  <system-out/>
  <testcase classname="com.jack.task.Faegredrinker" name="run" time="18.145"/>
  <system-out/>
  <testcase classname="com.jack.task.Faegredrinker" name="run" time="4.290"/>
  <system-out/>
  <testcase classname="com.jack.task.Faegredrinker" name="run" time="12.245"/>
  <system-out/>
  <testcase classname="com.jack.task.Faegredrinker" name="run" time="3.716"/>
  <system-out/>
  <testcase classname="com.jack.task.Faegredrinker" name="run" time="6.818"/>
  <system-out/>
  <testcase classname="com.jack.task.Faegredrinker" name="run" time="17.869"/>
  <system-out/>
  <testcase classname="com.jack.task.Faegredrinker" name="run" time="14.917"/>
  <system-out/>
  <testcase classname="com.jack.task.Faegredrinker" name="run" time="11.447"/>
  <system-out/>
  <testcase classname="com.jack.task.Faegredrinker" name="run" time="3.355"/>
  <system-out/>
  <testcase classname="com.jack.task.Faegredrinker" name="run" time="4.917"/>
  <system-out/>
  <testcase classname="com.jack.task.Faegredrinker" name="run" time="13.559"/>
  <system-out/>
  <testcase classname="com.jack.task.Faegredrinker" name="run" time="4.862"/>
  <system-out/>
  <testcase classname="com.jack.task.Faegredrinker" name="run" time="8.404"/>
  <system-out/>
  <testcase classname="com.jack.task.Faegredrinker" name="run" time="12.168"/>
  <system-out/>
  <testcase classname="com.jack.task.Faegredrinker" name="run" time="5.631"/>
  <system-out/>
  <testcase classname="com.jack.task.Faegredrinker" name="run" time="15.126"/>
  <system-out/>
  <testcase classname="com.jack.task.Faegredrinker" name="run" time="15.868"/>
  <system-out/>
  <testcase classname="com.jack.task.Faegredrinker" name="run" time="3.786"/>
  <system-out/>
  <testcase classname="com.jack.task.Faegredrinker" name="run" time="6.316"/>
  <system-out/>
  <testcase classname="com.jack.task.Faegredrinker" name="run" time="5.349"/>
  <system-out/>
  <testcase classname="com.jack.task.Faegredrinker" name="run" time="14.157"/>
  <system-out/>
  <testcase classname="com.jack.task.Faegredrinker" name="run" time="6.198"/>
  <system-out/>
  <testcase classname="com.jack.task.Faegredrinker" name="run" time="11.988"/>
  <system-out/>
  <testcase classname="com.jack.task.Faegredrinker" name="run" time="3.877"/>
  <system-out/>
  <testcase classname="com.jack.task.Faegredrinker" name="run" time="4.232"/>
  <system-out/>
  <testcase classname="com.jack.task.Faegredrinker" name="run" time="7.128"/>
  <system-out/>
  <testcase classname="com.jack.task.Faegredrinker" name="run" time="4.117"/>
  <system-out/>
  <testcase classname="com.jack.task.Faegredrinker" name="run" time="4.320"/>
  <system-out/>
  <testcase classname="com.jack.task.Faegredrinker" name="run" time="15.101"/>
  <system-out/>
  <testcase classname="com.jack.task.Faegredrinker" name="run" time="3.907"/>
  <system-out/>
  <testcase classname="com.jack.task.Faegredrinker" name="run" time="3.255"/>
  <system-out/>
  <testcase classname="com.jack.task.Faegredrinker" name="run" time="2.475"/>
  <system-out/>
  <testcase classname="com.jack.task.Faegredrinker" name="run" time="15.185"/>
  <system-out/>
  <testcase classname="com.jack.task.Faegredrinker" name="run" time="4.890"/>
  <system-out/>
  <testcase classname="com.jack.task.Faegredrinker" name="run" time="5.286"/>
  <system-out/>
  <testcase classname="com.jack.task.Faegredrinker" name="run" time="5.172"/>
  <system-out/>
  <testcase classname="com.jack.task.Faegredrinker" name="run" time="5.697"/>
  <system-out/>
  <testcase classname="com.jack.task.Faegredrinker" name="run" time="4.323"/>
  <system-out/>
  <testcase classname="com.jack.task.Faegredrinker" name="run" time="8.780"/>
  <system-out/>
  <testcase classname="com.jack.task.Faegredrinker" name="run" time="2.727"/>
  <system-out/>
  <testcase classname="com.jack.task.Faegredrinker" name="run" time="3.784"/>
  <system-out/>
  <testcase classname="com.jack.task.Faegredrinker" name="run" time="6.754"/>
  <system-out/>
  <testcase classname="com.jack.task.Faegredrinker" name="run" time="10.478"/>
  <system-out/>
  <testcase classname="com.jack.task.Faegredrinker" name="run" time="3.033"/>
  <system-out/>
  <testcase classname="com.jack.task.Faegredrinker" name="run" time="3.131"/>
  <system-out/>
  <testcase classname="com.jack.task.Faegredrinker" name="run" time="2.787"/>
  <system-out/>
  <testcase classname="com.jack.task.Faegredrinker" name="run" time="6.092"/>
  <system-out/>
  <testcase classname="com.jack.task.Faegredrinker" name="run" time="5.344"/>
  <system-out/>
  <testcase classname="com.jack.task.Faegredrinker" name="run" time="7.606"/>
  <system-out/>
  <testcase classname="com.jack.task.Faegredrinker" name="run" time="14.647"/>
  <system-out/>
  <testcase classname="com.jack.task.Faegredrinker" name="run" time="5.513"/>
  <system-out/>
  <testcase classname="com.jack.task.Faegredrinker" name="run" time="8.794"/>
  <system-out/>
  <testcase classname="com.jack.task.Faegredrinker" name="run" time="14.679"/>
  <system-out/>
  <testcase classname="com.jack.task.Faegredrinker" name="run" time="6.504"/>
  <system-out/>
  <testcase classname="com.jack.task.Faegredrinker" name="run" time="5.870"/>
  <system-out/>
  <testcase classname="com.jack.task.Faegredrinker" name="run" time="7.242"/>
  <system-out/>
  <testcase classname="com.jack.task.Faegredrinker" name="run" time="4.527"/>
  <system-out/>
  <testcase classname="com.jack.task.Faegredrinker" name="run" time="14.604"/>
  <system-out/>
  <testcase classname="com.jack.task.Faegredrinker" name="run" time="5.392"/>
  <system-out/>
  <testcase classname="com.jack.task.Faegredrinker" name="run" time="4.914"/>
  <system-out/>
  <testcase classname="com.jack.task.Faegredrinker" name="run" time="12.547"/>
  <system-out/>
  <testcase classname="com.jack.task.Faegredrinker" name="run" time="7.253"/>
  <system-out/>
  <testcase classname="com.jack.task.Faegredrinker" name="run" time="13.902"/>
  <system-out/>
  <testcase classname="com.jack.task.Faegredrinker" name="run" time="3.884"/>
  <system-out/>
  <testcase classname="com.jack.task.Faegredrinker" name="run" time="15.467"/>
  <system-out/>
  <testcase classname="com.jack.task.Faegredrinker" name="run" time="13.459"/>
  <system-out/>
  <testcase classname="com.jack.task.Faegredrinker" name="run" time="14.820"/>
  <system-out/>
  <testcase classname="com.jack.task.Faegredrinker" name="run" time="7.981"/>
  <system-out/>
  <testcase classname="com.jack.task.Faegredrinker" name="run" time="3.336"/>
  <system-out/>
  <testcase classname="com.jack.task.Faegredrinker" name="run" time="5.735"/>
  <system-out/>
  <testcase classname="com.jack.task.Faegredrinker" name="run" time="12.689"/>
  <system-out/>
  <testcase classname="com.jack.task.Faegredrinker" name="run" time="10.769"/>
  <system-out/>
  <testcase classname="com.jack.task.Faegredrinker" name="run" time="4.592"/>
  <system-out/>
  <testcase classname="com.jack.task.Faegredrinker" name="run" time="5.054"/>
  <system-out/>
  <testcase classname="com.jack.task.Faegredrinker" name="run" time="5.307"/>
  <system-out/>
  <testcase classname="com.jack.task.Faegredrinker" name="run" time="13.976"/>
  <system-out/>
  <testcase classname="com.jack.task.Faegredrinker" name="run" time="6.458"/>
  <system-out/>
  <testcase classname="com.jack.task.Faegredrinker" name="run" time="3.081"/>
  <system-out/>
  <testcase classname="com.jack.task.Faegredrinker" name="run" time="14.637"/>
  <system-out/>
  <testcase classname="com.jack.task.Faegredrinker" name="run" time="3.794"/>
  <system-out/>
  <testcase classname="com.jack.task.Faegredrinker" name="run" time="6.748"/>
  <system-out/>
  <testcase classname="com.jack.task.Faegredrinker" name="run" time="14.914"/>
  <system-out/>
  <testcase classname="com.jack.task.Faegredrinker" name="run" time="3.706"/>
  <system-out/>
  <testcase classname="com.jack.task.Faegredrinker" name="run" time="12.259"/>
  <system-out/>
  <testcase classname="com.jack.task.Faegredrinker" name="run" time="6.496"/>
  <system-out/>
  <testcase classname="com.jack.task.Faegredrinker" name="run" time="6.477"/>
  <system-out/>
  <testcase classname="com.jack.task.Faegredrinker" name="run" time="6.708"/>
  <system-out/>
  <testcase classname="com.jack.task.Faegredrinker" name="run" time="11.686"/>
  <system-out/>
  <testcase classname="com.jack.task.Faegredrinker" name="run" time="5.529"/>
  <system-out/>
  <testcase classname="com.jack.task.Faegredrinker" name="run" time="8.028"/>
  <system-out/>
  <testcase classname="com.jack.task.Faegredrinker" name="run" time="4.332"/>
  <system-out/>
  <testcase classname="com.jack.task.Faegredrinker" name="run" time="7.398"/>
  <system-out/>
  <testcase classname="com.jack.task.Faegredrinker" name="run" time="2.701"/>
  <system-out/>
  <testcase classname="com.jack.task.Faegredrinker" name="run" time="3.336"/>
  <system-out/>
  <testcase classname="com.jack.task.Faegredrinker" name="run" time="7.255"/>
  <system-out/>
  <testcase classname="com.jack.task.Faegredrinker" name="run" time="6.040"/>
  <system-out/>
  <testcase classname="com.jack.task.Faegredrinker" name="run" time="3.579"/>
  <system-out/>
  <testcase classname="com.jack.task.Faegredrinker" name="run" time="6.619"/>
  <system-out/>
  <testcase classname="com.jack.task.Faegredrinker" name="run" time="6.257"/>
  <system-out/>
  <testcase classname="com.jack.task.Faegredrinker" name="run" time="13.497"/>
  <system-out/>
  <testcase classname="com.jack.task.Faegredrinker" name="run" time="14.009"/>
  <system-out/>
  <testcase classname="com.jack.task.Faegredrinker" name="run" time="11.197"/>
  <system-out/>
  <testcase classname="com.jack.task.Faegredrinker" name="run" time="6.089"/>
  <system-out/>
  <testcase classname="com.jack.task.Faegredrinker" name="run" time="15.272"/>
  <system-out/>
  <testcase classname="com.jack.task.Faegredrinker" name="run" time="12.054"/>
  <system-out/>
  <testcase classname="com.jack.task.Faegredrinker" name="run" time="3.394"/>
  <system-out/>
  <testcase classname="com.jack.task.Faegredrinker" name="run" time="6.918"/>
  <system-out/>
  <testcase classname="com.jack.task.Faegredrinker" name="run" time="12.591"/>
  <system-out/>
  <testcase classname="com.jack.task.Faegredrinker" name="run" time="13.426"/>
  <system-out/>
  <testcase classname="com.jack.task.Faegredrinker" name="run" time="11.852"/>
  <system-out/>
  <testcase classname="com.jack.task.Faegredrinker" name="run" time="5.471"/>
  <system-out/>
  <testcase classname="com.jack.task.Faegredrinker" name="run" time="4.100"/>
  <system-out/>
  <testcase classname="com.jack.task.Faegredrinker" name="run" time="5.319"/>
  <system-out/>
  <testcase classname="com.jack.task.Faegredrinker" name="run" time="5.737"/>
  <system-out/>
  <testcase classname="com.jack.task.Faegredrinker" name="run" time="6.073"/>
  <system-out/>
  <testcase classname="com.jack.task.Faegredrinker" name="run" time="5.036"/>
  <system-out/>
  <testcase classname="com.jack.task.Faegredrinker" name="run" time="3.252"/>
  <system-out/>
  <testcase classname="com.jack.task.Faegredrinker" name="run" time="6.439"/>
  <system-out/>
  <testcase classname="com.jack.task.Faegredrinker" name="run" time="11.307"/>
  <system-out/>
  <testcase classname="com.jack.task.Faegredrinker" name="run" time="2.986"/>
  <system-out/>
  <testcase classname="com.jack.task.Faegredrinker" name="run" time="3.845"/>
  <system-out/>
  <testcase classname="com.jack.task.Faegredrinker" name="run" time="4.156"/>
  <system-out/>
  <testcase classname="com.jack.task.Faegredrinker" name="run" time="4.010"/>
  <system-out/>
  <testcase classname="com.jack.task.Faegredrinker" name="run" time="5.880"/>
  <system-out/>
  <testcase classname="com.jack.task.Faegredrinker" name="run" time="4.877"/>
  <system-out/>
  <testcase classname="com.jack.task.Faegredrinker" name="run" time="13.684"/>
  <system-out/>
</testsuite> <!-- com.jack.task.Faegredrinker -->
